INFO:  latexindent.pl version 3.24.4, 2024-07-18, a script to indent .tex files
       latexindent.pl lives here: /nix/store/n170p0fiily4lcr7agswvzm84fyzi2jx-latexindent-3.24.4-tex/scripts/latexindent/
       Wed Mar 19 14:55:59 2025
       Reading input from STDIN
INFO:  Processing switches:
INFO:  Directory for backup files and log file indent.log:
       .
INFO:  Perl modules are being loaded from the following directories:
       /nix/store/smsx4nix1lhrh2rsv3dq6lmpwr17y5q4-perl-5.40.0/lib/perl5/5.40.0/FindBin.pm
       /nix/store/ga16r6hd4f8pkydrfzhcq46drj2ri2r2-perl-5.40.0-env/lib/perl5/site_perl/5.40.0/YAML/Tiny.pm
       /nix/store/smsx4nix1lhrh2rsv3dq6lmpwr17y5q4-perl-5.40.0/lib/perl5/5.40.0/File/Copy.pm
       /nix/store/smsx4nix1lhrh2rsv3dq6lmpwr17y5q4-perl-5.40.0/lib/perl5/5.40.0/File/Basename.pm
       /nix/store/smsx4nix1lhrh2rsv3dq6lmpwr17y5q4-perl-5.40.0/lib/perl5/5.40.0/Getopt/Long.pm
       /nix/store/ga16r6hd4f8pkydrfzhcq46drj2ri2r2-perl-5.40.0-env/lib/perl5/site_perl/5.40.0/File/HomeDir.pm
INFO:  LatexIndent perl modules are being loaded from, for example:
       /nix/store/n170p0fiily4lcr7agswvzm84fyzi2jx-latexindent-3.24.4-tex/scripts/latexindent/LatexIndent/Document.pm
INFO:  YAML settings read: defaultSettings.yaml
       Reading defaultSettings.yaml from /nix/store/n170p0fiily4lcr7agswvzm84fyzi2jx-latexindent-3.24.4-tex/scripts/latexindent/defaultSettings.yaml
INFO:  YAML reading settings
       Home directory is /home/incog267
       latexindent.pl didn't find indentconfig.yaml or .indentconfig.yaml
       see all possible locations: https://latexindentpl.readthedocs.io/en/latest/sec-appendices.html#indentconfig-options)
INFO:  -l switch used without filename, will search for the following files in turn:
       localSettings.yaml,latexindent.yaml,.localSettings.yaml,.latexindent.yaml
INFO:  YAML settings read: -l switch
       Multiple localSettings found, separated by commas:
       localSettings.yaml, latexindent.yaml, .localSettings.yaml, .latexindent.yaml
WARN:  yaml file not found: localSettings.yaml not found. Proceeding without it.
WARN:  yaml file not found: latexindent.yaml not found. Proceeding without it.
WARN:  yaml file not found: .localSettings.yaml not found. Proceeding without it.
WARN:  yaml file not found: .latexindent.yaml not found. Proceeding without it.
INFO:  Phase 1: searching for objects
INFO:  Phase 2: finding surrounding indentation
INFO:  Phase 3: indenting objects
INFO:  Phase 4: final indentation check
INFO:  Output routine:
       Not outputting to file; see -w and -o switches for more options.
       --------------
INFO:  Please direct all communication/issues to:
        https://github.com/cmhughes/latexindent.pl
