This is pdfTeX, Version 3.141592653-2.6-1.40.26 (TeX Live 2024/nixos.org) (preloaded format=pdflatex 1980.1.1)  26 MAR 2025 16:38
entering extended mode
 restricted \write18 enabled.
 file:line:error style messages enabled.
 %&-line parsing enabled.
**/home/incog267/clones/notes/fundElec/notes-udst/md/mt8/tex-udst/main.tex
(/home/incog267/clones/notes/fundElec/notes-udst/md/mt8/tex-udst/main.tex
LaTeX2e <2024-11-01> patch level 2
L3 programming layer <2025-01-18>
(/nix/store/lavaqw85ixs41sv6hv8qfzksj8n12r3w-texlive-combined-full-2024-final-texmfdist/tex/latex/base/article.cls
Document Class: article 2024/06/29 v1.4n Standard LaTeX document class
(/nix/store/lavaqw85ixs41sv6hv8qfzksj8n12r3w-texlive-combined-full-2024-final-texmfdist/tex/latex/base/size10.clo
File: size10.clo 2024/06/29 v1.4n Standard LaTeX file (size option)
)
\c@part=\count196
\c@section=\count197
\c@subsection=\count198
\c@subsubsection=\count199
\c@paragraph=\count266
\c@subparagraph=\count267
\c@figure=\count268
\c@table=\count269
\abovecaptionskip=\skip49
\belowcaptionskip=\skip50
\bibindent=\dimen141
) (/nix/store/lavaqw85ixs41sv6hv8qfzksj8n12r3w-texlive-combined-full-2024-final-texmfdist/tex/latex/amsmath/amsmath.sty
Package: amsmath 2024/11/05 v2.17t AMS math features
\@mathmargin=\skip51

For additional information on amsmath, use the `?' option.
(/nix/store/lavaqw85ixs41sv6hv8qfzksj8n12r3w-texlive-combined-full-2024-final-texmfdist/tex/latex/amsmath/amstext.sty
Package: amstext 2021/08/26 v2.01 AMS text
 (/nix/store/lavaqw85ixs41sv6hv8qfzksj8n12r3w-texlive-combined-full-2024-final-texmfdist/tex/latex/amsmath/amsgen.sty
File: amsgen.sty 1999/11/30 v2.0 generic functions
\@emptytoks=\toks17
\ex@=\dimen142
)) (/nix/store/lavaqw85ixs41sv6hv8qfzksj8n12r3w-texlive-combined-full-2024-final-texmfdist/tex/latex/amsmath/amsbsy.sty
Package: amsbsy 1999/11/29 v1.2d Bold Symbols
\pmbraise@=\dimen143
) (/nix/store/lavaqw85ixs41sv6hv8qfzksj8n12r3w-texlive-combined-full-2024-final-texmfdist/tex/latex/amsmath/amsopn.sty
Package: amsopn 2022/04/08 v2.04 operator names
)
\inf@bad=\count270
LaTeX Info: Redefining \frac on input line 233.
\uproot@=\count271
\leftroot@=\count272
LaTeX Info: Redefining \overline on input line 398.
LaTeX Info: Redefining \colon on input line 409.
\classnum@=\count273
\DOTSCASE@=\count274
LaTeX Info: Redefining \ldots on input line 495.
LaTeX Info: Redefining \dots on input line 498.
LaTeX Info: Redefining \cdots on input line 619.
\Mathstrutbox@=\box52
\strutbox@=\box53
LaTeX Info: Redefining \big on input line 721.
LaTeX Info: Redefining \Big on input line 722.
LaTeX Info: Redefining \bigg on input line 723.
LaTeX Info: Redefining \Bigg on input line 724.
\big@size=\dimen144
LaTeX Font Info:    Redeclaring font encoding OML on input line 742.
LaTeX Font Info:    Redeclaring font encoding OMS on input line 743.
\macc@depth=\count275
LaTeX Info: Redefining \bmod on input line 904.
LaTeX Info: Redefining \pmod on input line 909.
LaTeX Info: Redefining \smash on input line 939.
LaTeX Info: Redefining \relbar on input line 969.
LaTeX Info: Redefining \Relbar on input line 970.
\c@MaxMatrixCols=\count276
\dotsspace@=\muskip17
\c@parentequation=\count277
\dspbrk@lvl=\count278
\tag@help=\toks18
\row@=\count279
\column@=\count280
\maxfields@=\count281
\andhelp@=\toks19
\eqnshift@=\dimen145
\alignsep@=\dimen146
\tagshift@=\dimen147
\tagwidth@=\dimen148
\totwidth@=\dimen149
\lineht@=\dimen150
\@envbody=\toks20
\multlinegap=\skip52
\multlinetaggap=\skip53
\mathdisplay@stack=\toks21
LaTeX Info: Redefining \[ on input line 2953.
LaTeX Info: Redefining \] on input line 2954.
) (/nix/store/lavaqw85ixs41sv6hv8qfzksj8n12r3w-texlive-combined-full-2024-final-texmfdist/tex/latex/circuitikz/circuitikz.sty
Package: circuitikz 2025/01/10{} The CircuiTikz circuit drawing package version 1.7.1
 (/nix/store/lavaqw85ixs41sv6hv8qfzksj8n12r3w-texlive-combined-full-2024-final-texmfdist/tex/latex/pgf/frontendlayer/tikz.sty (/nix/store/lavaqw85ixs41sv6hv8qfzksj8n12r3w-texlive-combined-full-2024-final-texmfdist/tex/latex/pgf/basiclayer/pgf.sty (/nix/store/lavaqw85ixs41sv6hv8qfzksj8n12r3w-texlive-combined-full-2024-final-texmfdist/tex/latex/pgf/utilities/pgfrcs.sty (/nix/store/lavaqw85ixs41sv6hv8qfzksj8n12r3w-texlive-combined-full-2024-final-texmfdist/tex/generic/pgf/utilities/pgfutil-common.tex
\pgfutil@everybye=\toks22
\pgfutil@tempdima=\dimen151
\pgfutil@tempdimb=\dimen152
) (/nix/store/lavaqw85ixs41sv6hv8qfzksj8n12r3w-texlive-combined-full-2024-final-texmfdist/tex/generic/pgf/utilities/pgfutil-latex.def
\pgfutil@abb=\box54
) (/nix/store/lavaqw85ixs41sv6hv8qfzksj8n12r3w-texlive-combined-full-2024-final-texmfdist/tex/generic/pgf/utilities/pgfrcs.code.tex (/nix/store/lavaqw85ixs41sv6hv8qfzksj8n12r3w-texlive-combined-full-2024-final-texmfdist/tex/generic/pgf/pgf.revision.tex)
Package: pgfrcs 2023-01-15 v3.1.10 (3.1.10)
))
Package: pgf 2023-01-15 v3.1.10 (3.1.10)
 (/nix/store/lavaqw85ixs41sv6hv8qfzksj8n12r3w-texlive-combined-full-2024-final-texmfdist/tex/latex/pgf/basiclayer/pgfcore.sty (/nix/store/lavaqw85ixs41sv6hv8qfzksj8n12r3w-texlive-combined-full-2024-final-texmfdist/tex/latex/graphics/graphicx.sty
Package: graphicx 2021/09/16 v1.2d Enhanced LaTeX Graphics (DPC,SPQR)
 (/nix/store/lavaqw85ixs41sv6hv8qfzksj8n12r3w-texlive-combined-full-2024-final-texmfdist/tex/latex/graphics/keyval.sty
Package: keyval 2022/05/29 v1.15 key=value parser (DPC)
\KV@toks@=\toks23
) (/nix/store/lavaqw85ixs41sv6hv8qfzksj8n12r3w-texlive-combined-full-2024-final-texmfdist/tex/latex/graphics/graphics.sty
Package: graphics 2024/08/06 v1.4g Standard LaTeX Graphics (DPC,SPQR)
 (/nix/store/lavaqw85ixs41sv6hv8qfzksj8n12r3w-texlive-combined-full-2024-final-texmfdist/tex/latex/graphics/trig.sty
Package: trig 2023/12/02 v1.11 sin cos tan (DPC)
) (/nix/store/lavaqw85ixs41sv6hv8qfzksj8n12r3w-texlive-combined-full-2024-final-texmfdist/tex/latex/graphics-cfg/graphics.cfg
File: graphics.cfg 2016/06/04 v1.11 sample graphics configuration
)
Package graphics Info: Driver file: pdftex.def on input line 106.
 (/nix/store/lavaqw85ixs41sv6hv8qfzksj8n12r3w-texlive-combined-full-2024-final-texmfdist/tex/latex/graphics-def/pdftex.def
File: pdftex.def 2024/04/13 v1.2c Graphics/color driver for pdftex
))
\Gin@req@height=\dimen153
\Gin@req@width=\dimen154
) (/nix/store/lavaqw85ixs41sv6hv8qfzksj8n12r3w-texlive-combined-full-2024-final-texmfdist/tex/latex/pgf/systemlayer/pgfsys.sty (/nix/store/lavaqw85ixs41sv6hv8qfzksj8n12r3w-texlive-combined-full-2024-final-texmfdist/tex/generic/pgf/systemlayer/pgfsys.code.tex
Package: pgfsys 2023-01-15 v3.1.10 (3.1.10)
 (/nix/store/lavaqw85ixs41sv6hv8qfzksj8n12r3w-texlive-combined-full-2024-final-texmfdist/tex/generic/pgf/utilities/pgfkeys.code.tex
\pgfkeys@pathtoks=\toks24
\pgfkeys@temptoks=\toks25
 (/nix/store/lavaqw85ixs41sv6hv8qfzksj8n12r3w-texlive-combined-full-2024-final-texmfdist/tex/generic/pgf/utilities/pgfkeyslibraryfiltered.code.tex
\pgfkeys@tmptoks=\toks26
))
\pgf@x=\dimen155
\pgf@y=\dimen156
\pgf@xa=\dimen157
\pgf@ya=\dimen158
\pgf@xb=\dimen159
\pgf@yb=\dimen160
\pgf@xc=\dimen161
\pgf@yc=\dimen162
\pgf@xd=\dimen163
\pgf@yd=\dimen164
\w@pgf@writea=\write3
\r@pgf@reada=\read2
\c@pgf@counta=\count282
\c@pgf@countb=\count283
\c@pgf@countc=\count284
\c@pgf@countd=\count285
\t@pgf@toka=\toks27
\t@pgf@tokb=\toks28
\t@pgf@tokc=\toks29
\pgf@sys@id@count=\count286
 (/nix/store/lavaqw85ixs41sv6hv8qfzksj8n12r3w-texlive-combined-full-2024-final-texmfdist/tex/generic/pgf/systemlayer/pgf.cfg
File: pgf.cfg 2023-01-15 v3.1.10 (3.1.10)
)
Driver file for pgf: pgfsys-pdftex.def
 (/nix/store/lavaqw85ixs41sv6hv8qfzksj8n12r3w-texlive-combined-full-2024-final-texmfdist/tex/generic/pgf/systemlayer/pgfsys-pdftex.def
File: pgfsys-pdftex.def 2023-01-15 v3.1.10 (3.1.10)
 (/nix/store/lavaqw85ixs41sv6hv8qfzksj8n12r3w-texlive-combined-full-2024-final-texmfdist/tex/generic/pgf/systemlayer/pgfsys-common-pdf.def
File: pgfsys-common-pdf.def 2023-01-15 v3.1.10 (3.1.10)
))) (/nix/store/lavaqw85ixs41sv6hv8qfzksj8n12r3w-texlive-combined-full-2024-final-texmfdist/tex/generic/pgf/systemlayer/pgfsyssoftpath.code.tex
File: pgfsyssoftpath.code.tex 2023-01-15 v3.1.10 (3.1.10)
\pgfsyssoftpath@smallbuffer@items=\count287
\pgfsyssoftpath@bigbuffer@items=\count288
) (/nix/store/lavaqw85ixs41sv6hv8qfzksj8n12r3w-texlive-combined-full-2024-final-texmfdist/tex/generic/pgf/systemlayer/pgfsysprotocol.code.tex
File: pgfsysprotocol.code.tex 2023-01-15 v3.1.10 (3.1.10)
)) (/nix/store/lavaqw85ixs41sv6hv8qfzksj8n12r3w-texlive-combined-full-2024-final-texmfdist/tex/latex/xcolor/xcolor.sty
Package: xcolor 2024/09/29 v3.02 LaTeX color extensions (UK)
 (/nix/store/lavaqw85ixs41sv6hv8qfzksj8n12r3w-texlive-combined-full-2024-final-texmfdist/tex/latex/graphics-cfg/color.cfg
File: color.cfg 2016/01/02 v1.6 sample color configuration
)
Package xcolor Info: Driver file: pdftex.def on input line 274.
 (/nix/store/lavaqw85ixs41sv6hv8qfzksj8n12r3w-texlive-combined-full-2024-final-texmfdist/tex/latex/graphics/mathcolor.ltx)
Package xcolor Info: Model `cmy' substituted by `cmy0' on input line 1349.
Package xcolor Info: Model `hsb' substituted by `rgb' on input line 1353.
Package xcolor Info: Model `RGB' extended on input line 1365.
Package xcolor Info: Model `HTML' substituted by `rgb' on input line 1367.
Package xcolor Info: Model `Hsb' substituted by `hsb' on input line 1368.
Package xcolor Info: Model `tHsb' substituted by `hsb' on input line 1369.
Package xcolor Info: Model `HSB' substituted by `hsb' on input line 1370.
Package xcolor Info: Model `Gray' substituted by `gray' on input line 1371.
Package xcolor Info: Model `wave' substituted by `hsb' on input line 1372.
) (/nix/store/lavaqw85ixs41sv6hv8qfzksj8n12r3w-texlive-combined-full-2024-final-texmfdist/tex/generic/pgf/basiclayer/pgfcore.code.tex
Package: pgfcore 2023-01-15 v3.1.10 (3.1.10)
 (/nix/store/lavaqw85ixs41sv6hv8qfzksj8n12r3w-texlive-combined-full-2024-final-texmfdist/tex/generic/pgf/math/pgfmath.code.tex (/nix/store/lavaqw85ixs41sv6hv8qfzksj8n12r3w-texlive-combined-full-2024-final-texmfdist/tex/generic/pgf/math/pgfmathutil.code.tex) (/nix/store/lavaqw85ixs41sv6hv8qfzksj8n12r3w-texlive-combined-full-2024-final-texmfdist/tex/generic/pgf/math/pgfmathparser.code.tex
\pgfmath@dimen=\dimen165
\pgfmath@count=\count289
\pgfmath@box=\box55
\pgfmath@toks=\toks30
\pgfmath@stack@operand=\toks31
\pgfmath@stack@operation=\toks32
) (/nix/store/lavaqw85ixs41sv6hv8qfzksj8n12r3w-texlive-combined-full-2024-final-texmfdist/tex/generic/pgf/math/pgfmathfunctions.code.tex) (/nix/store/lavaqw85ixs41sv6hv8qfzksj8n12r3w-texlive-combined-full-2024-final-texmfdist/tex/generic/pgf/math/pgfmathfunctions.basic.code.tex) (/nix/store/lavaqw85ixs41sv6hv8qfzksj8n12r3w-texlive-combined-full-2024-final-texmfdist/tex/generic/pgf/math/pgfmathfunctions.trigonometric.code.tex) (/nix/store/lavaqw85ixs41sv6hv8qfzksj8n12r3w-texlive-combined-full-2024-final-texmfdist/tex/generic/pgf/math/pgfmathfunctions.random.code.tex) (/nix/store/lavaqw85ixs41sv6hv8qfzksj8n12r3w-texlive-combined-full-2024-final-texmfdist/tex/generic/pgf/math/pgfmathfunctions.comparison.code.tex) (/nix/store/lavaqw85ixs41sv6hv8qfzksj8n12r3w-texlive-combined-full-2024-final-texmfdist/tex/generic/pgf/math/pgfmathfunctions.base.code.tex) (/nix/store/lavaqw85ixs41sv6hv8qfzksj8n12r3w-texlive-combined-full-2024-final-texmfdist/tex/generic/pgf/math/pgfmathfunctions.round.code.tex) (/nix/store/lavaqw85ixs41sv6hv8qfzksj8n12r3w-texlive-combined-full-2024-final-texmfdist/tex/generic/pgf/math/pgfmathfunctions.misc.code.tex) (/nix/store/lavaqw85ixs41sv6hv8qfzksj8n12r3w-texlive-combined-full-2024-final-texmfdist/tex/generic/pgf/math/pgfmathfunctions.integerarithmetics.code.tex) (/nix/store/lavaqw85ixs41sv6hv8qfzksj8n12r3w-texlive-combined-full-2024-final-texmfdist/tex/generic/pgf/math/pgfmathcalc.code.tex) (/nix/store/lavaqw85ixs41sv6hv8qfzksj8n12r3w-texlive-combined-full-2024-final-texmfdist/tex/generic/pgf/math/pgfmathfloat.code.tex
\c@pgfmathroundto@lastzeros=\count290
)) (/nix/store/lavaqw85ixs41sv6hv8qfzksj8n12r3w-texlive-combined-full-2024-final-texmfdist/tex/generic/pgf/math/pgfint.code.tex) (/nix/store/lavaqw85ixs41sv6hv8qfzksj8n12r3w-texlive-combined-full-2024-final-texmfdist/tex/generic/pgf/basiclayer/pgfcorepoints.code.tex
File: pgfcorepoints.code.tex 2023-01-15 v3.1.10 (3.1.10)
\pgf@picminx=\dimen166
\pgf@picmaxx=\dimen167
\pgf@picminy=\dimen168
\pgf@picmaxy=\dimen169
\pgf@pathminx=\dimen170
\pgf@pathmaxx=\dimen171
\pgf@pathminy=\dimen172
\pgf@pathmaxy=\dimen173
\pgf@xx=\dimen174
\pgf@xy=\dimen175
\pgf@yx=\dimen176
\pgf@yy=\dimen177
\pgf@zx=\dimen178
\pgf@zy=\dimen179
) (/nix/store/lavaqw85ixs41sv6hv8qfzksj8n12r3w-texlive-combined-full-2024-final-texmfdist/tex/generic/pgf/basiclayer/pgfcorepathconstruct.code.tex
File: pgfcorepathconstruct.code.tex 2023-01-15 v3.1.10 (3.1.10)
\pgf@path@lastx=\dimen180
\pgf@path@lasty=\dimen181
) (/nix/store/lavaqw85ixs41sv6hv8qfzksj8n12r3w-texlive-combined-full-2024-final-texmfdist/tex/generic/pgf/basiclayer/pgfcorepathusage.code.tex
File: pgfcorepathusage.code.tex 2023-01-15 v3.1.10 (3.1.10)
\pgf@shorten@end@additional=\dimen182
\pgf@shorten@start@additional=\dimen183
) (/nix/store/lavaqw85ixs41sv6hv8qfzksj8n12r3w-texlive-combined-full-2024-final-texmfdist/tex/generic/pgf/basiclayer/pgfcorescopes.code.tex
File: pgfcorescopes.code.tex 2023-01-15 v3.1.10 (3.1.10)
\pgfpic=\box56
\pgf@hbox=\box57
\pgf@layerbox@main=\box58
\pgf@picture@serial@count=\count291
) (/nix/store/lavaqw85ixs41sv6hv8qfzksj8n12r3w-texlive-combined-full-2024-final-texmfdist/tex/generic/pgf/basiclayer/pgfcoregraphicstate.code.tex
File: pgfcoregraphicstate.code.tex 2023-01-15 v3.1.10 (3.1.10)
\pgflinewidth=\dimen184
) (/nix/store/lavaqw85ixs41sv6hv8qfzksj8n12r3w-texlive-combined-full-2024-final-texmfdist/tex/generic/pgf/basiclayer/pgfcoretransformations.code.tex
File: pgfcoretransformations.code.tex 2023-01-15 v3.1.10 (3.1.10)
\pgf@pt@x=\dimen185
\pgf@pt@y=\dimen186
\pgf@pt@temp=\dimen187
) (/nix/store/lavaqw85ixs41sv6hv8qfzksj8n12r3w-texlive-combined-full-2024-final-texmfdist/tex/generic/pgf/basiclayer/pgfcorequick.code.tex
File: pgfcorequick.code.tex 2023-01-15 v3.1.10 (3.1.10)
) (/nix/store/lavaqw85ixs41sv6hv8qfzksj8n12r3w-texlive-combined-full-2024-final-texmfdist/tex/generic/pgf/basiclayer/pgfcoreobjects.code.tex
File: pgfcoreobjects.code.tex 2023-01-15 v3.1.10 (3.1.10)
) (/nix/store/lavaqw85ixs41sv6hv8qfzksj8n12r3w-texlive-combined-full-2024-final-texmfdist/tex/generic/pgf/basiclayer/pgfcorepathprocessing.code.tex
File: pgfcorepathprocessing.code.tex 2023-01-15 v3.1.10 (3.1.10)
) (/nix/store/lavaqw85ixs41sv6hv8qfzksj8n12r3w-texlive-combined-full-2024-final-texmfdist/tex/generic/pgf/basiclayer/pgfcorearrows.code.tex
File: pgfcorearrows.code.tex 2023-01-15 v3.1.10 (3.1.10)
\pgfarrowsep=\dimen188
) (/nix/store/lavaqw85ixs41sv6hv8qfzksj8n12r3w-texlive-combined-full-2024-final-texmfdist/tex/generic/pgf/basiclayer/pgfcoreshade.code.tex
File: pgfcoreshade.code.tex 2023-01-15 v3.1.10 (3.1.10)
\pgf@max=\dimen189
\pgf@sys@shading@range@num=\count292
\pgf@shadingcount=\count293
) (/nix/store/lavaqw85ixs41sv6hv8qfzksj8n12r3w-texlive-combined-full-2024-final-texmfdist/tex/generic/pgf/basiclayer/pgfcoreimage.code.tex
File: pgfcoreimage.code.tex 2023-01-15 v3.1.10 (3.1.10)
) (/nix/store/lavaqw85ixs41sv6hv8qfzksj8n12r3w-texlive-combined-full-2024-final-texmfdist/tex/generic/pgf/basiclayer/pgfcoreexternal.code.tex
File: pgfcoreexternal.code.tex 2023-01-15 v3.1.10 (3.1.10)
\pgfexternal@startupbox=\box59
) (/nix/store/lavaqw85ixs41sv6hv8qfzksj8n12r3w-texlive-combined-full-2024-final-texmfdist/tex/generic/pgf/basiclayer/pgfcorelayers.code.tex
File: pgfcorelayers.code.tex 2023-01-15 v3.1.10 (3.1.10)
) (/nix/store/lavaqw85ixs41sv6hv8qfzksj8n12r3w-texlive-combined-full-2024-final-texmfdist/tex/generic/pgf/basiclayer/pgfcoretransparency.code.tex
File: pgfcoretransparency.code.tex 2023-01-15 v3.1.10 (3.1.10)
) (/nix/store/lavaqw85ixs41sv6hv8qfzksj8n12r3w-texlive-combined-full-2024-final-texmfdist/tex/generic/pgf/basiclayer/pgfcorepatterns.code.tex
File: pgfcorepatterns.code.tex 2023-01-15 v3.1.10 (3.1.10)
) (/nix/store/lavaqw85ixs41sv6hv8qfzksj8n12r3w-texlive-combined-full-2024-final-texmfdist/tex/generic/pgf/basiclayer/pgfcorerdf.code.tex
File: pgfcorerdf.code.tex 2023-01-15 v3.1.10 (3.1.10)
))) (/nix/store/lavaqw85ixs41sv6hv8qfzksj8n12r3w-texlive-combined-full-2024-final-texmfdist/tex/generic/pgf/modules/pgfmoduleshapes.code.tex
File: pgfmoduleshapes.code.tex 2023-01-15 v3.1.10 (3.1.10)
\pgfnodeparttextbox=\box60
) (/nix/store/lavaqw85ixs41sv6hv8qfzksj8n12r3w-texlive-combined-full-2024-final-texmfdist/tex/generic/pgf/modules/pgfmoduleplot.code.tex
File: pgfmoduleplot.code.tex 2023-01-15 v3.1.10 (3.1.10)
) (/nix/store/lavaqw85ixs41sv6hv8qfzksj8n12r3w-texlive-combined-full-2024-final-texmfdist/tex/latex/pgf/compatibility/pgfcomp-version-0-65.sty
Package: pgfcomp-version-0-65 2023-01-15 v3.1.10 (3.1.10)
\pgf@nodesepstart=\dimen190
\pgf@nodesepend=\dimen191
) (/nix/store/lavaqw85ixs41sv6hv8qfzksj8n12r3w-texlive-combined-full-2024-final-texmfdist/tex/latex/pgf/compatibility/pgfcomp-version-1-18.sty
Package: pgfcomp-version-1-18 2023-01-15 v3.1.10 (3.1.10)
)) (/nix/store/lavaqw85ixs41sv6hv8qfzksj8n12r3w-texlive-combined-full-2024-final-texmfdist/tex/latex/pgf/utilities/pgffor.sty (/nix/store/lavaqw85ixs41sv6hv8qfzksj8n12r3w-texlive-combined-full-2024-final-texmfdist/tex/latex/pgf/utilities/pgfkeys.sty (/nix/store/lavaqw85ixs41sv6hv8qfzksj8n12r3w-texlive-combined-full-2024-final-texmfdist/tex/generic/pgf/utilities/pgfkeys.code.tex)) (/nix/store/lavaqw85ixs41sv6hv8qfzksj8n12r3w-texlive-combined-full-2024-final-texmfdist/tex/latex/pgf/math/pgfmath.sty (/nix/store/lavaqw85ixs41sv6hv8qfzksj8n12r3w-texlive-combined-full-2024-final-texmfdist/tex/generic/pgf/math/pgfmath.code.tex)) (/nix/store/lavaqw85ixs41sv6hv8qfzksj8n12r3w-texlive-combined-full-2024-final-texmfdist/tex/generic/pgf/utilities/pgffor.code.tex
Package: pgffor 2023-01-15 v3.1.10 (3.1.10)
\pgffor@iter=\dimen192
\pgffor@skip=\dimen193
\pgffor@stack=\toks33
\pgffor@toks=\toks34
)) (/nix/store/lavaqw85ixs41sv6hv8qfzksj8n12r3w-texlive-combined-full-2024-final-texmfdist/tex/generic/pgf/frontendlayer/tikz/tikz.code.tex
Package: tikz 2023-01-15 v3.1.10 (3.1.10)

(/nix/store/lavaqw85ixs41sv6hv8qfzksj8n12r3w-texlive-combined-full-2024-final-texmfdist/tex/generic/pgf/libraries/pgflibraryplothandlers.code.tex
File: pgflibraryplothandlers.code.tex 2023-01-15 v3.1.10 (3.1.10)
\pgf@plot@mark@count=\count294
\pgfplotmarksize=\dimen194
)
\tikz@lastx=\dimen195
\tikz@lasty=\dimen196
\tikz@lastxsaved=\dimen197
\tikz@lastysaved=\dimen198
\tikz@lastmovetox=\dimen199
\tikz@lastmovetoy=\dimen256
\tikzleveldistance=\dimen257
\tikzsiblingdistance=\dimen258
\tikz@figbox=\box61
\tikz@figbox@bg=\box62
\tikz@tempbox=\box63
\tikz@tempbox@bg=\box64
\tikztreelevel=\count295
\tikznumberofchildren=\count296
\tikznumberofcurrentchild=\count297
\tikz@fig@count=\count298
 (/nix/store/lavaqw85ixs41sv6hv8qfzksj8n12r3w-texlive-combined-full-2024-final-texmfdist/tex/generic/pgf/modules/pgfmodulematrix.code.tex
File: pgfmodulematrix.code.tex 2023-01-15 v3.1.10 (3.1.10)
\pgfmatrixcurrentrow=\count299
\pgfmatrixcurrentcolumn=\count300
\pgf@matrix@numberofcolumns=\count301
)
\tikz@expandcount=\count302
 (/nix/store/lavaqw85ixs41sv6hv8qfzksj8n12r3w-texlive-combined-full-2024-final-texmfdist/tex/generic/pgf/frontendlayer/tikz/libraries/tikzlibrarytopaths.code.tex
File: tikzlibrarytopaths.code.tex 2023-01-15 v3.1.10 (3.1.10)
))) (/nix/store/lavaqw85ixs41sv6hv8qfzksj8n12r3w-texlive-combined-full-2024-final-texmfdist/tex/generic/pgf/frontendlayer/tikz/libraries/tikzlibrarycalc.code.tex
File: tikzlibrarycalc.code.tex 2023-01-15 v3.1.10 (3.1.10)
) (/nix/store/lavaqw85ixs41sv6hv8qfzksj8n12r3w-texlive-combined-full-2024-final-texmfdist/tex/generic/pgf/libraries/pgflibraryarrows.meta.code.tex
File: pgflibraryarrows.meta.code.tex 2023-01-15 v3.1.10 (3.1.10)
\pgfarrowinset=\dimen259
\pgfarrowlength=\dimen260
\pgfarrowwidth=\dimen261
\pgfarrowlinewidth=\dimen262
) (/nix/store/lavaqw85ixs41sv6hv8qfzksj8n12r3w-texlive-combined-full-2024-final-texmfdist/tex/generic/pgf/frontendlayer/tikz/libraries/tikzlibrarybending.code.tex
File: tikzlibrarybending.code.tex 2023-01-15 v3.1.10 (3.1.10)
 (/nix/store/lavaqw85ixs41sv6hv8qfzksj8n12r3w-texlive-combined-full-2024-final-texmfdist/tex/generic/pgf/modules/pgfmodulebending.code.tex
File: pgfmodulebending.code.tex 2023-01-15 v3.1.10 (3.1.10)
 (/nix/store/lavaqw85ixs41sv6hv8qfzksj8n12r3w-texlive-combined-full-2024-final-texmfdist/tex/generic/pgf/modules/pgfmodulenonlineartransformations.code.tex
File: pgfmodulenonlineartransformations.code.tex 2023-01-15 v3.1.10 (3.1.10)
\pgftransformnonlinearflatness=\dimen263
) (/nix/store/lavaqw85ixs41sv6hv8qfzksj8n12r3w-texlive-combined-full-2024-final-texmfdist/tex/generic/pgf/libraries/pgflibrarycurvilinear.code.tex
File: pgflibrarycurvilinear.code.tex 2023-01-15 v3.1.10 (3.1.10)
\pgf@curvilinear@time@a=\dimen264
\pgf@curvilinear@length@a=\dimen265
\pgf@curvilinear@length@b=\dimen266
\pgf@curvilinear@length@c=\dimen267
\pgf@curvilinear@length@d=\dimen268
)
\pgf@arrows@the@rigidity=\dimen269
)) (/nix/store/lavaqw85ixs41sv6hv8qfzksj8n12r3w-texlive-combined-full-2024-final-texmfdist/tex/generic/pgf/frontendlayer/tikz/libraries/tikzlibraryfpu.code.tex (/nix/store/lavaqw85ixs41sv6hv8qfzksj8n12r3w-texlive-combined-full-2024-final-texmfdist/tex/generic/pgf/libraries/pgflibraryfpu.code.tex)) (/nix/store/lavaqw85ixs41sv6hv8qfzksj8n12r3w-texlive-combined-full-2024-final-texmfdist/tex/generic/circuitikz/pgfcirc.defines.tex
\pgf@circ@count@a=\count303
\pgf@circ@count@b=\count304
\pgf@circ@count@c=\count305
\pgf@circ@res@up=\dimen270
\pgf@circ@res@down=\dimen271
\pgf@circ@res@zero=\dimen272
\pgf@circ@res@left=\dimen273
\pgf@circ@res@right=\dimen274
\pgf@circ@res@other=\dimen275
\pgf@circ@res@step=\dimen276
\pgf@circ@res@temp=\dimen277
\pgf@circ@Rlen=\dimen278
\pgf@circ@scaled@Rlen=\dimen279
\pgfstartlinewidth=\dimen280
) (/nix/store/lavaqw85ixs41sv6hv8qfzksj8n12r3w-texlive-combined-full-2024-final-texmfdist/tex/generic/circuitikz/pgfcircutils.tex
\ctikz@scratchbox=\box65
) (/nix/store/lavaqw85ixs41sv6hv8qfzksj8n12r3w-texlive-combined-full-2024-final-texmfdist/tex/generic/circuitikz/pgfcircpath.tex) (/nix/store/lavaqw85ixs41sv6hv8qfzksj8n12r3w-texlive-combined-full-2024-final-texmfdist/tex/generic/circuitikz/pgfcircshapes.tex) (/nix/store/lavaqw85ixs41sv6hv8qfzksj8n12r3w-texlive-combined-full-2024-final-texmfdist/tex/generic/circuitikz/pgfcircmonopoles.tex) (/nix/store/lavaqw85ixs41sv6hv8qfzksj8n12r3w-texlive-combined-full-2024-final-texmfdist/tex/generic/circuitikz/pgfcircbipoles.tex) (/nix/store/lavaqw85ixs41sv6hv8qfzksj8n12r3w-texlive-combined-full-2024-final-texmfdist/tex/generic/circuitikz/pgfcirctripoles.tex
\pgf@circ@res@count=\count306
) (/nix/store/lavaqw85ixs41sv6hv8qfzksj8n12r3w-texlive-combined-full-2024-final-texmfdist/tex/generic/circuitikz/pgfcircquadpoles.tex) (/nix/store/lavaqw85ixs41sv6hv8qfzksj8n12r3w-texlive-combined-full-2024-final-texmfdist/tex/generic/circuitikz/pgfcircmultipoles.tex) (/nix/store/lavaqw85ixs41sv6hv8qfzksj8n12r3w-texlive-combined-full-2024-final-texmfdist/tex/generic/circuitikz/pgfcirclabel.tex) (/nix/store/lavaqw85ixs41sv6hv8qfzksj8n12r3w-texlive-combined-full-2024-final-texmfdist/tex/generic/circuitikz/pgfcircvoltage.tex
\pgfcirc@labelshift=\dimen281
) (/nix/store/lavaqw85ixs41sv6hv8qfzksj8n12r3w-texlive-combined-full-2024-final-texmfdist/tex/generic/circuitikz/pgfcirccurrent.tex) (/nix/store/lavaqw85ixs41sv6hv8qfzksj8n12r3w-texlive-combined-full-2024-final-texmfdist/tex/generic/circuitikz/pgfcircflow.tex)) (/nix/store/lavaqw85ixs41sv6hv8qfzksj8n12r3w-texlive-combined-full-2024-final-texmfdist/tex/latex/l3backend/l3backend-pdftex.def
File: l3backend-pdftex.def 2024-05-08 L3 backend support: PDF output (pdfTeX)
\l__color_backend_stack_int=\count307
\l__pdf_internal_box=\box66
) (./main.aux

LaTeX Warning: Label `fig:9.4' multiply defined.

)
\openout1 = `main.aux'.

LaTeX Font Info:    Checking defaults for OML/cmm/m/it on input line 5.
LaTeX Font Info:    ... okay on input line 5.
LaTeX Font Info:    Checking defaults for OMS/cmsy/m/n on input line 5.
LaTeX Font Info:    ... okay on input line 5.
LaTeX Font Info:    Checking defaults for OT1/cmr/m/n on input line 5.
LaTeX Font Info:    ... okay on input line 5.
LaTeX Font Info:    Checking defaults for T1/cmr/m/n on input line 5.
LaTeX Font Info:    ... okay on input line 5.
LaTeX Font Info:    Checking defaults for TS1/cmr/m/n on input line 5.
LaTeX Font Info:    ... okay on input line 5.
LaTeX Font Info:    Checking defaults for OMX/cmex/m/n on input line 5.
LaTeX Font Info:    ... okay on input line 5.
LaTeX Font Info:    Checking defaults for U/cmr/m/n on input line 5.
LaTeX Font Info:    ... okay on input line 5.
 (/nix/store/lavaqw85ixs41sv6hv8qfzksj8n12r3w-texlive-combined-full-2024-final-texmfdist/tex/context/base/mkii/supp-pdf.mkii
[Loading MPS to PDF converter (version 2006.09.02).]
\scratchcounter=\count308
\scratchdimen=\dimen282
\scratchbox=\box67
\nofMPsegments=\count309
\nofMParguments=\count310
\everyMPshowfont=\toks35
\MPscratchCnt=\count311
\MPscratchDim=\dimen283
\MPnumerator=\count312
\makeMPintoPDFobject=\count313
\everyMPtoPDFconversion=\toks36
) (/nix/store/lavaqw85ixs41sv6hv8qfzksj8n12r3w-texlive-combined-full-2024-final-texmfdist/tex/latex/epstopdf-pkg/epstopdf-base.sty
Package: epstopdf-base 2020-01-24 v2.11 Base part for package epstopdf
Package epstopdf-base Info: Redefining graphics rule for `.eps' on input line 485.
 (/nix/store/lavaqw85ixs41sv6hv8qfzksj8n12r3w-texlive-combined-full-2024-final-texmfdist/tex/latex/latexconfig/epstopdf-sys.cfg
File: epstopdf-sys.cfg 2010/07/13 v1.3 Configuration of (r)epstopdf for TeX Live
))
Missing character: There is no ( in font nullfont!
Missing character: There is no 5 in font nullfont!
Missing character: There is no , in font nullfont!
Missing character: There is no 3 in font nullfont!
Missing character: There is no ) in font nullfont!
Missing character: There is no n in font nullfont!
Missing character: There is no o in font nullfont!
Missing character: There is no d in font nullfont!
Missing character: There is no e in font nullfont!
Missing character: There is no [ in font nullfont!
Missing character: There is no a in font nullfont!
Missing character: There is no b in font nullfont!
Missing character: There is no o in font nullfont!
Missing character: There is no v in font nullfont!
Missing character: There is no e in font nullfont!
Missing character: There is no ] in font nullfont!
Missing character: There is no ( in font nullfont!
Missing character: There is no 5 in font nullfont!
Missing character: There is no , in font nullfont!
Missing character: There is no 3 in font nullfont!
Missing character: There is no ) in font nullfont!
Missing character: There is no n in font nullfont!
Missing character: There is no o in font nullfont!
Missing character: There is no d in font nullfont!
Missing character: There is no e in font nullfont!
Missing character: There is no [ in font nullfont!
Missing character: There is no a in font nullfont!
Missing character: There is no b in font nullfont!
Missing character: There is no o in font nullfont!
Missing character: There is no v in font nullfont!
Missing character: There is no e in font nullfont!
Missing character: There is no ] in font nullfont!

LaTeX Warning: `!h' float specifier changed to `!ht'.


/home/incog267/clones/notes/fundElec/notes-udst/md/mt8/tex-udst/main.tex:85: Package tikz Error: A node must have a (possibly empty) label text.

See the tikz package documentation for explanation.
Type  H <return>  for immediate help.
 ...                                              
                                                  
l.85         (0,0) -
                    - (0,4) node[battery, l=$E_1$, l_=$54V$] (E1)
This error message was generated by an \errmessage
command, so I can't give any explicit help.
Pretend that you're Hercule Poirot: Examine all clues,
and deduce the truth by order and method.


/home/incog267/clones/notes/fundElec/notes-udst/md/mt8/tex-udst/main.tex:86: Package tikz Error: A node must have a (possibly empty) label text.

See the tikz package documentation for explanation.
Type  H <return>  for immediate help.
 ...                                              
                                                  
l.86         (E1) -
                   - (4,4) to[R=$R_1$, l=$24\Omega$] (4,0) -- (0,0)
(That was another \errmessage.)


/home/incog267/clones/notes/fundElec/notes-udst/md/mt8/tex-udst/main.tex:90: Package tikz Error: A node must have a (possibly empty) label text.

See the tikz package documentation for explanation.
Type  H <return>  for immediate help.
 ...                                              
                                                  
l.90         (8,0) -
                    - (E2);
(That was another \errmessage.)


/home/incog267/clones/notes/fundElec/notes-udst/md/mt8/tex-udst/main.tex:90: Package pgf Error: No shape named `E2' is known.

See the pgf package documentation for explanation.
Type  H <return>  for immediate help.
 ...                                              
                                                  
l.90         (8,0) -- (E2)
                          ;
(That was another \errmessage.)


/home/incog267/clones/notes/fundElec/notes-udst/md/mt8/tex-udst/main.tex:90: Package pgf Error: No shape named `E2' is known.

See the pgf package documentation for explanation.
Type  H <return>  for immediate help.
 ...                                              
                                                  
l.90         (8,0) -- (E2)
                          ;
(That was another \errmessage.)



[1

{/nix/store/75gz8m52v90h6pmfvn0knizigm5v8dpm-texlive-combined-full-2024-final/share/texmf-var/fonts/map/pdftex/updmap/pdftex.map}]

/home/incog267/clones/notes/fundElec/notes-udst/md/mt8/tex-udst/main.tex:105: Package tikz Error: A node must have a (possibly empty) label text.

See the tikz package documentation for explanation.
Type  H <return>  for immediate help.
 ...                                              
                                                  
l.105         (0,0) -
                     - (E1)
(That was another \errmessage.)


Package pgf Warning: Returning node center instead of a point on node border. Did you specify a point identical to the center of node ``E1''? on input line 105.


LaTeX Warning: `!h' float specifier changed to `!ht'.


/home/incog267/clones/notes/fundElec/notes-udst/md/mt8/tex-udst/main.tex:139: Package tikz Error: A node must have a (possibly empty) label text.

See the tikz package documentation for explanation.
Type  H <return>  for immediate help.
 ...                                              
                                                  
l.139         (8,0) -
                     - (E2) -- (4,0)
(That was another \errmessage.)


/home/incog267/clones/notes/fundElec/notes-udst/md/mt8/tex-udst/main.tex:139: Package pgf Error: No shape named `E2' is known.

See the pgf package documentation for explanation.
Type  H <return>  for immediate help.
 ...                                              
                                                  
l.139         (8,0) -- (E2)
                            -- (4,0)
(That was another \errmessage.)


/home/incog267/clones/notes/fundElec/notes-udst/md/mt8/tex-udst/main.tex:139: Package pgf Error: No shape named `E2' is known.

See the pgf package documentation for explanation.
Type  H <return>  for immediate help.
 ...                                              
                                                  
l.139         (8,0) -- (E2)
                            -- (4,0)
(That was another \errmessage.)


/home/incog267/clones/notes/fundElec/notes-udst/md/mt8/tex-udst/main.tex:139: Package pgf Error: No shape named `E2' is known.

See the pgf package documentation for explanation.
Type  H <return>  for immediate help.
 ...                                              
                                                  
l.139         (8,0) -- (E2) -- (4,0)
                                    
(That was another \errmessage.)


LaTeX Warning: `!h' float specifier changed to `!ht'.



[2]
/home/incog267/clones/notes/fundElec/notes-udst/md/mt8/tex-udst/main.tex:170: Extra }, or forgotten $.
\pgf@let@token ...irc@finallabels {current/label}}
                                                   \fi \ifpgf@circuit@bipole...
l.170 ...$R_2$, l=$12\Omega$, i=$I_2'=0.5A$] (0,0)
                                                  
I've deleted a group-closing symbol because it seems to be
spurious, as in `$x}$'. But perhaps the } is legitimate and
you forgot something else, as in `\hbox{$x}'. In such cases
the way to recover is to insert both the forgotten and the
deleted material, e.g., by typing `I$}'.

/home/incog267/clones/notes/fundElec/notes-udst/md/mt8/tex-udst/main.tex:170: Extra }, or forgotten $.
\pgf@let@token ...as@i {\pgf@circ@drawcurrent }{}}
                                                  {\pgfcirc@if@has@f {\pgf@c...
l.170 ...$R_2$, l=$12\Omega$, i=$I_2'=0.5A$] (0,0)
                                                  
I've deleted a group-closing symbol because it seems to be
spurious, as in `$x}$'. But perhaps the } is legitimate and
you forgot something else, as in `\hbox{$x}'. In such cases
the way to recover is to insert both the forgotten and the
deleted material, e.g., by typing `I$}'.

/home/incog267/clones/notes/fundElec/notes-udst/md/mt8/tex-udst/main.tex:170: Missing $ inserted.
<inserted text> 
                $
l.170 ...$R_2$, l=$12\Omega$, i=$I_2'=0.5A$] (0,0)
                                                  
I've inserted something that you may have forgotten.
(See the <inserted text> above.)
With luck, this will get me unwedged. But if you
really didn't forget anything, try typing `2' now; then
my insertion and my current dilemma will both disappear.

/home/incog267/clones/notes/fundElec/notes-udst/md/mt8/tex-udst/main.tex:170: Missing } inserted.
<inserted text> 
                }
l.170 ...$R_2$, l=$12\Omega$, i=$I_2'=0.5A$] (0,0)
                                                  
I've inserted something that you may have forgotten.
(See the <inserted text> above.)
With luck, this will get me unwedged. But if you
really didn't forget anything, try typing `2' now; then
my insertion and my current dilemma will both disappear.


/home/incog267/clones/notes/fundElec/notes-udst/md/mt8/tex-udst/main.tex:170: Package tikz Error: Giving up on this path. Did you forget a semicolon?.

See the tikz package documentation for explanation.
Type  H <return>  for immediate help.
 ...                                              
                                                  
l.170 ...$R_2$, l=$12\Omega$, i=$I_2'=0.5A$] (0,0)
                                                  
(That was another \errmessage.)

/home/incog267/clones/notes/fundElec/notes-udst/md/mt8/tex-udst/main.tex:171: Extra }, or forgotten $.
\pgf@let@token ...irc@finallabels {current/label}}
                                                   \fi \ifpgf@circuit@bipole...
l.171 ...$, i=$I_2''=2.67A$, i_=$I_2=2.17A$] (2,0)
                                                  ;
I've deleted a group-closing symbol because it seems to be
spurious, as in `$x}$'. But perhaps the } is legitimate and
you forgot something else, as in `\hbox{$x}'. In such cases
the way to recover is to insert both the forgotten and the
deleted material, e.g., by typing `I$}'.

/home/incog267/clones/notes/fundElec/notes-udst/md/mt8/tex-udst/main.tex:171: Extra }, or forgotten $.
\pgf@let@token ...as@i {\pgf@circ@drawcurrent }{}}
                                                  {\pgfcirc@if@has@f {\pgf@c...
l.171 ...$, i=$I_2''=2.67A$, i_=$I_2=2.17A$] (2,0)
                                                  ;
I've deleted a group-closing symbol because it seems to be
spurious, as in `$x}$'. But perhaps the } is legitimate and
you forgot something else, as in `\hbox{$x}'. In such cases
the way to recover is to insert both the forgotten and the
deleted material, e.g., by typing `I$}'.

/home/incog267/clones/notes/fundElec/notes-udst/md/mt8/tex-udst/main.tex:171: Missing $ inserted.
<inserted text> 
                $
l.171 ...$, i=$I_2''=2.67A$, i_=$I_2=2.17A$] (2,0)
                                                  ;
I've inserted something that you may have forgotten.
(See the <inserted text> above.)
With luck, this will get me unwedged. But if you
really didn't forget anything, try typing `2' now; then
my insertion and my current dilemma will both disappear.

/home/incog267/clones/notes/fundElec/notes-udst/md/mt8/tex-udst/main.tex:171: Missing } inserted.
<inserted text> 
                }
l.171 ...$, i=$I_2''=2.67A$, i_=$I_2=2.17A$] (2,0)
                                                  ;
I've inserted something that you may have forgotten.
(See the <inserted text> above.)
With luck, this will get me unwedged. But if you
really didn't forget anything, try typing `2' now; then
my insertion and my current dilemma will both disappear.


/home/incog267/clones/notes/fundElec/notes-udst/md/mt8/tex-udst/main.tex:171: Package tikz Error: Giving up on this path. Did you forget a semicolon?.

See the tikz package documentation for explanation.
Type  H <return>  for immediate help.
 ...                                              
                                                  
l.171 ...$, i=$I_2''=2.67A$, i_=$I_2=2.17A$] (2,0)
                                                  ;
(That was another \errmessage.)


LaTeX Warning: `!h' float specifier changed to `!ht'.



[3]

/home/incog267/clones/notes/fundElec/notes-udst/md/mt8/tex-udst/main.tex:196: Package tikz Error: A node must have a (possibly empty) label text.

See the tikz package documentation for explanation.
Type  H <return>  for immediate help.
 ...                                              
                                                  
l.196         (0,0) -
                     - (E)
(That was another \errmessage.)


/home/incog267/clones/notes/fundElec/notes-udst/md/mt8/tex-udst/main.tex:196: Package pgf Error: No shape named `E' is known.

See the pgf package documentation for explanation.
Type  H <return>  for immediate help.
 ...                                              
                                                  
l.196         (0,0) -- (E)
                          
(That was another \errmessage.)


/home/incog267/clones/notes/fundElec/notes-udst/md/mt8/tex-udst/main.tex:196: Package pgf Error: No shape named `E' is known.

See the pgf package documentation for explanation.
Type  H <return>  for immediate help.
 ...                                              
                                                  
l.196         (0,0) -- (E)
                          
(That was another \errmessage.)


/home/incog267/clones/notes/fundElec/notes-udst/md/mt8/tex-udst/main.tex:197: Package pgf Error: No shape named `E' is known.

See the pgf package documentation for explanation.
Type  H <return>  for immediate help.
 ...                                              
                                                  
l.197         (E)
                  -- (4,4) to[R=$R_1$, l=$12\Omega$] (4,0) -- (0,0)
(That was another \errmessage.)


/home/incog267/clones/notes/fundElec/notes-udst/md/mt8/tex-udst/main.tex:197: Package pgf Error: No shape named `E' is known.

See the pgf package documentation for explanation.
Type  H <return>  for immediate help.
 ...                                              
                                                  
l.197         (E) -- (4,4)
                           to[R=$R_1$, l=$12\Omega$] (4,0) -- (0,0)
(That was another \errmessage.)

Missing character: There is no ( in font nullfont!
Missing character: There is no 8 in font nullfont!
Missing character: There is no , in font nullfont!
Missing character: There is no 4 in font nullfont!
Missing character: There is no ) in font nullfont!
Missing character: There is no n in font nullfont!
Missing character: There is no o in font nullfont!
Missing character: There is no d in font nullfont!
Missing character: There is no e in font nullfont!
Missing character: There is no [ in font nullfont!
Missing character: There is no r in font nullfont!
Missing character: There is no i in font nullfont!
Missing character: There is no g in font nullfont!
Missing character: There is no h in font nullfont!
Missing character: There is no t in font nullfont!
Missing character: There is no ] in font nullfont!
Missing character: There is no ; in font nullfont!

/home/incog267/clones/notes/fundElec/notes-udst/md/mt8/tex-udst/main.tex:212: Package tikz Error: A node must have a (possibly empty) label text.

See the tikz package documentation for explanation.
Type  H <return>  for immediate help.
 ...                                              
                                                  
l.212         (0,0) -
                     - (E)
(That was another \errmessage.)


/home/incog267/clones/notes/fundElec/notes-udst/md/mt8/tex-udst/main.tex:212: Package pgf Error: No shape named `E' is known.

See the pgf package documentation for explanation.
Type  H <return>  for immediate help.
 ...                                              
                                                  
l.212         (0,0) -- (E)
                          
(That was another \errmessage.)


/home/incog267/clones/notes/fundElec/notes-udst/md/mt8/tex-udst/main.tex:212: Package pgf Error: No shape named `E' is known.

See the pgf package documentation for explanation.
Type  H <return>  for immediate help.
 ...                                              
                                                  
l.212         (0,0) -- (E)
                          
(That was another \errmessage.)


/home/incog267/clones/notes/fundElec/notes-udst/md/mt8/tex-udst/main.tex:213: Package pgf Error: No shape named `E' is known.

See the pgf package documentation for explanation.
Type  H <return>  for immediate help.
 ...                                              
                                                  
l.213         (E)
                  -- (4,4) to[R=$R_1$, l=$12\Omega$] (4,0) -- (0,0)
(That was another \errmessage.)


/home/incog267/clones/notes/fundElec/notes-udst/md/mt8/tex-udst/main.tex:213: Package pgf Error: No shape named `E' is known.

See the pgf package documentation for explanation.
Type  H <return>  for immediate help.
 ...                                              
                                                  
l.213         (E) -- (4,4)
                           to[R=$R_1$, l=$12\Omega$] (4,0) -- (0,0)
(That was another \errmessage.)


LaTeX Warning: `!h' float specifier changed to `!ht'.

/home/incog267/clones/notes/fundElec/notes-udst/md/mt8/tex-udst/main.tex:233: Extra }, or forgotten $.
\pgf@let@token ...trut \pgf@circ@finallabels {#1}}
                                                   
l.233 ... (8,4) to[current source, l=$I=9A$] (8,0)
                                                  
I've deleted a group-closing symbol because it seems to be
spurious, as in `$x}$'. But perhaps the } is legitimate and
you forgot something else, as in `\hbox{$x}'. In such cases
the way to recover is to insert both the forgotten and the
deleted material, e.g., by typing `I$}'.

/home/incog267/clones/notes/fundElec/notes-udst/md/mt8/tex-udst/main.tex:233: Missing $ inserted.
<inserted text> 
                $
l.233 ... (8,4) to[current source, l=$I=9A$] (8,0)
                                                  
I've inserted a begin-math/end-math symbol since I think
you left one out. Proceed, with fingers crossed.

/home/incog267/clones/notes/fundElec/notes-udst/md/mt8/tex-udst/main.tex:233: Missing } inserted.
<inserted text> 
                }
l.233 ... (8,4) to[current source, l=$I=9A$] (8,0)
                                                  
I've inserted something that you may have forgotten.
(See the <inserted text> above.)
With luck, this will get me unwedged. But if you
really didn't forget anything, try typing `2' now; then
my insertion and my current dilemma will both disappear.

/home/incog267/clones/notes/fundElec/notes-udst/md/mt8/tex-udst/main.tex:233: Missing } inserted.
<inserted text> 
                }
l.233 ... (8,4) to[current source, l=$I=9A$] (8,0)
                                                  
I've inserted something that you may have forgotten.
(See the <inserted text> above.)
With luck, this will get me unwedged. But if you
really didn't forget anything, try typing `2' now; then
my insertion and my current dilemma will both disappear.

/home/incog267/clones/notes/fundElec/notes-udst/md/mt8/tex-udst/main.tex:233: Undefined control sequence.
<argument> ...on\endcsname {\pgf@circ@rounded@dir 
                                                  }
l.233 ... (8,4) to[current source, l=$I=9A$] (8,0)
                                                  
The control sequence at the end of the top line
of your error message was never \def'ed. If you have
misspelled it (e.g., `\hobx'), type `I' and the correct
spelling (e.g., `I\hbox'). Otherwise just continue,
and I'll forget about whatever was undefined.


/home/incog267/clones/notes/fundElec/notes-udst/md/mt8/tex-udst/main.tex:234: Package tikz Error: Giving up on this path. Did you forget a semicolon?.

See the tikz package documentation for explanation.
Type  H <return>  for immediate help.
 ...                                              
                                                  
l.234     \end{circuitikz}
                          
(That was another \errmessage.)

/home/incog267/clones/notes/fundElec/notes-udst/md/mt8/tex-udst/main.tex:234: Undefined control sequence.
\tikz@finish ...gflinewidth =\tikzscope@linewidth 
                                                  \tikz@path@do@at@end 
l.234     \end{circuitikz}
                          
The control sequence at the end of the top line
of your error message was never \def'ed. If you have
misspelled it (e.g., `\hobx'), type `I' and the correct
spelling (e.g., `I\hbox'). Otherwise just continue,
and I'll forget about whatever was undefined.

/home/incog267/clones/notes/fundElec/notes-udst/md/mt8/tex-udst/main.tex:234: Missing number, treated as zero.
<to be read again> 
                   \let 
l.234     \end{circuitikz}
                          
A number should have been here; I inserted `0'.
(If you can't figure out why I needed to see a number,
look up `weird error' in the index to The TeXbook.)

/home/incog267/clones/notes/fundElec/notes-udst/md/mt8/tex-udst/main.tex:234: Illegal unit of measure (pt inserted).
<to be read again> 
                   \let 
l.234     \end{circuitikz}
                          
Dimensions can be in units of em, ex, in, pt, pc,
cm, mm, dd, cc, nd, nc, bp, or sp; but yours is a new one!
I'll assume that you meant to say pt, for printer's points.
To recover gracefully from this error, it's best to
delete the erroneous units; e.g., type `2' to delete
two letters. (See Chapter 27 of The TeXbook.)

/home/incog267/clones/notes/fundElec/notes-udst/md/mt8/tex-udst/main.tex:234: Undefined control sequence.
\pgfsys@call@end ->\pgfsys@end@save 
                                    \pgfsys@endscope 
l.234     \end{circuitikz}
                          
The control sequence at the end of the top line
of your error message was never \def'ed. If you have
misspelled it (e.g., `\hobx'), type `I' and the correct
spelling (e.g., `I\hbox'). Otherwise just continue,
and I'll forget about whatever was undefined.

/home/incog267/clones/notes/fundElec/notes-udst/md/mt8/tex-udst/main.tex:234: Undefined control sequence.
\endpgfscope ...pgflinewidth =\pgfscope@linewidth 
                                                  \global \let \pgf@strokeco...
l.234     \end{circuitikz}
                          
The control sequence at the end of the top line
of your error message was never \def'ed. If you have
misspelled it (e.g., `\hobx'), type `I' and the correct
spelling (e.g., `I\hbox'). Otherwise just continue,
and I'll forget about whatever was undefined.

/home/incog267/clones/notes/fundElec/notes-udst/md/mt8/tex-udst/main.tex:234: Missing number, treated as zero.
<to be read again> 
                   \global 
l.234     \end{circuitikz}
                          
A number should have been here; I inserted `0'.
(If you can't figure out why I needed to see a number,
look up `weird error' in the index to The TeXbook.)

/home/incog267/clones/notes/fundElec/notes-udst/md/mt8/tex-udst/main.tex:234: Illegal unit of measure (pt inserted).
<to be read again> 
                   \global 
l.234     \end{circuitikz}
                          
Dimensions can be in units of em, ex, in, pt, pc,
cm, mm, dd, cc, nd, nc, bp, or sp; but yours is a new one!
I'll assume that you meant to say pt, for printer's points.
To recover gracefully from this error, it's best to
delete the erroneous units; e.g., type `2' to delete
two letters. (See Chapter 27 of The TeXbook.)

/home/incog267/clones/notes/fundElec/notes-udst/md/mt8/tex-udst/main.tex:234: Missing } inserted.
<inserted text> 
                }
l.234     \end{circuitikz}
                          
I've inserted something that you may have forgotten.
(See the <inserted text> above.)
With luck, this will get me unwedged. But if you
really didn't forget anything, try typing `2' now; then
my insertion and my current dilemma will both disappear.

/home/incog267/clones/notes/fundElec/notes-udst/md/mt8/tex-udst/main.tex:234: Extra }, or forgotten \endgroup.
\endpgfpicture ...globally \endgroup \hss \egroup 
                                                  \pgf@restore@layerlist@fro...
l.234     \end{circuitikz}
                          
I've deleted a group-closing symbol because it seems to be
spurious, as in `$x}$'. But perhaps the } is legitimate and
you forgot something else, as in `\hbox{$x}'. In such cases
the way to recover is to insert both the forgotten and the
deleted material, e.g., by typing `I$}'.

/home/incog267/clones/notes/fundElec/notes-udst/md/mt8/tex-udst/main.tex:234: Missing } inserted.
<inserted text> 
                }
l.234     \end{circuitikz}
                          
I've inserted something that you may have forgotten.
(See the <inserted text> above.)
With luck, this will get me unwedged. But if you
really didn't forget anything, try typing `2' now; then
my insertion and my current dilemma will both disappear.

/home/incog267/clones/notes/fundElec/notes-udst/md/mt8/tex-udst/main.tex:234: Extra }, or forgotten \endgroup.
\endpgfpicture ...dpicture \endgroup \hss \egroup 
                                                  \pgfsys@typesetpicturebox ...
l.234     \end{circuitikz}
                          
I've deleted a group-closing symbol because it seems to be
spurious, as in `$x}$'. But perhaps the } is legitimate and
you forgot something else, as in `\hbox{$x}'. In such cases
the way to recover is to insert both the forgotten and the
deleted material, e.g., by typing `I$}'.


/home/incog267/clones/notes/fundElec/notes-udst/md/mt8/tex-udst/main.tex:234: LaTeX Error: \begin{figure} on input line 225 ended by \end{circuitikz}.

See the LaTeX manual or LaTeX Companion for explanation.
Type  H <return>  for immediate help.
 ...                                              
                                                  
l.234     \end{circuitikz}
                          
Your command was ignored.
Type  I <command> <return>  to replace it with another command,
or  <return>  to continue without it.

/home/incog267/clones/notes/fundElec/notes-udst/md/mt8/tex-udst/main.tex:234: Missing } inserted.
<inserted text> 
                }
l.234     \end{circuitikz}
                          
I've inserted something that you may have forgotten.
(See the <inserted text> above.)
With luck, this will get me unwedged. But if you
really didn't forget anything, try typing `2' now; then
my insertion and my current dilemma will both disappear.

/home/incog267/clones/notes/fundElec/notes-udst/md/mt8/tex-udst/main.tex:234: Infinite glue shrinkage found in a paragraph.
<inserted text> }
                 
l.234     \end{circuitikz}
                          
The paragraph just ended includes some glue that has
infinite shrinkability, e.g., `\hskip 0pt minus 1fil'.
Such glue doesn't belong there---it allows a paragraph
of any length to fit on one line. But it's safe to proceed,
since the offensive shrinkability has been made finite.

/home/incog267/clones/notes/fundElec/notes-udst/md/mt8/tex-udst/main.tex:237: Too many }'s.
\color@endbox ->\color@endgroup \egroup 
                                        
l.237 \end{figure}
                  
You've closed more groups than you opened.
Such booboos are generally harmless, so keep going.


/home/incog267/clones/notes/fundElec/notes-udst/md/mt8/tex-udst/main.tex:237: LaTeX Error: \begin{document} ended by \end{figure}.

See the LaTeX manual or LaTeX Companion for explanation.
Type  H <return>  for immediate help.
 ...                                              
                                                  
l.237 \end{figure}
                  
Your command was ignored.
Type  I <command> <return>  to replace it with another command,
or  <return>  to continue without it.

/home/incog267/clones/notes/fundElec/notes-udst/md/mt8/tex-udst/main.tex:237: Extra \endgroup.
\end  ...end#1\endcsname \@checkend {#1}\endgroup 
                                                  \UseHook {env/#1/after}\if...
l.237 \end{figure}
                  
Things are pretty mixed up, but I think the worst is over.

Missing character: There is no ( in font nullfont!
Missing character: There is no 5 in font nullfont!
Missing character: There is no , in font nullfont!
Missing character: There is no 3 in font nullfont!
Missing character: There is no ) in font nullfont!
Missing character: There is no n in font nullfont!
Missing character: There is no o in font nullfont!
Missing character: There is no d in font nullfont!
Missing character: There is no e in font nullfont!
Missing character: There is no [ in font nullfont!
Missing character: There is no a in font nullfont!
Missing character: There is no b in font nullfont!
Missing character: There is no o in font nullfont!
Missing character: There is no v in font nullfont!
Missing character: There is no e in font nullfont!
Missing character: There is no ] in font nullfont!

LaTeX Warning: `!h' float specifier changed to `!ht'.



[4]

[5] (./main.aux)
 ***********
LaTeX2e <2024-11-01> patch level 2
L3 programming layer <2025-01-18>
 ***********


LaTeX Warning: There were multiply-defined labels.

 ) 
Here is how much of TeX's memory you used:
 31842 strings out of 473201
 851977 string characters out of 5689025
 1452643 words of memory out of 5000000
 54839 multiletter control sequences out of 15000+600000
 560809 words of font info for 43 fonts, out of 8000000 for 9000
 1141 hyphenation exceptions out of 8191
 117i,8n,121p,471b,1025s stack positions out of 10000i,1000n,20000p,200000b,200000s
</nix/store/lavaqw85ixs41sv6hv8qfzksj8n12r3w-texlive-combined-full-2024-final-texmfdist/fonts/type1/public/amsfonts/cm/cmbx10.pfb></nix/store/lavaqw85ixs41sv6hv8qfzksj8n12r3w-texlive-combined-full-2024-final-texmfdist/fonts/type1/public/amsfonts/cm/cmbx12.pfb></nix/store/lavaqw85ixs41sv6hv8qfzksj8n12r3w-texlive-combined-full-2024-final-texmfdist/fonts/type1/public/amsfonts/cm/cmmi10.pfb></nix/store/lavaqw85ixs41sv6hv8qfzksj8n12r3w-texlive-combined-full-2024-final-texmfdist/fonts/type1/public/amsfonts/cm/cmmi5.pfb></nix/store/lavaqw85ixs41sv6hv8qfzksj8n12r3w-texlive-combined-full-2024-final-texmfdist/fonts/type1/public/amsfonts/cm/cmmi7.pfb></nix/store/lavaqw85ixs41sv6hv8qfzksj8n12r3w-texlive-combined-full-2024-final-texmfdist/fonts/type1/public/amsfonts/cm/cmr10.pfb></nix/store/lavaqw85ixs41sv6hv8qfzksj8n12r3w-texlive-combined-full-2024-final-texmfdist/fonts/type1/public/amsfonts/cm/cmr5.pfb></nix/store/lavaqw85ixs41sv6hv8qfzksj8n12r3w-texlive-combined-full-2024-final-texmfdist/fonts/type1/public/amsfonts/cm/cmr7.pfb></nix/store/lavaqw85ixs41sv6hv8qfzksj8n12r3w-texlive-combined-full-2024-final-texmfdist/fonts/type1/public/amsfonts/cm/cmsy10.pfb></nix/store/lavaqw85ixs41sv6hv8qfzksj8n12r3w-texlive-combined-full-2024-final-texmfdist/fonts/type1/public/amsfonts/cm/cmsy7.pfb>
Output written on main.pdf (5 pages, 122167 bytes).
PDF statistics:
 73 PDF objects out of 1000 (max. 8388607)
 45 compressed objects within 1 object stream
 0 named destinations out of 1000 (max. 500000)
 13 words of extra memory for PDF output out of 10000 (max. 10000000)

