This is pdfTeX, Version 3.141592653-2.6-1.40.26 (TeX Live 2024/nixos.org) (preloaded format=pdflatex 1980.1.1)  19 MAR 2025 17:04
entering extended mode
 restricted \write18 enabled.
 file:line:error style messages enabled.
 %&-line parsing enabled.
**/home/incog267/clones/notes/math/udst-notes/tex/graph/main.tex
(/home/incog267/clones/notes/math/udst-notes/tex/graph/main.tex
LaTeX2e <2024-06-01> patch level 2
L3 programming layer <2024-10-09>
(/nix/store/npj2d69a0dxgpxhz5v0kkh9qzz3ryhqm-texlive-combined-full-2024.20241027-texmfdist/tex/latex/base/article.cls
Document Class: article 2024/02/08 v1.4n Standard LaTeX document class
(/nix/store/npj2d69a0dxgpxhz5v0kkh9qzz3ryhqm-texlive-combined-full-2024.20241027-texmfdist/tex/latex/base/size10.clo
File: size10.clo 2024/02/08 v1.4n Standard LaTeX file (size option)
)
\c@part=\count194
\c@section=\count195
\c@subsection=\count196
\c@subsubsection=\count197
\c@paragraph=\count198
\c@subparagraph=\count199
\c@figure=\count266
\c@table=\count267
\abovecaptionskip=\skip49
\belowcaptionskip=\skip50
\bibindent=\dimen141
) (/nix/store/npj2d69a0dxgpxhz5v0kkh9qzz3ryhqm-texlive-combined-full-2024.20241027-texmfdist/tex/latex/pgfplots/pgfplots.sty (/nix/store/npj2d69a0dxgpxhz5v0kkh9qzz3ryhqm-texlive-combined-full-2024.20241027-texmfdist/tex/generic/pgfplots/pgfplots.revision.tex)
Package: pgfplots 2021/05/15 v1.18.1 Data Visualization (1.18.1)
 (/nix/store/npj2d69a0dxgpxhz5v0kkh9qzz3ryhqm-texlive-combined-full-2024.20241027-texmfdist/tex/latex/graphics/graphicx.sty
Package: graphicx 2021/09/16 v1.2d Enhanced LaTeX Graphics (DPC,SPQR)
 (/nix/store/npj2d69a0dxgpxhz5v0kkh9qzz3ryhqm-texlive-combined-full-2024.20241027-texmfdist/tex/latex/graphics/keyval.sty
Package: keyval 2022/05/29 v1.15 key=value parser (DPC)
\KV@toks@=\toks17
) (/nix/store/npj2d69a0dxgpxhz5v0kkh9qzz3ryhqm-texlive-combined-full-2024.20241027-texmfdist/tex/latex/graphics/graphics.sty
Package: graphics 2024/05/23 v1.4g Standard LaTeX Graphics (DPC,SPQR)
 (/nix/store/npj2d69a0dxgpxhz5v0kkh9qzz3ryhqm-texlive-combined-full-2024.20241027-texmfdist/tex/latex/graphics/trig.sty
Package: trig 2023/12/02 v1.11 sin cos tan (DPC)
) (/nix/store/npj2d69a0dxgpxhz5v0kkh9qzz3ryhqm-texlive-combined-full-2024.20241027-texmfdist/tex/latex/graphics-cfg/graphics.cfg
File: graphics.cfg 2016/06/04 v1.11 sample graphics configuration
)
Package graphics Info: Driver file: pdftex.def on input line 106.
 (/nix/store/npj2d69a0dxgpxhz5v0kkh9qzz3ryhqm-texlive-combined-full-2024.20241027-texmfdist/tex/latex/graphics-def/pdftex.def
File: pdftex.def 2024/04/13 v1.2c Graphics/color driver for pdftex
))
\Gin@req@height=\dimen142
\Gin@req@width=\dimen143
) (/nix/store/npj2d69a0dxgpxhz5v0kkh9qzz3ryhqm-texlive-combined-full-2024.20241027-texmfdist/tex/latex/pgf/frontendlayer/tikz.sty (/nix/store/npj2d69a0dxgpxhz5v0kkh9qzz3ryhqm-texlive-combined-full-2024.20241027-texmfdist/tex/latex/pgf/basiclayer/pgf.sty (/nix/store/npj2d69a0dxgpxhz5v0kkh9qzz3ryhqm-texlive-combined-full-2024.20241027-texmfdist/tex/latex/pgf/utilities/pgfrcs.sty (/nix/store/npj2d69a0dxgpxhz5v0kkh9qzz3ryhqm-texlive-combined-full-2024.20241027-texmfdist/tex/generic/pgf/utilities/pgfutil-common.tex
\pgfutil@everybye=\toks18
\pgfutil@tempdima=\dimen144
\pgfutil@tempdimb=\dimen145
) (/nix/store/npj2d69a0dxgpxhz5v0kkh9qzz3ryhqm-texlive-combined-full-2024.20241027-texmfdist/tex/generic/pgf/utilities/pgfutil-latex.def
\pgfutil@abb=\box52
) (/nix/store/npj2d69a0dxgpxhz5v0kkh9qzz3ryhqm-texlive-combined-full-2024.20241027-texmfdist/tex/generic/pgf/utilities/pgfrcs.code.tex (/nix/store/npj2d69a0dxgpxhz5v0kkh9qzz3ryhqm-texlive-combined-full-2024.20241027-texmfdist/tex/generic/pgf/pgf.revision.tex)
Package: pgfrcs 2023-01-15 v3.1.10 (3.1.10)
))
Package: pgf 2023-01-15 v3.1.10 (3.1.10)
 (/nix/store/npj2d69a0dxgpxhz5v0kkh9qzz3ryhqm-texlive-combined-full-2024.20241027-texmfdist/tex/latex/pgf/basiclayer/pgfcore.sty (/nix/store/npj2d69a0dxgpxhz5v0kkh9qzz3ryhqm-texlive-combined-full-2024.20241027-texmfdist/tex/latex/pgf/systemlayer/pgfsys.sty (/nix/store/npj2d69a0dxgpxhz5v0kkh9qzz3ryhqm-texlive-combined-full-2024.20241027-texmfdist/tex/generic/pgf/systemlayer/pgfsys.code.tex
Package: pgfsys 2023-01-15 v3.1.10 (3.1.10)
 (/nix/store/npj2d69a0dxgpxhz5v0kkh9qzz3ryhqm-texlive-combined-full-2024.20241027-texmfdist/tex/generic/pgf/utilities/pgfkeys.code.tex
\pgfkeys@pathtoks=\toks19
\pgfkeys@temptoks=\toks20
 (/nix/store/npj2d69a0dxgpxhz5v0kkh9qzz3ryhqm-texlive-combined-full-2024.20241027-texmfdist/tex/generic/pgf/utilities/pgfkeyslibraryfiltered.code.tex
\pgfkeys@tmptoks=\toks21
))
\pgf@x=\dimen146
\pgf@y=\dimen147
\pgf@xa=\dimen148
\pgf@ya=\dimen149
\pgf@xb=\dimen150
\pgf@yb=\dimen151
\pgf@xc=\dimen152
\pgf@yc=\dimen153
\pgf@xd=\dimen154
\pgf@yd=\dimen155
\w@pgf@writea=\write3
\r@pgf@reada=\read2
\c@pgf@counta=\count268
\c@pgf@countb=\count269
\c@pgf@countc=\count270
\c@pgf@countd=\count271
\t@pgf@toka=\toks22
\t@pgf@tokb=\toks23
\t@pgf@tokc=\toks24
\pgf@sys@id@count=\count272
 (/nix/store/npj2d69a0dxgpxhz5v0kkh9qzz3ryhqm-texlive-combined-full-2024.20241027-texmfdist/tex/generic/pgf/systemlayer/pgf.cfg
File: pgf.cfg 2023-01-15 v3.1.10 (3.1.10)
)
Driver file for pgf: pgfsys-pdftex.def
 (/nix/store/npj2d69a0dxgpxhz5v0kkh9qzz3ryhqm-texlive-combined-full-2024.20241027-texmfdist/tex/generic/pgf/systemlayer/pgfsys-pdftex.def
File: pgfsys-pdftex.def 2023-01-15 v3.1.10 (3.1.10)
 (/nix/store/npj2d69a0dxgpxhz5v0kkh9qzz3ryhqm-texlive-combined-full-2024.20241027-texmfdist/tex/generic/pgf/systemlayer/pgfsys-common-pdf.def
File: pgfsys-common-pdf.def 2023-01-15 v3.1.10 (3.1.10)
))) (/nix/store/npj2d69a0dxgpxhz5v0kkh9qzz3ryhqm-texlive-combined-full-2024.20241027-texmfdist/tex/generic/pgf/systemlayer/pgfsyssoftpath.code.tex
File: pgfsyssoftpath.code.tex 2023-01-15 v3.1.10 (3.1.10)
\pgfsyssoftpath@smallbuffer@items=\count273
\pgfsyssoftpath@bigbuffer@items=\count274
) (/nix/store/npj2d69a0dxgpxhz5v0kkh9qzz3ryhqm-texlive-combined-full-2024.20241027-texmfdist/tex/generic/pgf/systemlayer/pgfsysprotocol.code.tex
File: pgfsysprotocol.code.tex 2023-01-15 v3.1.10 (3.1.10)
)) (/nix/store/npj2d69a0dxgpxhz5v0kkh9qzz3ryhqm-texlive-combined-full-2024.20241027-texmfdist/tex/latex/xcolor/xcolor.sty
Package: xcolor 2024/09/29 v3.02 LaTeX color extensions (UK)
 (/nix/store/npj2d69a0dxgpxhz5v0kkh9qzz3ryhqm-texlive-combined-full-2024.20241027-texmfdist/tex/latex/graphics-cfg/color.cfg
File: color.cfg 2016/01/02 v1.6 sample color configuration
)
Package xcolor Info: Driver file: pdftex.def on input line 274.
 (/nix/store/npj2d69a0dxgpxhz5v0kkh9qzz3ryhqm-texlive-combined-full-2024.20241027-texmfdist/tex/latex/graphics/mathcolor.ltx)
Package xcolor Info: Model `cmy' substituted by `cmy0' on input line 1349.
Package xcolor Info: Model `hsb' substituted by `rgb' on input line 1353.
Package xcolor Info: Model `RGB' extended on input line 1365.
Package xcolor Info: Model `HTML' substituted by `rgb' on input line 1367.
Package xcolor Info: Model `Hsb' substituted by `hsb' on input line 1368.
Package xcolor Info: Model `tHsb' substituted by `hsb' on input line 1369.
Package xcolor Info: Model `HSB' substituted by `hsb' on input line 1370.
Package xcolor Info: Model `Gray' substituted by `gray' on input line 1371.
Package xcolor Info: Model `wave' substituted by `hsb' on input line 1372.
) (/nix/store/npj2d69a0dxgpxhz5v0kkh9qzz3ryhqm-texlive-combined-full-2024.20241027-texmfdist/tex/generic/pgf/basiclayer/pgfcore.code.tex
Package: pgfcore 2023-01-15 v3.1.10 (3.1.10)
 (/nix/store/npj2d69a0dxgpxhz5v0kkh9qzz3ryhqm-texlive-combined-full-2024.20241027-texmfdist/tex/generic/pgf/math/pgfmath.code.tex (/nix/store/npj2d69a0dxgpxhz5v0kkh9qzz3ryhqm-texlive-combined-full-2024.20241027-texmfdist/tex/generic/pgf/math/pgfmathutil.code.tex) (/nix/store/npj2d69a0dxgpxhz5v0kkh9qzz3ryhqm-texlive-combined-full-2024.20241027-texmfdist/tex/generic/pgf/math/pgfmathparser.code.tex
\pgfmath@dimen=\dimen156
\pgfmath@count=\count275
\pgfmath@box=\box53
\pgfmath@toks=\toks25
\pgfmath@stack@operand=\toks26
\pgfmath@stack@operation=\toks27
) (/nix/store/npj2d69a0dxgpxhz5v0kkh9qzz3ryhqm-texlive-combined-full-2024.20241027-texmfdist/tex/generic/pgf/math/pgfmathfunctions.code.tex) (/nix/store/npj2d69a0dxgpxhz5v0kkh9qzz3ryhqm-texlive-combined-full-2024.20241027-texmfdist/tex/generic/pgf/math/pgfmathfunctions.basic.code.tex) (/nix/store/npj2d69a0dxgpxhz5v0kkh9qzz3ryhqm-texlive-combined-full-2024.20241027-texmfdist/tex/generic/pgf/math/pgfmathfunctions.trigonometric.code.tex) (/nix/store/npj2d69a0dxgpxhz5v0kkh9qzz3ryhqm-texlive-combined-full-2024.20241027-texmfdist/tex/generic/pgf/math/pgfmathfunctions.random.code.tex) (/nix/store/npj2d69a0dxgpxhz5v0kkh9qzz3ryhqm-texlive-combined-full-2024.20241027-texmfdist/tex/generic/pgf/math/pgfmathfunctions.comparison.code.tex) (/nix/store/npj2d69a0dxgpxhz5v0kkh9qzz3ryhqm-texlive-combined-full-2024.20241027-texmfdist/tex/generic/pgf/math/pgfmathfunctions.base.code.tex) (/nix/store/npj2d69a0dxgpxhz5v0kkh9qzz3ryhqm-texlive-combined-full-2024.20241027-texmfdist/tex/generic/pgf/math/pgfmathfunctions.round.code.tex) (/nix/store/npj2d69a0dxgpxhz5v0kkh9qzz3ryhqm-texlive-combined-full-2024.20241027-texmfdist/tex/generic/pgf/math/pgfmathfunctions.misc.code.tex) (/nix/store/npj2d69a0dxgpxhz5v0kkh9qzz3ryhqm-texlive-combined-full-2024.20241027-texmfdist/tex/generic/pgf/math/pgfmathfunctions.integerarithmetics.code.tex) (/nix/store/npj2d69a0dxgpxhz5v0kkh9qzz3ryhqm-texlive-combined-full-2024.20241027-texmfdist/tex/generic/pgf/math/pgfmathcalc.code.tex) (/nix/store/npj2d69a0dxgpxhz5v0kkh9qzz3ryhqm-texlive-combined-full-2024.20241027-texmfdist/tex/generic/pgf/math/pgfmathfloat.code.tex
\c@pgfmathroundto@lastzeros=\count276
)) (/nix/store/npj2d69a0dxgpxhz5v0kkh9qzz3ryhqm-texlive-combined-full-2024.20241027-texmfdist/tex/generic/pgf/math/pgfint.code.tex) (/nix/store/npj2d69a0dxgpxhz5v0kkh9qzz3ryhqm-texlive-combined-full-2024.20241027-texmfdist/tex/generic/pgf/basiclayer/pgfcorepoints.code.tex
File: pgfcorepoints.code.tex 2023-01-15 v3.1.10 (3.1.10)
\pgf@picminx=\dimen157
\pgf@picmaxx=\dimen158
\pgf@picminy=\dimen159
\pgf@picmaxy=\dimen160
\pgf@pathminx=\dimen161
\pgf@pathmaxx=\dimen162
\pgf@pathminy=\dimen163
\pgf@pathmaxy=\dimen164
\pgf@xx=\dimen165
\pgf@xy=\dimen166
\pgf@yx=\dimen167
\pgf@yy=\dimen168
\pgf@zx=\dimen169
\pgf@zy=\dimen170
) (/nix/store/npj2d69a0dxgpxhz5v0kkh9qzz3ryhqm-texlive-combined-full-2024.20241027-texmfdist/tex/generic/pgf/basiclayer/pgfcorepathconstruct.code.tex
File: pgfcorepathconstruct.code.tex 2023-01-15 v3.1.10 (3.1.10)
\pgf@path@lastx=\dimen171
\pgf@path@lasty=\dimen172
) (/nix/store/npj2d69a0dxgpxhz5v0kkh9qzz3ryhqm-texlive-combined-full-2024.20241027-texmfdist/tex/generic/pgf/basiclayer/pgfcorepathusage.code.tex
File: pgfcorepathusage.code.tex 2023-01-15 v3.1.10 (3.1.10)
\pgf@shorten@end@additional=\dimen173
\pgf@shorten@start@additional=\dimen174
) (/nix/store/npj2d69a0dxgpxhz5v0kkh9qzz3ryhqm-texlive-combined-full-2024.20241027-texmfdist/tex/generic/pgf/basiclayer/pgfcorescopes.code.tex
File: pgfcorescopes.code.tex 2023-01-15 v3.1.10 (3.1.10)
\pgfpic=\box54
\pgf@hbox=\box55
\pgf@layerbox@main=\box56
\pgf@picture@serial@count=\count277
) (/nix/store/npj2d69a0dxgpxhz5v0kkh9qzz3ryhqm-texlive-combined-full-2024.20241027-texmfdist/tex/generic/pgf/basiclayer/pgfcoregraphicstate.code.tex
File: pgfcoregraphicstate.code.tex 2023-01-15 v3.1.10 (3.1.10)
\pgflinewidth=\dimen175
) (/nix/store/npj2d69a0dxgpxhz5v0kkh9qzz3ryhqm-texlive-combined-full-2024.20241027-texmfdist/tex/generic/pgf/basiclayer/pgfcoretransformations.code.tex
File: pgfcoretransformations.code.tex 2023-01-15 v3.1.10 (3.1.10)
\pgf@pt@x=\dimen176
\pgf@pt@y=\dimen177
\pgf@pt@temp=\dimen178
) (/nix/store/npj2d69a0dxgpxhz5v0kkh9qzz3ryhqm-texlive-combined-full-2024.20241027-texmfdist/tex/generic/pgf/basiclayer/pgfcorequick.code.tex
File: pgfcorequick.code.tex 2023-01-15 v3.1.10 (3.1.10)
) (/nix/store/npj2d69a0dxgpxhz5v0kkh9qzz3ryhqm-texlive-combined-full-2024.20241027-texmfdist/tex/generic/pgf/basiclayer/pgfcoreobjects.code.tex
File: pgfcoreobjects.code.tex 2023-01-15 v3.1.10 (3.1.10)
) (/nix/store/npj2d69a0dxgpxhz5v0kkh9qzz3ryhqm-texlive-combined-full-2024.20241027-texmfdist/tex/generic/pgf/basiclayer/pgfcorepathprocessing.code.tex
File: pgfcorepathprocessing.code.tex 2023-01-15 v3.1.10 (3.1.10)
) (/nix/store/npj2d69a0dxgpxhz5v0kkh9qzz3ryhqm-texlive-combined-full-2024.20241027-texmfdist/tex/generic/pgf/basiclayer/pgfcorearrows.code.tex
File: pgfcorearrows.code.tex 2023-01-15 v3.1.10 (3.1.10)
\pgfarrowsep=\dimen179
) (/nix/store/npj2d69a0dxgpxhz5v0kkh9qzz3ryhqm-texlive-combined-full-2024.20241027-texmfdist/tex/generic/pgf/basiclayer/pgfcoreshade.code.tex
File: pgfcoreshade.code.tex 2023-01-15 v3.1.10 (3.1.10)
\pgf@max=\dimen180
\pgf@sys@shading@range@num=\count278
\pgf@shadingcount=\count279
) (/nix/store/npj2d69a0dxgpxhz5v0kkh9qzz3ryhqm-texlive-combined-full-2024.20241027-texmfdist/tex/generic/pgf/basiclayer/pgfcoreimage.code.tex
File: pgfcoreimage.code.tex 2023-01-15 v3.1.10 (3.1.10)
) (/nix/store/npj2d69a0dxgpxhz5v0kkh9qzz3ryhqm-texlive-combined-full-2024.20241027-texmfdist/tex/generic/pgf/basiclayer/pgfcoreexternal.code.tex
File: pgfcoreexternal.code.tex 2023-01-15 v3.1.10 (3.1.10)
\pgfexternal@startupbox=\box57
) (/nix/store/npj2d69a0dxgpxhz5v0kkh9qzz3ryhqm-texlive-combined-full-2024.20241027-texmfdist/tex/generic/pgf/basiclayer/pgfcorelayers.code.tex
File: pgfcorelayers.code.tex 2023-01-15 v3.1.10 (3.1.10)
) (/nix/store/npj2d69a0dxgpxhz5v0kkh9qzz3ryhqm-texlive-combined-full-2024.20241027-texmfdist/tex/generic/pgf/basiclayer/pgfcoretransparency.code.tex
File: pgfcoretransparency.code.tex 2023-01-15 v3.1.10 (3.1.10)
) (/nix/store/npj2d69a0dxgpxhz5v0kkh9qzz3ryhqm-texlive-combined-full-2024.20241027-texmfdist/tex/generic/pgf/basiclayer/pgfcorepatterns.code.tex
File: pgfcorepatterns.code.tex 2023-01-15 v3.1.10 (3.1.10)
) (/nix/store/npj2d69a0dxgpxhz5v0kkh9qzz3ryhqm-texlive-combined-full-2024.20241027-texmfdist/tex/generic/pgf/basiclayer/pgfcorerdf.code.tex
File: pgfcorerdf.code.tex 2023-01-15 v3.1.10 (3.1.10)
))) (/nix/store/npj2d69a0dxgpxhz5v0kkh9qzz3ryhqm-texlive-combined-full-2024.20241027-texmfdist/tex/generic/pgf/modules/pgfmoduleshapes.code.tex
File: pgfmoduleshapes.code.tex 2023-01-15 v3.1.10 (3.1.10)
\pgfnodeparttextbox=\box58
) (/nix/store/npj2d69a0dxgpxhz5v0kkh9qzz3ryhqm-texlive-combined-full-2024.20241027-texmfdist/tex/generic/pgf/modules/pgfmoduleplot.code.tex
File: pgfmoduleplot.code.tex 2023-01-15 v3.1.10 (3.1.10)
) (/nix/store/npj2d69a0dxgpxhz5v0kkh9qzz3ryhqm-texlive-combined-full-2024.20241027-texmfdist/tex/latex/pgf/compatibility/pgfcomp-version-0-65.sty
Package: pgfcomp-version-0-65 2023-01-15 v3.1.10 (3.1.10)
\pgf@nodesepstart=\dimen181
\pgf@nodesepend=\dimen182
) (/nix/store/npj2d69a0dxgpxhz5v0kkh9qzz3ryhqm-texlive-combined-full-2024.20241027-texmfdist/tex/latex/pgf/compatibility/pgfcomp-version-1-18.sty
Package: pgfcomp-version-1-18 2023-01-15 v3.1.10 (3.1.10)
)) (/nix/store/npj2d69a0dxgpxhz5v0kkh9qzz3ryhqm-texlive-combined-full-2024.20241027-texmfdist/tex/latex/pgf/utilities/pgffor.sty (/nix/store/npj2d69a0dxgpxhz5v0kkh9qzz3ryhqm-texlive-combined-full-2024.20241027-texmfdist/tex/latex/pgf/utilities/pgfkeys.sty (/nix/store/npj2d69a0dxgpxhz5v0kkh9qzz3ryhqm-texlive-combined-full-2024.20241027-texmfdist/tex/generic/pgf/utilities/pgfkeys.code.tex)) (/nix/store/npj2d69a0dxgpxhz5v0kkh9qzz3ryhqm-texlive-combined-full-2024.20241027-texmfdist/tex/latex/pgf/math/pgfmath.sty (/nix/store/npj2d69a0dxgpxhz5v0kkh9qzz3ryhqm-texlive-combined-full-2024.20241027-texmfdist/tex/generic/pgf/math/pgfmath.code.tex)) (/nix/store/npj2d69a0dxgpxhz5v0kkh9qzz3ryhqm-texlive-combined-full-2024.20241027-texmfdist/tex/generic/pgf/utilities/pgffor.code.tex
Package: pgffor 2023-01-15 v3.1.10 (3.1.10)
\pgffor@iter=\dimen183
\pgffor@skip=\dimen184
\pgffor@stack=\toks28
\pgffor@toks=\toks29
)) (/nix/store/npj2d69a0dxgpxhz5v0kkh9qzz3ryhqm-texlive-combined-full-2024.20241027-texmfdist/tex/generic/pgf/frontendlayer/tikz/tikz.code.tex
Package: tikz 2023-01-15 v3.1.10 (3.1.10)

(/nix/store/npj2d69a0dxgpxhz5v0kkh9qzz3ryhqm-texlive-combined-full-2024.20241027-texmfdist/tex/generic/pgf/libraries/pgflibraryplothandlers.code.tex
File: pgflibraryplothandlers.code.tex 2023-01-15 v3.1.10 (3.1.10)
\pgf@plot@mark@count=\count280
\pgfplotmarksize=\dimen185
)
\tikz@lastx=\dimen186
\tikz@lasty=\dimen187
\tikz@lastxsaved=\dimen188
\tikz@lastysaved=\dimen189
\tikz@lastmovetox=\dimen190
\tikz@lastmovetoy=\dimen191
\tikzleveldistance=\dimen192
\tikzsiblingdistance=\dimen193
\tikz@figbox=\box59
\tikz@figbox@bg=\box60
\tikz@tempbox=\box61
\tikz@tempbox@bg=\box62
\tikztreelevel=\count281
\tikznumberofchildren=\count282
\tikznumberofcurrentchild=\count283
\tikz@fig@count=\count284
 (/nix/store/npj2d69a0dxgpxhz5v0kkh9qzz3ryhqm-texlive-combined-full-2024.20241027-texmfdist/tex/generic/pgf/modules/pgfmodulematrix.code.tex
File: pgfmodulematrix.code.tex 2023-01-15 v3.1.10 (3.1.10)
\pgfmatrixcurrentrow=\count285
\pgfmatrixcurrentcolumn=\count286
\pgf@matrix@numberofcolumns=\count287
)
\tikz@expandcount=\count288
 (/nix/store/npj2d69a0dxgpxhz5v0kkh9qzz3ryhqm-texlive-combined-full-2024.20241027-texmfdist/tex/generic/pgf/frontendlayer/tikz/libraries/tikzlibrarytopaths.code.tex
File: tikzlibrarytopaths.code.tex 2023-01-15 v3.1.10 (3.1.10)
))) (/nix/store/npj2d69a0dxgpxhz5v0kkh9qzz3ryhqm-texlive-combined-full-2024.20241027-texmfdist/tex/generic/pgfplots/pgfplots.code.tex (/nix/store/npj2d69a0dxgpxhz5v0kkh9qzz3ryhqm-texlive-combined-full-2024.20241027-texmfdist/tex/generic/pgfplots/pgfplotscore.code.tex
\t@pgfplots@toka=\toks30
\t@pgfplots@tokb=\toks31
\t@pgfplots@tokc=\toks32
\pgfplots@tmpa=\dimen194
\c@pgfplots@coordindex=\count289
\c@pgfplots@scanlineindex=\count290
 (/nix/store/npj2d69a0dxgpxhz5v0kkh9qzz3ryhqm-texlive-combined-full-2024.20241027-texmfdist/tex/generic/pgfplots/sys/pgfplotssysgeneric.code.tex)) (/nix/store/npj2d69a0dxgpxhz5v0kkh9qzz3ryhqm-texlive-combined-full-2024.20241027-texmfdist/tex/generic/pgfplots/libs/pgfplotslibrary.code.tex) (/nix/store/npj2d69a0dxgpxhz5v0kkh9qzz3ryhqm-texlive-combined-full-2024.20241027-texmfdist/tex/generic/pgfplots/oldpgfcompatib/pgfplotsoldpgfsupp_loader.code.tex (/nix/store/npj2d69a0dxgpxhz5v0kkh9qzz3ryhqm-texlive-combined-full-2024.20241027-texmfdist/tex/generic/pgf/libraries/pgflibraryfpu.code.tex)
Package pgfplots: loading complementary utilities for your pgf version...
\t@pgf@toka=\toks33
\t@pgf@tokb=\toks34
\t@pgf@tokc=\toks35
(/nix/store/npj2d69a0dxgpxhz5v0kkh9qzz3ryhqm-texlive-combined-full-2024.20241027-texmfdist/tex/generic/pgfplots/oldpgfcompatib/pgfplotsoldpgfsupp_pgfutil-common-lists.tex)) (/nix/store/npj2d69a0dxgpxhz5v0kkh9qzz3ryhqm-texlive-combined-full-2024.20241027-texmfdist/tex/generic/pgfplots/util/pgfplotsutil.code.tex (/nix/store/npj2d69a0dxgpxhz5v0kkh9qzz3ryhqm-texlive-combined-full-2024.20241027-texmfdist/tex/generic/pgfplots/liststructure/pgfplotsliststructure.code.tex) (/nix/store/npj2d69a0dxgpxhz5v0kkh9qzz3ryhqm-texlive-combined-full-2024.20241027-texmfdist/tex/generic/pgfplots/liststructure/pgfplotsliststructureext.code.tex) (/nix/store/npj2d69a0dxgpxhz5v0kkh9qzz3ryhqm-texlive-combined-full-2024.20241027-texmfdist/tex/generic/pgfplots/liststructure/pgfplotsarray.code.tex
\c@pgfplotsarray@tmp=\count291
) (/nix/store/npj2d69a0dxgpxhz5v0kkh9qzz3ryhqm-texlive-combined-full-2024.20241027-texmfdist/tex/generic/pgfplots/liststructure/pgfplotsmatrix.code.tex) (/nix/store/npj2d69a0dxgpxhz5v0kkh9qzz3ryhqm-texlive-combined-full-2024.20241027-texmfdist/tex/generic/pgfplots/numtable/pgfplotstableshared.code.tex
\c@pgfplotstable@counta=\count292
\t@pgfplotstable@a=\toks36
) (/nix/store/npj2d69a0dxgpxhz5v0kkh9qzz3ryhqm-texlive-combined-full-2024.20241027-texmfdist/tex/generic/pgfplots/liststructure/pgfplotsdeque.code.tex) (/nix/store/npj2d69a0dxgpxhz5v0kkh9qzz3ryhqm-texlive-combined-full-2024.20241027-texmfdist/tex/generic/pgfplots/util/pgfplotsbinary.code.tex (/nix/store/npj2d69a0dxgpxhz5v0kkh9qzz3ryhqm-texlive-combined-full-2024.20241027-texmfdist/tex/generic/pgfplots/util/pgfplotsbinary.data.code.tex)) (/nix/store/npj2d69a0dxgpxhz5v0kkh9qzz3ryhqm-texlive-combined-full-2024.20241027-texmfdist/tex/generic/pgfplots/util/pgfplotsutil.verb.code.tex) (/nix/store/npj2d69a0dxgpxhz5v0kkh9qzz3ryhqm-texlive-combined-full-2024.20241027-texmfdist/tex/generic/pgfplots/libs/pgflibrarypgfplots.surfshading.code.tex
\c@pgfplotslibrarysurf@no=\count293
 (/nix/store/npj2d69a0dxgpxhz5v0kkh9qzz3ryhqm-texlive-combined-full-2024.20241027-texmfdist/tex/generic/pgfplots/sys/pgflibrarypgfplots.surfshading.pgfsys-pdftex.def))) (/nix/store/npj2d69a0dxgpxhz5v0kkh9qzz3ryhqm-texlive-combined-full-2024.20241027-texmfdist/tex/generic/pgfplots/util/pgfplotscolormap.code.tex (/nix/store/npj2d69a0dxgpxhz5v0kkh9qzz3ryhqm-texlive-combined-full-2024.20241027-texmfdist/tex/generic/pgfplots/util/pgfplotscolor.code.tex)) (/nix/store/npj2d69a0dxgpxhz5v0kkh9qzz3ryhqm-texlive-combined-full-2024.20241027-texmfdist/tex/generic/pgfplots/pgfplotsstackedplots.code.tex) (/nix/store/npj2d69a0dxgpxhz5v0kkh9qzz3ryhqm-texlive-combined-full-2024.20241027-texmfdist/tex/generic/pgfplots/pgfplotsplothandlers.code.tex (/nix/store/npj2d69a0dxgpxhz5v0kkh9qzz3ryhqm-texlive-combined-full-2024.20241027-texmfdist/tex/generic/pgfplots/pgfplotsmeshplothandler.code.tex (/nix/store/npj2d69a0dxgpxhz5v0kkh9qzz3ryhqm-texlive-combined-full-2024.20241027-texmfdist/tex/generic/pgfplots/pgfplotsmeshplotimage.code.tex))) (/nix/store/npj2d69a0dxgpxhz5v0kkh9qzz3ryhqm-texlive-combined-full-2024.20241027-texmfdist/tex/generic/pgfplots/pgfplots.scaling.code.tex) (/nix/store/npj2d69a0dxgpxhz5v0kkh9qzz3ryhqm-texlive-combined-full-2024.20241027-texmfdist/tex/generic/pgfplots/pgfplotscoordprocessing.code.tex) (/nix/store/npj2d69a0dxgpxhz5v0kkh9qzz3ryhqm-texlive-combined-full-2024.20241027-texmfdist/tex/generic/pgfplots/pgfplots.errorbars.code.tex) (/nix/store/npj2d69a0dxgpxhz5v0kkh9qzz3ryhqm-texlive-combined-full-2024.20241027-texmfdist/tex/generic/pgfplots/pgfplots.markers.code.tex) (/nix/store/npj2d69a0dxgpxhz5v0kkh9qzz3ryhqm-texlive-combined-full-2024.20241027-texmfdist/tex/generic/pgfplots/pgfplotsticks.code.tex) (/nix/store/npj2d69a0dxgpxhz5v0kkh9qzz3ryhqm-texlive-combined-full-2024.20241027-texmfdist/tex/generic/pgfplots/pgfplots.paths.code.tex) (/nix/store/npj2d69a0dxgpxhz5v0kkh9qzz3ryhqm-texlive-combined-full-2024.20241027-texmfdist/tex/generic/pgf/frontendlayer/tikz/libraries/tikzlibrarydecorations.code.tex (/nix/store/npj2d69a0dxgpxhz5v0kkh9qzz3ryhqm-texlive-combined-full-2024.20241027-texmfdist/tex/generic/pgf/modules/pgfmoduledecorations.code.tex
\pgfdecoratedcompleteddistance=\dimen195
\pgfdecoratedremainingdistance=\dimen196
\pgfdecoratedinputsegmentcompleteddistance=\dimen197
\pgfdecoratedinputsegmentremainingdistance=\dimen198
\pgf@decorate@distancetomove=\dimen199
\pgf@decorate@repeatstate=\count294
\pgfdecorationsegmentamplitude=\dimen256
\pgfdecorationsegmentlength=\dimen257
)
\tikz@lib@dec@box=\box63
) (/nix/store/npj2d69a0dxgpxhz5v0kkh9qzz3ryhqm-texlive-combined-full-2024.20241027-texmfdist/tex/generic/pgf/frontendlayer/tikz/libraries/tikzlibrarydecorations.pathmorphing.code.tex (/nix/store/npj2d69a0dxgpxhz5v0kkh9qzz3ryhqm-texlive-combined-full-2024.20241027-texmfdist/tex/generic/pgf/libraries/decorations/pgflibrarydecorations.pathmorphing.code.tex)) (/nix/store/npj2d69a0dxgpxhz5v0kkh9qzz3ryhqm-texlive-combined-full-2024.20241027-texmfdist/tex/generic/pgf/frontendlayer/tikz/libraries/tikzlibrarydecorations.pathreplacing.code.tex (/nix/store/npj2d69a0dxgpxhz5v0kkh9qzz3ryhqm-texlive-combined-full-2024.20241027-texmfdist/tex/generic/pgf/libraries/decorations/pgflibrarydecorations.pathreplacing.code.tex)) (/nix/store/npj2d69a0dxgpxhz5v0kkh9qzz3ryhqm-texlive-combined-full-2024.20241027-texmfdist/tex/generic/pgfplots/libs/tikzlibrarypgfplots.contourlua.code.tex)
\pgfplots@numplots=\count295
\pgfplots@xmin@reg=\dimen258
\pgfplots@xmax@reg=\dimen259
\pgfplots@ymin@reg=\dimen260
\pgfplots@ymax@reg=\dimen261
\pgfplots@zmin@reg=\dimen262
\pgfplots@zmax@reg=\dimen263
) (/nix/store/npj2d69a0dxgpxhz5v0kkh9qzz3ryhqm-texlive-combined-full-2024.20241027-texmfdist/tex/generic/pgf/frontendlayer/tikz/libraries/tikzlibraryplotmarks.code.tex
File: tikzlibraryplotmarks.code.tex 2023-01-15 v3.1.10 (3.1.10)
 (/nix/store/npj2d69a0dxgpxhz5v0kkh9qzz3ryhqm-texlive-combined-full-2024.20241027-texmfdist/tex/generic/pgf/libraries/pgflibraryplotmarks.code.tex
File: pgflibraryplotmarks.code.tex 2023-01-15 v3.1.10 (3.1.10)
))) (/nix/store/npj2d69a0dxgpxhz5v0kkh9qzz3ryhqm-texlive-combined-full-2024.20241027-texmfdist/tex/latex/geometry/geometry.sty
Package: geometry 2020/01/02 v5.9 Page Geometry
 (/nix/store/npj2d69a0dxgpxhz5v0kkh9qzz3ryhqm-texlive-combined-full-2024.20241027-texmfdist/tex/generic/iftex/ifvtex.sty
Package: ifvtex 2019/10/25 v1.7 ifvtex legacy package. Use iftex instead.
 (/nix/store/npj2d69a0dxgpxhz5v0kkh9qzz3ryhqm-texlive-combined-full-2024.20241027-texmfdist/tex/generic/iftex/iftex.sty
Package: iftex 2022/02/03 v1.0f TeX engine tests
))
\Gm@cnth=\count296
\Gm@cntv=\count297
\c@Gm@tempcnt=\count298
\Gm@bindingoffset=\dimen264
\Gm@wd@mp=\dimen265
\Gm@odd@mp=\dimen266
\Gm@even@mp=\dimen267
\Gm@layoutwidth=\dimen268
\Gm@layoutheight=\dimen269
\Gm@layouthoffset=\dimen270
\Gm@layoutvoffset=\dimen271
\Gm@dimlist=\toks37
) (/nix/store/npj2d69a0dxgpxhz5v0kkh9qzz3ryhqm-texlive-combined-full-2024.20241027-texmfdist/tex/latex/l3backend/l3backend-pdftex.def
File: l3backend-pdftex.def 2024-05-08 L3 backend support: PDF output (pdfTeX)
\l__color_backend_stack_int=\count299
\l__pdf_internal_box=\box64
) (./main.aux)
\openout1 = `main.aux'.

LaTeX Font Info:    Checking defaults for OML/cmm/m/it on input line 12.
LaTeX Font Info:    ... okay on input line 12.
LaTeX Font Info:    Checking defaults for OMS/cmsy/m/n on input line 12.
LaTeX Font Info:    ... okay on input line 12.
LaTeX Font Info:    Checking defaults for OT1/cmr/m/n on input line 12.
LaTeX Font Info:    ... okay on input line 12.
LaTeX Font Info:    Checking defaults for T1/cmr/m/n on input line 12.
LaTeX Font Info:    ... okay on input line 12.
LaTeX Font Info:    Checking defaults for TS1/cmr/m/n on input line 12.
LaTeX Font Info:    ... okay on input line 12.
LaTeX Font Info:    Checking defaults for OMX/cmex/m/n on input line 12.
LaTeX Font Info:    ... okay on input line 12.
LaTeX Font Info:    Checking defaults for U/cmr/m/n on input line 12.
LaTeX Font Info:    ... okay on input line 12.
 (/nix/store/npj2d69a0dxgpxhz5v0kkh9qzz3ryhqm-texlive-combined-full-2024.20241027-texmfdist/tex/context/base/mkii/supp-pdf.mkii
[Loading MPS to PDF converter (version 2006.09.02).]
\scratchcounter=\count300
\scratchdimen=\dimen272
\scratchbox=\box65
\nofMPsegments=\count301
\nofMParguments=\count302
\everyMPshowfont=\toks38
\MPscratchCnt=\count303
\MPscratchDim=\dimen273
\MPnumerator=\count304
\makeMPintoPDFobject=\count305
\everyMPtoPDFconversion=\toks39
) (/nix/store/npj2d69a0dxgpxhz5v0kkh9qzz3ryhqm-texlive-combined-full-2024.20241027-texmfdist/tex/latex/epstopdf-pkg/epstopdf-base.sty
Package: epstopdf-base 2020-01-24 v2.11 Base part for package epstopdf
Package epstopdf-base Info: Redefining graphics rule for `.eps' on input line 485.
 (/nix/store/npj2d69a0dxgpxhz5v0kkh9qzz3ryhqm-texlive-combined-full-2024.20241027-texmfdist/tex/latex/latexconfig/epstopdf-sys.cfg
File: epstopdf-sys.cfg 2010/07/13 v1.3 Configuration of (r)epstopdf for TeX Live
))

Package pgfplots Warning: running in backwards compatibility mode (unsuitable tick labels; missing features). Consider writing \pgfplotsset{compat=1.18} into your preamble.
 on input line 12.

*geometry* driver: auto-detecting
*geometry* detected driver: pdftex
*geometry* verbose mode - [ preamble ] result:
* driver: pdftex
* paper: a4paper
* layout: <same size as paper>
* layoutoffset:(h,v)=(0.0pt,0.0pt)
* modes: 
* h-part:(L,W,R)=(21.68121pt, 554.14545pt, 21.68121pt)
* v-part:(T,H,B)=(36.135pt, 772.77686pt, 36.135pt)
* \paperwidth=597.50787pt
* \paperheight=845.04684pt
* \textwidth=554.14545pt
* \textheight=772.77686pt
* \oddsidemargin=-50.58878pt
* \evensidemargin=-50.58878pt
* \topmargin=-73.135pt
* \headheight=12.0pt
* \headsep=25.0pt
* \topskip=10.0pt
* \footskip=30.0pt
* \marginparwidth=65.0pt
* \marginparsep=11.0pt
* \columnsep=10.0pt
* \skip\footins=9.0pt plus 4.0pt minus 2.0pt
* \hoffset=0.0pt
* \voffset=0.0pt
* \mag=1000
* \@twocolumnfalse
* \@twosidefalse
* \@mparswitchfalse
* \@reversemarginfalse
* (1in=72.27pt=25.4mm, 1cm=28.453pt)

LaTeX Font Info:    External font `cmex10' loaded for size
(Font)              <7> on input line 27.
LaTeX Font Info:    External font `cmex10' loaded for size
(Font)              <5> on input line 27.

Overfull \hbox (5.46278pt too wide) in paragraph at lines 28--29
[][] 
 []



[1

{/nix/store/cnmrpb3g7vdb33h2m1310yql53wxxwd0-texlive-combined-full-2024.20241027/share/texmf-var/fonts/map/pdftex/updmap/pdftex.map}] (./main.aux)
 ***********
LaTeX2e <2024-06-01> patch level 2
L3 programming layer <2024-10-09>
 ***********
 ) 
Here is how much of TeX's memory you used:
 22584 strings out of 473577
 620348 string characters out of 5700522
 1117772 words of memory out of 5000000
 45172 multiletter control sequences out of 15000+600000
 558069 words of font info for 36 fonts, out of 8000000 for 9000
 1141 hyphenation exceptions out of 8191
 99i,9n,107p,826b,1891s stack positions out of 10000i,1000n,20000p,200000b,200000s
</nix/store/npj2d69a0dxgpxhz5v0kkh9qzz3ryhqm-texlive-combined-full-2024.20241027-texmfdist/fonts/type1/public/amsfonts/cm/cmr10.pfb></nix/store/npj2d69a0dxgpxhz5v0kkh9qzz3ryhqm-texlive-combined-full-2024.20241027-texmfdist/fonts/type1/public/amsfonts/cm/cmsy10.pfb>
Output written on main.pdf (1 page, 22025 bytes).
PDF statistics:
 21 PDF objects out of 1000 (max. 8388607)
 13 compressed objects within 1 object stream
 0 named destinations out of 1000 (max. 500000)
 13 words of extra memory for PDF output out of 10000 (max. 10000000)

