This is pdfTeX, Version 3.141592653-2.6-1.40.26 (TeX Live 2024/nixos.org) (preloaded format=pdflatex 1980.1.1)  19 MAR 2025 16:09
entering extended mode
 restricted \write18 enabled.
 file:line:error style messages enabled.
 %&-line parsing enabled.
**/home/incog267/clones/notes/math/udst-notes/tex/u3/u3.tex
(/home/incog267/clones/notes/math/udst-notes/tex/u3/u3.tex
LaTeX2e <2024-06-01> patch level 2
L3 programming layer <2024-10-09>
(/nix/store/npj2d69a0dxgpxhz5v0kkh9qzz3ryhqm-texlive-combined-full-2024.20241027-texmfdist/tex/latex/base/book.cls
Document Class: book 2024/02/08 v1.4n Standard LaTeX document class
(/nix/store/npj2d69a0dxgpxhz5v0kkh9qzz3ryhqm-texlive-combined-full-2024.20241027-texmfdist/tex/latex/base/bk10.clo
File: bk10.clo 2024/02/08 v1.4n Standard LaTeX file (size option)
)
\c@part=\count194
\c@chapter=\count195
\c@section=\count196
\c@subsection=\count197
\c@subsubsection=\count198
\c@paragraph=\count199
\c@subparagraph=\count266
\c@figure=\count267
\c@table=\count268
\abovecaptionskip=\skip49
\belowcaptionskip=\skip50
\bibindent=\dimen141
) (/home/incog267/texmf/tex/latex/inc/inctech.sty
Package: inctech 2025/01/11 inctech package for technical documents
 (/nix/store/npj2d69a0dxgpxhz5v0kkh9qzz3ryhqm-texlive-combined-full-2024.20241027-texmfdist/tex/latex/blindtext/blindtext.sty
Package: blindtext 2012/01/06 V2.0 blindtext-Package
 (/nix/store/npj2d69a0dxgpxhz5v0kkh9qzz3ryhqm-texlive-combined-full-2024.20241027-texmfdist/tex/latex/tools/xspace.sty
Package: xspace 2014/10/28 v1.13 Space after command names (DPC,MH)
)
\c@blindtext=\count269
\c@Blindtext=\count270
\c@blind@countparstart=\count271
\blind@countxx=\count272
\blindtext@numBlindtext=\count273
\blind@countyy=\count274
\c@blindlist=\count275
\c@blindlistlevel=\count276
\c@blindlist@level=\count277
\blind@listitem=\count278
\c@blind@listcount=\count279
\c@blind@levelcount=\count280
\blind@mathformula=\count281
\blind@Mathformula=\count282
\c@blind@randomcount=\count283
\c@blind@randommax=\count284
\c@blind@pangramcount=\count285
\c@blind@pangrammax=\count286
) (/nix/store/npj2d69a0dxgpxhz5v0kkh9qzz3ryhqm-texlive-combined-full-2024.20241027-texmfdist/tex/latex/booktabs/booktabs.sty
Package: booktabs 2020/01/12 v1.61803398 Publication quality tables
\heavyrulewidth=\dimen142
\lightrulewidth=\dimen143
\cmidrulewidth=\dimen144
\belowrulesep=\dimen145
\belowbottomsep=\dimen146
\aboverulesep=\dimen147
\abovetopsep=\dimen148
\cmidrulesep=\dimen149
\cmidrulekern=\dimen150
\defaultaddspace=\dimen151
\@cmidla=\count287
\@cmidlb=\count288
\@aboverulesep=\dimen152
\@belowrulesep=\dimen153
\@thisruleclass=\count289
\@lastruleclass=\count290
\@thisrulewidth=\dimen154
) (/nix/store/npj2d69a0dxgpxhz5v0kkh9qzz3ryhqm-texlive-combined-full-2024.20241027-texmfdist/tex/latex/graphics/graphicx.sty
Package: graphicx 2021/09/16 v1.2d Enhanced LaTeX Graphics (DPC,SPQR)
 (/nix/store/npj2d69a0dxgpxhz5v0kkh9qzz3ryhqm-texlive-combined-full-2024.20241027-texmfdist/tex/latex/graphics/keyval.sty
Package: keyval 2022/05/29 v1.15 key=value parser (DPC)
\KV@toks@=\toks17
) (/nix/store/npj2d69a0dxgpxhz5v0kkh9qzz3ryhqm-texlive-combined-full-2024.20241027-texmfdist/tex/latex/graphics/graphics.sty
Package: graphics 2024/05/23 v1.4g Standard LaTeX Graphics (DPC,SPQR)
 (/nix/store/npj2d69a0dxgpxhz5v0kkh9qzz3ryhqm-texlive-combined-full-2024.20241027-texmfdist/tex/latex/graphics/trig.sty
Package: trig 2023/12/02 v1.11 sin cos tan (DPC)
) (/nix/store/npj2d69a0dxgpxhz5v0kkh9qzz3ryhqm-texlive-combined-full-2024.20241027-texmfdist/tex/latex/graphics-cfg/graphics.cfg
File: graphics.cfg 2016/06/04 v1.11 sample graphics configuration
)
Package graphics Info: Driver file: pdftex.def on input line 106.
 (/nix/store/npj2d69a0dxgpxhz5v0kkh9qzz3ryhqm-texlive-combined-full-2024.20241027-texmfdist/tex/latex/graphics-def/pdftex.def
File: pdftex.def 2024/04/13 v1.2c Graphics/color driver for pdftex
))
\Gin@req@height=\dimen155
\Gin@req@width=\dimen156
) (/nix/store/npj2d69a0dxgpxhz5v0kkh9qzz3ryhqm-texlive-combined-full-2024.20241027-texmfdist/tex/latex/base/textcomp.sty
Package: textcomp 2024/04/24 v2.1b Standard LaTeX package
) (/nix/store/npj2d69a0dxgpxhz5v0kkh9qzz3ryhqm-texlive-combined-full-2024.20241027-texmfdist/tex/latex/gensymb/gensymb.sty
Package: gensymb 2022/10/17 v1.0.2 (KJH)
) (/nix/store/npj2d69a0dxgpxhz5v0kkh9qzz3ryhqm-texlive-combined-full-2024.20241027-texmfdist/tex/latex/tools/longtable.sty
Package: longtable 2024-04-26 v4.20 Multi-page Table package (DPC)
\LTleft=\skip51
\LTright=\skip52
\LTpre=\skip53
\LTpost=\skip54
\LTchunksize=\count291
\LTcapwidth=\dimen157
\LT@head=\box52
\LT@firsthead=\box53
\LT@foot=\box54
\LT@lastfoot=\box55
\LT@gbox=\box56
\LT@cols=\count292
\LT@rows=\count293
\c@LT@tables=\count294
\c@LT@chunks=\count295
\LT@p@ftn=\toks18
) (/nix/store/npj2d69a0dxgpxhz5v0kkh9qzz3ryhqm-texlive-combined-full-2024.20241027-texmfdist/tex/latex/lipsum/lipsum.sty (/nix/store/npj2d69a0dxgpxhz5v0kkh9qzz3ryhqm-texlive-combined-full-2024.20241027-texmfdist/tex/latex/l3packages/l3keys2e/l3keys2e.sty (/nix/store/npj2d69a0dxgpxhz5v0kkh9qzz3ryhqm-texlive-combined-full-2024.20241027-texmfdist/tex/latex/l3kernel/expl3.sty
Package: expl3 2024-10-09 L3 programming layer (loader) 
 (/nix/store/npj2d69a0dxgpxhz5v0kkh9qzz3ryhqm-texlive-combined-full-2024.20241027-texmfdist/tex/latex/l3backend/l3backend-pdftex.def
File: l3backend-pdftex.def 2024-05-08 L3 backend support: PDF output (pdfTeX)
\l__color_backend_stack_int=\count296
\l__pdf_internal_box=\box57
))
Package: l3keys2e 2024-08-16 LaTeX2e option processing using LaTeX3 keys
)
Package: lipsum 2021-09-20 v2.7 150 paragraphs of Lorem Ipsum dummy text
\g__lipsum_par_int=\count297
\l__lipsum_a_int=\count298
\l__lipsum_b_int=\count299
 (/nix/store/npj2d69a0dxgpxhz5v0kkh9qzz3ryhqm-texlive-combined-full-2024.20241027-texmfdist/tex/latex/lipsum/lipsum.ltd.tex)) (/nix/store/npj2d69a0dxgpxhz5v0kkh9qzz3ryhqm-texlive-combined-full-2024.20241027-texmfdist/tex/latex/outlines/outlines.sty
Package: outlines 2012/1/23 1.1 Ch. Pecheur
 (/nix/store/npj2d69a0dxgpxhz5v0kkh9qzz3ryhqm-texlive-combined-full-2024.20241027-texmfdist/tex/latex/base/ifthen.sty
Package: ifthen 2024/03/16 v1.1e Standard LaTeX ifthen package (DPC)
)) (/nix/store/npj2d69a0dxgpxhz5v0kkh9qzz3ryhqm-texlive-combined-full-2024.20241027-texmfdist/tex/latex/svg/svg.sty
Package: svg 2020/11/26 v2.02k (include SVG pictures)
 (/nix/store/npj2d69a0dxgpxhz5v0kkh9qzz3ryhqm-texlive-combined-full-2024.20241027-texmfdist/tex/generic/iftex/iftex.sty
Package: iftex 2022/02/03 v1.0f TeX engine tests
) (/nix/store/npj2d69a0dxgpxhz5v0kkh9qzz3ryhqm-texlive-combined-full-2024.20241027-texmfdist/tex/latex/koma-script/scrbase.sty
Package: scrbase 2024/10/24 v3.43 KOMA-Script package (KOMA-Script-independent basics and keyval usage)
 (/nix/store/npj2d69a0dxgpxhz5v0kkh9qzz3ryhqm-texlive-combined-full-2024.20241027-texmfdist/tex/latex/koma-script/scrlfile.sty
Package: scrlfile 2024/10/24 v3.43 KOMA-Script package (file load hooks)
 (/nix/store/npj2d69a0dxgpxhz5v0kkh9qzz3ryhqm-texlive-combined-full-2024.20241027-texmfdist/tex/latex/koma-script/scrlfile-hook.sty
Package: scrlfile-hook 2024/10/24 v3.43 KOMA-Script package (using LaTeX hooks)
 (/nix/store/npj2d69a0dxgpxhz5v0kkh9qzz3ryhqm-texlive-combined-full-2024.20241027-texmfdist/tex/latex/koma-script/scrlogo.sty
Package: scrlogo 2024/10/24 v3.43 KOMA-Script package (logo)
)))
Applying: [2021/05/01] Usage of raw or classic option list on input line 254.
Already applied: [0000/00/00] Usage of raw or classic option list on input line 370.
) (/nix/store/npj2d69a0dxgpxhz5v0kkh9qzz3ryhqm-texlive-combined-full-2024.20241027-texmfdist/tex/generic/pdftexcmds/pdftexcmds.sty
Package: pdftexcmds 2020-06-27 v0.33 Utility functions of pdfTeX for LuaTeX (HO)
 (/nix/store/npj2d69a0dxgpxhz5v0kkh9qzz3ryhqm-texlive-combined-full-2024.20241027-texmfdist/tex/generic/infwarerr/infwarerr.sty
Package: infwarerr 2019/12/03 v1.5 Providing info/warning/error messages (HO)
) (/nix/store/npj2d69a0dxgpxhz5v0kkh9qzz3ryhqm-texlive-combined-full-2024.20241027-texmfdist/tex/generic/ltxcmds/ltxcmds.sty
Package: ltxcmds 2023-12-04 v1.26 LaTeX kernel commands for general use (HO)
)
Package pdftexcmds Info: \pdf@primitive is available.
Package pdftexcmds Info: \pdf@ifprimitive is available.
Package pdftexcmds Info: \pdfdraftmode found.
) (/nix/store/npj2d69a0dxgpxhz5v0kkh9qzz3ryhqm-texlive-combined-full-2024.20241027-texmfdist/tex/latex/trimspaces/trimspaces.sty
Package: trimspaces 2009/09/17 v1.1 Trim spaces around a token list
) (/nix/store/npj2d69a0dxgpxhz5v0kkh9qzz3ryhqm-texlive-combined-full-2024.20241027-texmfdist/tex/latex/tools/shellesc.sty
Package: shellesc 2023/07/08 v1.0d unified shell escape interface for LaTeX
Package shellesc Info: Restricted shell escape enabled on input line 77.
)
\c@svg@param@lastpage=\count300
\svg@box=\box58
\c@svg@param@currpage=\count301
) (/nix/store/npj2d69a0dxgpxhz5v0kkh9qzz3ryhqm-texlive-combined-full-2024.20241027-texmfdist/tex/latex/xcolor/xcolor.sty
Package: xcolor 2024/09/29 v3.02 LaTeX color extensions (UK)
 (/nix/store/npj2d69a0dxgpxhz5v0kkh9qzz3ryhqm-texlive-combined-full-2024.20241027-texmfdist/tex/latex/graphics-cfg/color.cfg
File: color.cfg 2016/01/02 v1.6 sample color configuration
)
Package xcolor Info: Driver file: pdftex.def on input line 274.
 (/nix/store/npj2d69a0dxgpxhz5v0kkh9qzz3ryhqm-texlive-combined-full-2024.20241027-texmfdist/tex/latex/graphics/mathcolor.ltx)
Package xcolor Info: Model `cmy' substituted by `cmy0' on input line 1349.
Package xcolor Info: Model `hsb' substituted by `rgb' on input line 1353.
Package xcolor Info: Model `RGB' extended on input line 1365.
Package xcolor Info: Model `HTML' substituted by `rgb' on input line 1367.
Package xcolor Info: Model `Hsb' substituted by `hsb' on input line 1368.
Package xcolor Info: Model `tHsb' substituted by `hsb' on input line 1369.
Package xcolor Info: Model `HSB' substituted by `hsb' on input line 1370.
Package xcolor Info: Model `Gray' substituted by `gray' on input line 1371.
Package xcolor Info: Model `wave' substituted by `hsb' on input line 1372.
) (/nix/store/npj2d69a0dxgpxhz5v0kkh9qzz3ryhqm-texlive-combined-full-2024.20241027-texmfdist/tex/latex/transparent/transparent.sty
Package: transparent 2022-10-27 v1.5 Transparency with color stacks
 (/nix/store/npj2d69a0dxgpxhz5v0kkh9qzz3ryhqm-texlive-combined-full-2024.20241027-texmfdist/tex/latex/transparent/transparent-nometadata.sty
Package: transparent-nometadata 2022-10-27 v1.5 Transparency via pdfTeX's color stack (HO)
 (/nix/store/npj2d69a0dxgpxhz5v0kkh9qzz3ryhqm-texlive-combined-full-2024.20241027-texmfdist/tex/latex/auxhook/auxhook.sty
Package: auxhook 2019-12-17 v1.6 Hooks for auxiliary files (HO)
))) (/nix/store/npj2d69a0dxgpxhz5v0kkh9qzz3ryhqm-texlive-combined-full-2024.20241027-texmfdist/tex/latex/pgf/systemlayer/pgfsys.sty (/nix/store/npj2d69a0dxgpxhz5v0kkh9qzz3ryhqm-texlive-combined-full-2024.20241027-texmfdist/tex/latex/pgf/utilities/pgfrcs.sty (/nix/store/npj2d69a0dxgpxhz5v0kkh9qzz3ryhqm-texlive-combined-full-2024.20241027-texmfdist/tex/generic/pgf/utilities/pgfutil-common.tex
\pgfutil@everybye=\toks19
\pgfutil@tempdima=\dimen158
\pgfutil@tempdimb=\dimen159
) (/nix/store/npj2d69a0dxgpxhz5v0kkh9qzz3ryhqm-texlive-combined-full-2024.20241027-texmfdist/tex/generic/pgf/utilities/pgfutil-latex.def
\pgfutil@abb=\box59
) (/nix/store/npj2d69a0dxgpxhz5v0kkh9qzz3ryhqm-texlive-combined-full-2024.20241027-texmfdist/tex/generic/pgf/utilities/pgfrcs.code.tex (/nix/store/npj2d69a0dxgpxhz5v0kkh9qzz3ryhqm-texlive-combined-full-2024.20241027-texmfdist/tex/generic/pgf/pgf.revision.tex)
Package: pgfrcs 2023-01-15 v3.1.10 (3.1.10)
)) (/nix/store/npj2d69a0dxgpxhz5v0kkh9qzz3ryhqm-texlive-combined-full-2024.20241027-texmfdist/tex/generic/pgf/systemlayer/pgfsys.code.tex
Package: pgfsys 2023-01-15 v3.1.10 (3.1.10)
 (/nix/store/npj2d69a0dxgpxhz5v0kkh9qzz3ryhqm-texlive-combined-full-2024.20241027-texmfdist/tex/generic/pgf/utilities/pgfkeys.code.tex
\pgfkeys@pathtoks=\toks20
\pgfkeys@temptoks=\toks21
 (/nix/store/npj2d69a0dxgpxhz5v0kkh9qzz3ryhqm-texlive-combined-full-2024.20241027-texmfdist/tex/generic/pgf/utilities/pgfkeyslibraryfiltered.code.tex
\pgfkeys@tmptoks=\toks22
))
\pgf@x=\dimen160
\pgf@y=\dimen161
\pgf@xa=\dimen162
\pgf@ya=\dimen163
\pgf@xb=\dimen164
\pgf@yb=\dimen165
\pgf@xc=\dimen166
\pgf@yc=\dimen167
\pgf@xd=\dimen168
\pgf@yd=\dimen169
\w@pgf@writea=\write3
\r@pgf@reada=\read2
\c@pgf@counta=\count302
\c@pgf@countb=\count303
\c@pgf@countc=\count304
\c@pgf@countd=\count305
\t@pgf@toka=\toks23
\t@pgf@tokb=\toks24
\t@pgf@tokc=\toks25
\pgf@sys@id@count=\count306
 (/nix/store/npj2d69a0dxgpxhz5v0kkh9qzz3ryhqm-texlive-combined-full-2024.20241027-texmfdist/tex/generic/pgf/systemlayer/pgf.cfg
File: pgf.cfg 2023-01-15 v3.1.10 (3.1.10)
)
Driver file for pgf: pgfsys-pdftex.def
 (/nix/store/npj2d69a0dxgpxhz5v0kkh9qzz3ryhqm-texlive-combined-full-2024.20241027-texmfdist/tex/generic/pgf/systemlayer/pgfsys-pdftex.def
File: pgfsys-pdftex.def 2023-01-15 v3.1.10 (3.1.10)
 (/nix/store/npj2d69a0dxgpxhz5v0kkh9qzz3ryhqm-texlive-combined-full-2024.20241027-texmfdist/tex/generic/pgf/systemlayer/pgfsys-common-pdf.def
File: pgfsys-common-pdf.def 2023-01-15 v3.1.10 (3.1.10)
))) (/nix/store/npj2d69a0dxgpxhz5v0kkh9qzz3ryhqm-texlive-combined-full-2024.20241027-texmfdist/tex/generic/pgf/systemlayer/pgfsyssoftpath.code.tex
File: pgfsyssoftpath.code.tex 2023-01-15 v3.1.10 (3.1.10)
\pgfsyssoftpath@smallbuffer@items=\count307
\pgfsyssoftpath@bigbuffer@items=\count308
) (/nix/store/npj2d69a0dxgpxhz5v0kkh9qzz3ryhqm-texlive-combined-full-2024.20241027-texmfdist/tex/generic/pgf/systemlayer/pgfsysprotocol.code.tex
File: pgfsysprotocol.code.tex 2023-01-15 v3.1.10 (3.1.10)
)) (/nix/store/npj2d69a0dxgpxhz5v0kkh9qzz3ryhqm-texlive-combined-full-2024.20241027-texmfdist/tex/latex/mathtools/mathtools.sty
Package: mathtools 2024/10/04 v1.31 mathematical typesetting tools
 (/nix/store/npj2d69a0dxgpxhz5v0kkh9qzz3ryhqm-texlive-combined-full-2024.20241027-texmfdist/tex/latex/tools/calc.sty
Package: calc 2023/07/08 v4.3 Infix arithmetic (KKT,FJ)
\calc@Acount=\count309
\calc@Bcount=\count310
\calc@Adimen=\dimen170
\calc@Bdimen=\dimen171
\calc@Askip=\skip55
\calc@Bskip=\skip56
LaTeX Info: Redefining \setlength on input line 80.
LaTeX Info: Redefining \addtolength on input line 81.
\calc@Ccount=\count311
\calc@Cskip=\skip57
) (/nix/store/npj2d69a0dxgpxhz5v0kkh9qzz3ryhqm-texlive-combined-full-2024.20241027-texmfdist/tex/latex/mathtools/mhsetup.sty
Package: mhsetup 2021/03/18 v1.4 programming setup (MH)
) (/nix/store/npj2d69a0dxgpxhz5v0kkh9qzz3ryhqm-texlive-combined-full-2024.20241027-texmfdist/tex/latex/amsmath/amsmath.sty
Package: amsmath 2024/05/23 v2.17q AMS math features
\@mathmargin=\skip58

For additional information on amsmath, use the `?' option.
(/nix/store/npj2d69a0dxgpxhz5v0kkh9qzz3ryhqm-texlive-combined-full-2024.20241027-texmfdist/tex/latex/amsmath/amstext.sty
Package: amstext 2021/08/26 v2.01 AMS text
 (/nix/store/npj2d69a0dxgpxhz5v0kkh9qzz3ryhqm-texlive-combined-full-2024.20241027-texmfdist/tex/latex/amsmath/amsgen.sty
File: amsgen.sty 1999/11/30 v2.0 generic functions
\@emptytoks=\toks26
\ex@=\dimen172
)) (/nix/store/npj2d69a0dxgpxhz5v0kkh9qzz3ryhqm-texlive-combined-full-2024.20241027-texmfdist/tex/latex/amsmath/amsbsy.sty
Package: amsbsy 1999/11/29 v1.2d Bold Symbols
\pmbraise@=\dimen173
) (/nix/store/npj2d69a0dxgpxhz5v0kkh9qzz3ryhqm-texlive-combined-full-2024.20241027-texmfdist/tex/latex/amsmath/amsopn.sty
Package: amsopn 2022/04/08 v2.04 operator names
)
\inf@bad=\count312
LaTeX Info: Redefining \frac on input line 233.
\uproot@=\count313
\leftroot@=\count314
LaTeX Info: Redefining \overline on input line 398.
LaTeX Info: Redefining \colon on input line 409.
\classnum@=\count315
\DOTSCASE@=\count316
LaTeX Info: Redefining \ldots on input line 495.
LaTeX Info: Redefining \dots on input line 498.
LaTeX Info: Redefining \cdots on input line 619.
\Mathstrutbox@=\box60
\strutbox@=\box61
LaTeX Info: Redefining \big on input line 721.
LaTeX Info: Redefining \Big on input line 722.
LaTeX Info: Redefining \bigg on input line 723.
LaTeX Info: Redefining \Bigg on input line 724.
\big@size=\dimen174
LaTeX Font Info:    Redeclaring font encoding OML on input line 742.
LaTeX Font Info:    Redeclaring font encoding OMS on input line 743.
\macc@depth=\count317
LaTeX Info: Redefining \bmod on input line 904.
LaTeX Info: Redefining \pmod on input line 909.
LaTeX Info: Redefining \smash on input line 939.
LaTeX Info: Redefining \relbar on input line 969.
LaTeX Info: Redefining \Relbar on input line 970.
\c@MaxMatrixCols=\count318
\dotsspace@=\muskip17
\c@parentequation=\count319
\dspbrk@lvl=\count320
\tag@help=\toks27
\row@=\count321
\column@=\count322
\maxfields@=\count323
\andhelp@=\toks28
\eqnshift@=\dimen175
\alignsep@=\dimen176
\tagshift@=\dimen177
\tagwidth@=\dimen178
\totwidth@=\dimen179
\lineht@=\dimen180
\@envbody=\toks29
\multlinegap=\skip59
\multlinetaggap=\skip60
\mathdisplay@stack=\toks30
LaTeX Info: Redefining \[ on input line 2953.
LaTeX Info: Redefining \] on input line 2954.
)
\g_MT_multlinerow_int=\count324
\l_MT_multwidth_dim=\dimen181
\origjot=\skip61
\l_MT_shortvdotswithinadjustabove_dim=\dimen182
\l_MT_shortvdotswithinadjustbelow_dim=\dimen183
\l_MT_above_intertext_sep=\dimen184
\l_MT_below_intertext_sep=\dimen185
\l_MT_above_shortintertext_sep=\dimen186
\l_MT_below_shortintertext_sep=\dimen187
\xmathstrut@box=\box62
\xmathstrut@dim=\dimen188
) (/nix/store/npj2d69a0dxgpxhz5v0kkh9qzz3ryhqm-texlive-combined-full-2024.20241027-texmfdist/tex/latex/amsfonts/amssymb.sty
Package: amssymb 2013/01/14 v3.01 AMS font symbols
 (/nix/store/npj2d69a0dxgpxhz5v0kkh9qzz3ryhqm-texlive-combined-full-2024.20241027-texmfdist/tex/latex/amsfonts/amsfonts.sty
Package: amsfonts 2013/01/14 v3.01 Basic AMSFonts support
\symAMSa=\mathgroup4
\symAMSb=\mathgroup5
LaTeX Font Info:    Redeclaring math symbol \hbar on input line 98.
LaTeX Font Info:    Overwriting math alphabet `\mathfrak' in version `bold'
(Font)                  U/euf/m/n --> U/euf/b/n on input line 106.
)) (/nix/store/npj2d69a0dxgpxhz5v0kkh9qzz3ryhqm-texlive-combined-full-2024.20241027-texmfdist/tex/latex/amscls/amsthm.sty
Package: amsthm 2020/05/29 v2.20.6
\thm@style=\toks31
\thm@bodyfont=\toks32
\thm@headfont=\toks33
\thm@notefont=\toks34
\thm@headpunct=\toks35
\thm@preskip=\skip62
\thm@postskip=\skip63
\thm@headsep=\skip64
\dth@everypar=\toks36
) (/nix/store/npj2d69a0dxgpxhz5v0kkh9qzz3ryhqm-texlive-combined-full-2024.20241027-texmfdist/tex/latex/tools/array.sty
Package: array 2024/06/14 v2.6d Tabular extension package (FMi)
\col@sep=\dimen189
\ar@mcellbox=\box63
\extrarowheight=\dimen190
\NC@list=\toks37
\extratabsurround=\skip65
\backup@length=\skip66
\ar@cellbox=\box64
) (/nix/store/npj2d69a0dxgpxhz5v0kkh9qzz3ryhqm-texlive-combined-full-2024.20241027-texmfdist/tex/latex/polynom/polynom.sty
Package: polynom 2017/07/17 0.19 (CH,HA)
\pld@currstage=\count325
) (/nix/store/npj2d69a0dxgpxhz5v0kkh9qzz3ryhqm-texlive-combined-full-2024.20241027-texmfdist/tex/latex/hyperref/hyperref.sty
Package: hyperref 2024-07-10 v7.01j Hypertext links for LaTeX
 (/nix/store/npj2d69a0dxgpxhz5v0kkh9qzz3ryhqm-texlive-combined-full-2024.20241027-texmfdist/tex/latex/kvsetkeys/kvsetkeys.sty
Package: kvsetkeys 2022-10-05 v1.19 Key value parser (HO)
) (/nix/store/npj2d69a0dxgpxhz5v0kkh9qzz3ryhqm-texlive-combined-full-2024.20241027-texmfdist/tex/generic/kvdefinekeys/kvdefinekeys.sty
Package: kvdefinekeys 2019-12-19 v1.6 Define keys (HO)
) (/nix/store/npj2d69a0dxgpxhz5v0kkh9qzz3ryhqm-texlive-combined-full-2024.20241027-texmfdist/tex/generic/pdfescape/pdfescape.sty
Package: pdfescape 2019/12/09 v1.15 Implements pdfTeX's escape features (HO)
) (/nix/store/npj2d69a0dxgpxhz5v0kkh9qzz3ryhqm-texlive-combined-full-2024.20241027-texmfdist/tex/latex/hycolor/hycolor.sty
Package: hycolor 2020-01-27 v1.10 Color options for hyperref/bookmark (HO)
) (/nix/store/npj2d69a0dxgpxhz5v0kkh9qzz3ryhqm-texlive-combined-full-2024.20241027-texmfdist/tex/latex/hyperref/nameref.sty
Package: nameref 2023-11-26 v2.56 Cross-referencing by name of section
 (/nix/store/npj2d69a0dxgpxhz5v0kkh9qzz3ryhqm-texlive-combined-full-2024.20241027-texmfdist/tex/latex/refcount/refcount.sty
Package: refcount 2019/12/15 v3.6 Data extraction from label references (HO)
) (/nix/store/npj2d69a0dxgpxhz5v0kkh9qzz3ryhqm-texlive-combined-full-2024.20241027-texmfdist/tex/generic/gettitlestring/gettitlestring.sty
Package: gettitlestring 2019/12/15 v1.6 Cleanup title references (HO)
 (/nix/store/npj2d69a0dxgpxhz5v0kkh9qzz3ryhqm-texlive-combined-full-2024.20241027-texmfdist/tex/latex/kvoptions/kvoptions.sty
Package: kvoptions 2022-06-15 v3.15 Key value format for package options (HO)
))
\c@section@level=\count326
) (/nix/store/npj2d69a0dxgpxhz5v0kkh9qzz3ryhqm-texlive-combined-full-2024.20241027-texmfdist/tex/latex/etoolbox/etoolbox.sty
Package: etoolbox 2020/10/05 v2.5k e-TeX tools for LaTeX (JAW)
\etb@tempcnta=\count327
) (/nix/store/npj2d69a0dxgpxhz5v0kkh9qzz3ryhqm-texlive-combined-full-2024.20241027-texmfdist/tex/generic/stringenc/stringenc.sty
Package: stringenc 2019/11/29 v1.12 Convert strings between diff. encodings (HO)
)
\@linkdim=\dimen191
\Hy@linkcounter=\count328
\Hy@pagecounter=\count329
 (/nix/store/npj2d69a0dxgpxhz5v0kkh9qzz3ryhqm-texlive-combined-full-2024.20241027-texmfdist/tex/latex/hyperref/pd1enc.def
File: pd1enc.def 2024-07-10 v7.01j Hyperref: PDFDocEncoding definition (HO)
Now handling font encoding PD1 ...
... no UTF-8 mapping file for font encoding PD1
) (/nix/store/npj2d69a0dxgpxhz5v0kkh9qzz3ryhqm-texlive-combined-full-2024.20241027-texmfdist/tex/generic/intcalc/intcalc.sty
Package: intcalc 2019/12/15 v1.3 Expandable calculations with integers (HO)
)
\Hy@SavedSpaceFactor=\count330
 (/nix/store/npj2d69a0dxgpxhz5v0kkh9qzz3ryhqm-texlive-combined-full-2024.20241027-texmfdist/tex/latex/hyperref/puenc.def
File: puenc.def 2024-07-10 v7.01j Hyperref: PDF Unicode definition (HO)
Now handling font encoding PU ...
... no UTF-8 mapping file for font encoding PU
)
Package hyperref Info: Hyper figures OFF on input line 4157.
Package hyperref Info: Link nesting OFF on input line 4162.
Package hyperref Info: Hyper index ON on input line 4165.
Package hyperref Info: Plain pages OFF on input line 4172.
Package hyperref Info: Backreferencing OFF on input line 4177.
Package hyperref Info: Implicit mode ON; LaTeX internals redefined.
Package hyperref Info: Bookmarks ON on input line 4424.
\c@Hy@tempcnt=\count331
 (/nix/store/npj2d69a0dxgpxhz5v0kkh9qzz3ryhqm-texlive-combined-full-2024.20241027-texmfdist/tex/latex/url/url.sty
\Urlmuskip=\muskip18
Package: url 2013/09/16  ver 3.4  Verb mode for urls, etc.
)
LaTeX Info: Redefining \url on input line 4763.
\XeTeXLinkMargin=\dimen192
 (/nix/store/npj2d69a0dxgpxhz5v0kkh9qzz3ryhqm-texlive-combined-full-2024.20241027-texmfdist/tex/generic/bitset/bitset.sty
Package: bitset 2019/12/09 v1.3 Handle bit-vector datatype (HO)
 (/nix/store/npj2d69a0dxgpxhz5v0kkh9qzz3ryhqm-texlive-combined-full-2024.20241027-texmfdist/tex/generic/bigintcalc/bigintcalc.sty
Package: bigintcalc 2019/12/15 v1.5 Expandable calculations on big integers (HO)
))
\Fld@menulength=\count332
\Field@Width=\dimen193
\Fld@charsize=\dimen194
Package hyperref Info: Hyper figures OFF on input line 6042.
Package hyperref Info: Link nesting OFF on input line 6047.
Package hyperref Info: Hyper index ON on input line 6050.
Package hyperref Info: backreferencing OFF on input line 6057.
Package hyperref Info: Link coloring OFF on input line 6062.
Package hyperref Info: Link coloring with OCG OFF on input line 6067.
Package hyperref Info: PDF/A mode OFF on input line 6072.
 (/nix/store/npj2d69a0dxgpxhz5v0kkh9qzz3ryhqm-texlive-combined-full-2024.20241027-texmfdist/tex/latex/base/atbegshi-ltx.sty
Package: atbegshi-ltx 2021/01/10 v1.0c Emulation of the original atbegshi
package with kernel methods
)
\Hy@abspage=\count333
\c@Item=\count334
\c@Hfootnote=\count335
)
Package hyperref Info: Driver (autodetected): hpdftex.
 (/nix/store/npj2d69a0dxgpxhz5v0kkh9qzz3ryhqm-texlive-combined-full-2024.20241027-texmfdist/tex/latex/hyperref/hpdftex.def
File: hpdftex.def 2024-07-10 v7.01j Hyperref driver for pdfTeX
 (/nix/store/npj2d69a0dxgpxhz5v0kkh9qzz3ryhqm-texlive-combined-full-2024.20241027-texmfdist/tex/latex/base/atveryend-ltx.sty
Package: atveryend-ltx 2020/08/19 v1.0a Emulation of the original atveryend package
with kernel methods
)
\Fld@listcount=\count336
\c@bookmark@seq@number=\count337
 (/nix/store/npj2d69a0dxgpxhz5v0kkh9qzz3ryhqm-texlive-combined-full-2024.20241027-texmfdist/tex/latex/rerunfilecheck/rerunfilecheck.sty
Package: rerunfilecheck 2022-07-10 v1.10 Rerun checks for auxiliary files (HO)
 (/nix/store/npj2d69a0dxgpxhz5v0kkh9qzz3ryhqm-texlive-combined-full-2024.20241027-texmfdist/tex/generic/uniquecounter/uniquecounter.sty
Package: uniquecounter 2019/12/15 v1.4 Provide unlimited unique counter (HO)
)
Package uniquecounter Info: New unique counter `rerunfilecheck' on input line 285.
)
\Hy@SectionHShift=\skip67
) (/nix/store/npj2d69a0dxgpxhz5v0kkh9qzz3ryhqm-texlive-combined-full-2024.20241027-texmfdist/tex/latex/geometry/geometry.sty
Package: geometry 2020/01/02 v5.9 Page Geometry
 (/nix/store/npj2d69a0dxgpxhz5v0kkh9qzz3ryhqm-texlive-combined-full-2024.20241027-texmfdist/tex/generic/iftex/ifvtex.sty
Package: ifvtex 2019/10/25 v1.7 ifvtex legacy package. Use iftex instead.
)
\Gm@cnth=\count338
\Gm@cntv=\count339
\c@Gm@tempcnt=\count340
\Gm@bindingoffset=\dimen195
\Gm@wd@mp=\dimen196
\Gm@odd@mp=\dimen197
\Gm@even@mp=\dimen198
\Gm@layoutwidth=\dimen199
\Gm@layoutheight=\dimen256
\Gm@layouthoffset=\dimen257
\Gm@layoutvoffset=\dimen258
\Gm@dimlist=\toks38
) (/nix/store/npj2d69a0dxgpxhz5v0kkh9qzz3ryhqm-texlive-combined-full-2024.20241027-texmfdist/tex/latex/imakeidx/imakeidx.sty
Package: imakeidx 2016/10/15 v1.3e Package for typesetting indices in a synchronous mode
 (/nix/store/npj2d69a0dxgpxhz5v0kkh9qzz3ryhqm-texlive-combined-full-2024.20241027-texmfdist/tex/latex/xkeyval/xkeyval.sty
Package: xkeyval 2022/06/16 v2.9 package option processing (HA)
 (/nix/store/npj2d69a0dxgpxhz5v0kkh9qzz3ryhqm-texlive-combined-full-2024.20241027-texmfdist/tex/generic/xkeyval/xkeyval.tex (/nix/store/npj2d69a0dxgpxhz5v0kkh9qzz3ryhqm-texlive-combined-full-2024.20241027-texmfdist/tex/generic/xkeyval/xkvutils.tex
\XKV@toks=\toks39
\XKV@tempa@toks=\toks40
)
\XKV@depth=\count341
File: xkeyval.tex 2014/12/03 v2.7a key=value parser (HA)
)) (/nix/store/npj2d69a0dxgpxhz5v0kkh9qzz3ryhqm-texlive-combined-full-2024.20241027-texmfdist/tex/generic/iftex/ifxetex.sty
Package: ifxetex 2019/10/25 v0.7 ifxetex legacy package. Use iftex instead.
) (/nix/store/npj2d69a0dxgpxhz5v0kkh9qzz3ryhqm-texlive-combined-full-2024.20241027-texmfdist/tex/generic/iftex/ifluatex.sty
Package: ifluatex 2019/10/25 v1.5 ifluatex legacy package. Use iftex instead.
) (/nix/store/npj2d69a0dxgpxhz5v0kkh9qzz3ryhqm-texlive-combined-full-2024.20241027-texmfdist/tex/latex/tools/multicol.sty
Package: multicol 2024/05/23 v1.9h multicolumn formatting (FMi)
\c@tracingmulticols=\count342
\mult@box=\box65
\multicol@leftmargin=\dimen259
\c@unbalance=\count343
\c@collectmore=\count344
\doublecol@number=\count345
\multicoltolerance=\count346
\multicolpretolerance=\count347
\full@width=\dimen260
\page@free=\dimen261
\premulticols=\dimen262
\postmulticols=\dimen263
\multicolsep=\skip68
\multicolbaselineskip=\skip69
\partial@page=\box66
\last@line=\box67
\mc@boxedresult=\box68
\maxbalancingoverflow=\dimen264
\mult@rightbox=\box69
\mult@grightbox=\box70
\mult@firstbox=\box71
\mult@gfirstbox=\box72
\@tempa=\box73
\@tempa=\box74
\@tempa=\box75
\@tempa=\box76
\@tempa=\box77
\@tempa=\box78
\@tempa=\box79
\@tempa=\box80
\@tempa=\box81
\@tempa=\box82
\@tempa=\box83
\@tempa=\box84
\@tempa=\box85
\@tempa=\box86
\@tempa=\box87
\@tempa=\box88
\@tempa=\box89
\@tempa=\box90
\@tempa=\box91
\@tempa=\box92
\@tempa=\box93
\@tempa=\box94
\@tempa=\box95
\@tempa=\box96
\@tempa=\box97
\@tempa=\box98
\@tempa=\box99
\@tempa=\box100
\@tempa=\box101
\@tempa=\box102
\@tempa=\box103
\@tempa=\box104
\@tempa=\box105
\@tempa=\box106
\@tempa=\box107
\@tempa=\box108
\c@minrows=\count348
\c@columnbadness=\count349
\c@finalcolumnbadness=\count350
\last@try=\dimen265
\multicolovershoot=\dimen266
\multicolundershoot=\dimen267
\mult@nat@firstbox=\box109
\colbreak@box=\box110
\mc@col@check@num=\count351
)) (/nix/store/npj2d69a0dxgpxhz5v0kkh9qzz3ryhqm-texlive-combined-full-2024.20241027-texmfdist/tex/latex/fancyhdr/fancyhdr.sty
Package: fancyhdr 2024/07/23 v4.3.1 Extensive control of page headers and footers
\f@nch@headwidth=\skip70
\f@nch@O@elh=\skip71
\f@nch@O@erh=\skip72
\f@nch@O@olh=\skip73
\f@nch@O@orh=\skip74
\f@nch@O@elf=\skip75
\f@nch@O@erf=\skip76
\f@nch@O@olf=\skip77
\f@nch@O@orf=\skip78
) (/nix/store/npj2d69a0dxgpxhz5v0kkh9qzz3ryhqm-texlive-combined-full-2024.20241027-texmfdist/tex/latex/pagecolor/pagecolor.sty
Package: pagecolor 2023-04-18 v1.2c Provides thepagecolor (HMM)
) (/nix/store/npj2d69a0dxgpxhz5v0kkh9qzz3ryhqm-texlive-combined-full-2024.20241027-texmfdist/tex/latex/makecell/makecell.sty
Package: makecell 2009/08/03 V0.1e Managing of Tab Column Heads and Cells
\rotheadsize=\dimen268
\c@nlinenum=\count352
\TeXr@lab=\toks41
) (/nix/store/npj2d69a0dxgpxhz5v0kkh9qzz3ryhqm-texlive-combined-full-2024.20241027-texmfdist/tex/latex/bookmark/bookmark.sty
Package: bookmark 2023-12-10 v1.31 PDF bookmarks (HO)
 (/nix/store/npj2d69a0dxgpxhz5v0kkh9qzz3ryhqm-texlive-combined-full-2024.20241027-texmfdist/tex/latex/bookmark/bkm-pdftex.def
File: bkm-pdftex.def 2023-12-10 v1.31 bookmark driver for pdfTeX and luaTeX (HO)
\BKM@id=\count353
)) (/nix/store/npj2d69a0dxgpxhz5v0kkh9qzz3ryhqm-texlive-combined-full-2024.20241027-texmfdist/tex/latex/tools/tabularx.sty
Package: tabularx 2023/12/11 v2.12a `tabularx' package (DPC)
\TX@col@width=\dimen269
\TX@old@table=\dimen270
\TX@old@col=\dimen271
\TX@target=\dimen272
\TX@delta=\dimen273
\TX@cols=\count354
\TX@ftn=\toks42
) (/nix/store/npj2d69a0dxgpxhz5v0kkh9qzz3ryhqm-texlive-combined-full-2024.20241027-texmfdist/tex/latex/pgf/frontendlayer/tikz.sty (/nix/store/npj2d69a0dxgpxhz5v0kkh9qzz3ryhqm-texlive-combined-full-2024.20241027-texmfdist/tex/latex/pgf/basiclayer/pgf.sty
Package: pgf 2023-01-15 v3.1.10 (3.1.10)
 (/nix/store/npj2d69a0dxgpxhz5v0kkh9qzz3ryhqm-texlive-combined-full-2024.20241027-texmfdist/tex/latex/pgf/basiclayer/pgfcore.sty (/nix/store/npj2d69a0dxgpxhz5v0kkh9qzz3ryhqm-texlive-combined-full-2024.20241027-texmfdist/tex/generic/pgf/basiclayer/pgfcore.code.tex
Package: pgfcore 2023-01-15 v3.1.10 (3.1.10)
 (/nix/store/npj2d69a0dxgpxhz5v0kkh9qzz3ryhqm-texlive-combined-full-2024.20241027-texmfdist/tex/generic/pgf/math/pgfmath.code.tex (/nix/store/npj2d69a0dxgpxhz5v0kkh9qzz3ryhqm-texlive-combined-full-2024.20241027-texmfdist/tex/generic/pgf/math/pgfmathutil.code.tex) (/nix/store/npj2d69a0dxgpxhz5v0kkh9qzz3ryhqm-texlive-combined-full-2024.20241027-texmfdist/tex/generic/pgf/math/pgfmathparser.code.tex
\pgfmath@dimen=\dimen274
\pgfmath@count=\count355
\pgfmath@box=\box111
\pgfmath@toks=\toks43
\pgfmath@stack@operand=\toks44
\pgfmath@stack@operation=\toks45
) (/nix/store/npj2d69a0dxgpxhz5v0kkh9qzz3ryhqm-texlive-combined-full-2024.20241027-texmfdist/tex/generic/pgf/math/pgfmathfunctions.code.tex) (/nix/store/npj2d69a0dxgpxhz5v0kkh9qzz3ryhqm-texlive-combined-full-2024.20241027-texmfdist/tex/generic/pgf/math/pgfmathfunctions.basic.code.tex) (/nix/store/npj2d69a0dxgpxhz5v0kkh9qzz3ryhqm-texlive-combined-full-2024.20241027-texmfdist/tex/generic/pgf/math/pgfmathfunctions.trigonometric.code.tex) (/nix/store/npj2d69a0dxgpxhz5v0kkh9qzz3ryhqm-texlive-combined-full-2024.20241027-texmfdist/tex/generic/pgf/math/pgfmathfunctions.random.code.tex) (/nix/store/npj2d69a0dxgpxhz5v0kkh9qzz3ryhqm-texlive-combined-full-2024.20241027-texmfdist/tex/generic/pgf/math/pgfmathfunctions.comparison.code.tex) (/nix/store/npj2d69a0dxgpxhz5v0kkh9qzz3ryhqm-texlive-combined-full-2024.20241027-texmfdist/tex/generic/pgf/math/pgfmathfunctions.base.code.tex) (/nix/store/npj2d69a0dxgpxhz5v0kkh9qzz3ryhqm-texlive-combined-full-2024.20241027-texmfdist/tex/generic/pgf/math/pgfmathfunctions.round.code.tex) (/nix/store/npj2d69a0dxgpxhz5v0kkh9qzz3ryhqm-texlive-combined-full-2024.20241027-texmfdist/tex/generic/pgf/math/pgfmathfunctions.misc.code.tex) (/nix/store/npj2d69a0dxgpxhz5v0kkh9qzz3ryhqm-texlive-combined-full-2024.20241027-texmfdist/tex/generic/pgf/math/pgfmathfunctions.integerarithmetics.code.tex) (/nix/store/npj2d69a0dxgpxhz5v0kkh9qzz3ryhqm-texlive-combined-full-2024.20241027-texmfdist/tex/generic/pgf/math/pgfmathcalc.code.tex) (/nix/store/npj2d69a0dxgpxhz5v0kkh9qzz3ryhqm-texlive-combined-full-2024.20241027-texmfdist/tex/generic/pgf/math/pgfmathfloat.code.tex
\c@pgfmathroundto@lastzeros=\count356
)) (/nix/store/npj2d69a0dxgpxhz5v0kkh9qzz3ryhqm-texlive-combined-full-2024.20241027-texmfdist/tex/generic/pgf/math/pgfint.code.tex) (/nix/store/npj2d69a0dxgpxhz5v0kkh9qzz3ryhqm-texlive-combined-full-2024.20241027-texmfdist/tex/generic/pgf/basiclayer/pgfcorepoints.code.tex
File: pgfcorepoints.code.tex 2023-01-15 v3.1.10 (3.1.10)
\pgf@picminx=\dimen275
\pgf@picmaxx=\dimen276
\pgf@picminy=\dimen277
\pgf@picmaxy=\dimen278
\pgf@pathminx=\dimen279
\pgf@pathmaxx=\dimen280
\pgf@pathminy=\dimen281
\pgf@pathmaxy=\dimen282
\pgf@xx=\dimen283
\pgf@xy=\dimen284
\pgf@yx=\dimen285
\pgf@yy=\dimen286
\pgf@zx=\dimen287
\pgf@zy=\dimen288
) (/nix/store/npj2d69a0dxgpxhz5v0kkh9qzz3ryhqm-texlive-combined-full-2024.20241027-texmfdist/tex/generic/pgf/basiclayer/pgfcorepathconstruct.code.tex
File: pgfcorepathconstruct.code.tex 2023-01-15 v3.1.10 (3.1.10)
\pgf@path@lastx=\dimen289
\pgf@path@lasty=\dimen290
) (/nix/store/npj2d69a0dxgpxhz5v0kkh9qzz3ryhqm-texlive-combined-full-2024.20241027-texmfdist/tex/generic/pgf/basiclayer/pgfcorepathusage.code.tex
File: pgfcorepathusage.code.tex 2023-01-15 v3.1.10 (3.1.10)
\pgf@shorten@end@additional=\dimen291
\pgf@shorten@start@additional=\dimen292
) (/nix/store/npj2d69a0dxgpxhz5v0kkh9qzz3ryhqm-texlive-combined-full-2024.20241027-texmfdist/tex/generic/pgf/basiclayer/pgfcorescopes.code.tex
File: pgfcorescopes.code.tex 2023-01-15 v3.1.10 (3.1.10)
\pgfpic=\box112
\pgf@hbox=\box113
\pgf@layerbox@main=\box114
\pgf@picture@serial@count=\count357
) (/nix/store/npj2d69a0dxgpxhz5v0kkh9qzz3ryhqm-texlive-combined-full-2024.20241027-texmfdist/tex/generic/pgf/basiclayer/pgfcoregraphicstate.code.tex
File: pgfcoregraphicstate.code.tex 2023-01-15 v3.1.10 (3.1.10)
\pgflinewidth=\dimen293
) (/nix/store/npj2d69a0dxgpxhz5v0kkh9qzz3ryhqm-texlive-combined-full-2024.20241027-texmfdist/tex/generic/pgf/basiclayer/pgfcoretransformations.code.tex
File: pgfcoretransformations.code.tex 2023-01-15 v3.1.10 (3.1.10)
\pgf@pt@x=\dimen294
\pgf@pt@y=\dimen295
\pgf@pt@temp=\dimen296
) (/nix/store/npj2d69a0dxgpxhz5v0kkh9qzz3ryhqm-texlive-combined-full-2024.20241027-texmfdist/tex/generic/pgf/basiclayer/pgfcorequick.code.tex
File: pgfcorequick.code.tex 2023-01-15 v3.1.10 (3.1.10)
) (/nix/store/npj2d69a0dxgpxhz5v0kkh9qzz3ryhqm-texlive-combined-full-2024.20241027-texmfdist/tex/generic/pgf/basiclayer/pgfcoreobjects.code.tex
File: pgfcoreobjects.code.tex 2023-01-15 v3.1.10 (3.1.10)
) (/nix/store/npj2d69a0dxgpxhz5v0kkh9qzz3ryhqm-texlive-combined-full-2024.20241027-texmfdist/tex/generic/pgf/basiclayer/pgfcorepathprocessing.code.tex
File: pgfcorepathprocessing.code.tex 2023-01-15 v3.1.10 (3.1.10)
) (/nix/store/npj2d69a0dxgpxhz5v0kkh9qzz3ryhqm-texlive-combined-full-2024.20241027-texmfdist/tex/generic/pgf/basiclayer/pgfcorearrows.code.tex
File: pgfcorearrows.code.tex 2023-01-15 v3.1.10 (3.1.10)
\pgfarrowsep=\dimen297
) (/nix/store/npj2d69a0dxgpxhz5v0kkh9qzz3ryhqm-texlive-combined-full-2024.20241027-texmfdist/tex/generic/pgf/basiclayer/pgfcoreshade.code.tex
File: pgfcoreshade.code.tex 2023-01-15 v3.1.10 (3.1.10)
\pgf@max=\dimen298
\pgf@sys@shading@range@num=\count358
\pgf@shadingcount=\count359
)
(/nix/store/npj2d69a0dxgpxhz5v0kkh9qzz3ryhqm-texlive-combined-full-2024.20241027-texmfdist/tex/generic/pgf/basiclayer/pgfcoreimage.code.tex
File: pgfcoreimage.code.tex 2023-01-15 v3.1.10 (3.1.10)
) (/nix/store/npj2d69a0dxgpxhz5v0kkh9qzz3ryhqm-texlive-combined-full-2024.20241027-texmfdist/tex/generic/pgf/basiclayer/pgfcoreexternal.code.tex
File: pgfcoreexternal.code.tex 2023-01-15 v3.1.10 (3.1.10)
\pgfexternal@startupbox=\box115
) (/nix/store/npj2d69a0dxgpxhz5v0kkh9qzz3ryhqm-texlive-combined-full-2024.20241027-texmfdist/tex/generic/pgf/basiclayer/pgfcorelayers.code.tex
File: pgfcorelayers.code.tex 2023-01-15 v3.1.10 (3.1.10)
) (/nix/store/npj2d69a0dxgpxhz5v0kkh9qzz3ryhqm-texlive-combined-full-2024.20241027-texmfdist/tex/generic/pgf/basiclayer/pgfcoretransparency.code.tex
File: pgfcoretransparency.code.tex 2023-01-15 v3.1.10 (3.1.10)
) (/nix/store/npj2d69a0dxgpxhz5v0kkh9qzz3ryhqm-texlive-combined-full-2024.20241027-texmfdist/tex/generic/pgf/basiclayer/pgfcorepatterns.code.tex
File: pgfcorepatterns.code.tex 2023-01-15 v3.1.10 (3.1.10)
) (/nix/store/npj2d69a0dxgpxhz5v0kkh9qzz3ryhqm-texlive-combined-full-2024.20241027-texmfdist/tex/generic/pgf/basiclayer/pgfcorerdf.code.tex
File: pgfcorerdf.code.tex 2023-01-15 v3.1.10 (3.1.10)
))) (/nix/store/npj2d69a0dxgpxhz5v0kkh9qzz3ryhqm-texlive-combined-full-2024.20241027-texmfdist/tex/generic/pgf/modules/pgfmoduleshapes.code.tex
File: pgfmoduleshapes.code.tex 2023-01-15 v3.1.10 (3.1.10)
\pgfnodeparttextbox=\box116
) (/nix/store/npj2d69a0dxgpxhz5v0kkh9qzz3ryhqm-texlive-combined-full-2024.20241027-texmfdist/tex/generic/pgf/modules/pgfmoduleplot.code.tex
File: pgfmoduleplot.code.tex 2023-01-15 v3.1.10 (3.1.10)
) (/nix/store/npj2d69a0dxgpxhz5v0kkh9qzz3ryhqm-texlive-combined-full-2024.20241027-texmfdist/tex/latex/pgf/compatibility/pgfcomp-version-0-65.sty
Package: pgfcomp-version-0-65 2023-01-15 v3.1.10 (3.1.10)
\pgf@nodesepstart=\dimen299
\pgf@nodesepend=\dimen300
) (/nix/store/npj2d69a0dxgpxhz5v0kkh9qzz3ryhqm-texlive-combined-full-2024.20241027-texmfdist/tex/latex/pgf/compatibility/pgfcomp-version-1-18.sty
Package: pgfcomp-version-1-18 2023-01-15 v3.1.10 (3.1.10)
)) (/nix/store/npj2d69a0dxgpxhz5v0kkh9qzz3ryhqm-texlive-combined-full-2024.20241027-texmfdist/tex/latex/pgf/utilities/pgffor.sty (/nix/store/npj2d69a0dxgpxhz5v0kkh9qzz3ryhqm-texlive-combined-full-2024.20241027-texmfdist/tex/latex/pgf/utilities/pgfkeys.sty (/nix/store/npj2d69a0dxgpxhz5v0kkh9qzz3ryhqm-texlive-combined-full-2024.20241027-texmfdist/tex/generic/pgf/utilities/pgfkeys.code.tex)) (/nix/store/npj2d69a0dxgpxhz5v0kkh9qzz3ryhqm-texlive-combined-full-2024.20241027-texmfdist/tex/latex/pgf/math/pgfmath.sty (/nix/store/npj2d69a0dxgpxhz5v0kkh9qzz3ryhqm-texlive-combined-full-2024.20241027-texmfdist/tex/generic/pgf/math/pgfmath.code.tex)) (/nix/store/npj2d69a0dxgpxhz5v0kkh9qzz3ryhqm-texlive-combined-full-2024.20241027-texmfdist/tex/generic/pgf/utilities/pgffor.code.tex
Package: pgffor 2023-01-15 v3.1.10 (3.1.10)
\pgffor@iter=\dimen301
\pgffor@skip=\dimen302
\pgffor@stack=\toks46
\pgffor@toks=\toks47
)) (/nix/store/npj2d69a0dxgpxhz5v0kkh9qzz3ryhqm-texlive-combined-full-2024.20241027-texmfdist/tex/generic/pgf/frontendlayer/tikz/tikz.code.tex
Package: tikz 2023-01-15 v3.1.10 (3.1.10)
 (/nix/store/npj2d69a0dxgpxhz5v0kkh9qzz3ryhqm-texlive-combined-full-2024.20241027-texmfdist/tex/generic/pgf/libraries/pgflibraryplothandlers.code.tex
File: pgflibraryplothandlers.code.tex 2023-01-15 v3.1.10 (3.1.10)
\pgf@plot@mark@count=\count360
\pgfplotmarksize=\dimen303
)
\tikz@lastx=\dimen304
\tikz@lasty=\dimen305
\tikz@lastxsaved=\dimen306
\tikz@lastysaved=\dimen307
\tikz@lastmovetox=\dimen308
\tikz@lastmovetoy=\dimen309
\tikzleveldistance=\dimen310
\tikzsiblingdistance=\dimen311
\tikz@figbox=\box117
\tikz@figbox@bg=\box118
\tikz@tempbox=\box119
\tikz@tempbox@bg=\box120
\tikztreelevel=\count361
\tikznumberofchildren=\count362
\tikznumberofcurrentchild=\count363
\tikz@fig@count=\count364
 (/nix/store/npj2d69a0dxgpxhz5v0kkh9qzz3ryhqm-texlive-combined-full-2024.20241027-texmfdist/tex/generic/pgf/modules/pgfmodulematrix.code.tex
File: pgfmodulematrix.code.tex 2023-01-15 v3.1.10 (3.1.10)
\pgfmatrixcurrentrow=\count365
\pgfmatrixcurrentcolumn=\count366
\pgf@matrix@numberofcolumns=\count367
)
\tikz@expandcount=\count368
 (/nix/store/npj2d69a0dxgpxhz5v0kkh9qzz3ryhqm-texlive-combined-full-2024.20241027-texmfdist/tex/generic/pgf/frontendlayer/tikz/libraries/tikzlibrarytopaths.code.tex
File: tikzlibrarytopaths.code.tex 2023-01-15 v3.1.10 (3.1.10)
))) (/nix/store/npj2d69a0dxgpxhz5v0kkh9qzz3ryhqm-texlive-combined-full-2024.20241027-texmfdist/tex/generic/pgf/libraries/pgflibraryarrows.meta.code.tex
File: pgflibraryarrows.meta.code.tex 2023-01-15 v3.1.10 (3.1.10)
\pgfarrowinset=\dimen312
\pgfarrowlength=\dimen313
\pgfarrowwidth=\dimen314
\pgfarrowlinewidth=\dimen315
) (/nix/store/npj2d69a0dxgpxhz5v0kkh9qzz3ryhqm-texlive-combined-full-2024.20241027-texmfdist/tex/generic/pgf/frontendlayer/tikz/libraries/tikzlibraryshapes.geometric.code.tex
File: tikzlibraryshapes.geometric.code.tex 2023-01-15 v3.1.10 (3.1.10)
 (/nix/store/npj2d69a0dxgpxhz5v0kkh9qzz3ryhqm-texlive-combined-full-2024.20241027-texmfdist/tex/generic/pgf/libraries/shapes/pgflibraryshapes.geometric.code.tex
File: pgflibraryshapes.geometric.code.tex 2023-01-15 v3.1.10 (3.1.10)
))
\u3@idxfile=\write4
\openout4 = `u3.idx'.


Writing index file u3.idx
Package hyperref Info: Option `colorlinks' set `true' on input line 60.
) (./u3.aux)
\openout1 = `u3.aux'.

LaTeX Font Info:    Checking defaults for OML/cmm/m/it on input line 5.
LaTeX Font Info:    ... okay on input line 5.
LaTeX Font Info:    Checking defaults for OMS/cmsy/m/n on input line 5.
LaTeX Font Info:    ... okay on input line 5.
LaTeX Font Info:    Checking defaults for OT1/cmr/m/n on input line 5.
LaTeX Font Info:    ... okay on input line 5.
LaTeX Font Info:    Checking defaults for T1/cmr/m/n on input line 5.
LaTeX Font Info:    ... okay on input line 5.
LaTeX Font Info:    Checking defaults for TS1/cmr/m/n on input line 5.
LaTeX Font Info:    ... okay on input line 5.
LaTeX Font Info:    Checking defaults for OMX/cmex/m/n on input line 5.
LaTeX Font Info:    ... okay on input line 5.
LaTeX Font Info:    Checking defaults for U/cmr/m/n on input line 5.
LaTeX Font Info:    ... okay on input line 5.
LaTeX Font Info:    Checking defaults for PD1/pdf/m/n on input line 5.
LaTeX Font Info:    ... okay on input line 5.
LaTeX Font Info:    Checking defaults for PU/pdf/m/n on input line 5.
LaTeX Font Info:    ... okay on input line 5.
 (/nix/store/npj2d69a0dxgpxhz5v0kkh9qzz3ryhqm-texlive-combined-full-2024.20241027-texmfdist/tex/context/base/mkii/supp-pdf.mkii
[Loading MPS to PDF converter (version 2006.09.02).]
\scratchcounter=\count369
\scratchdimen=\dimen316
\scratchbox=\box121
\nofMPsegments=\count370
\nofMParguments=\count371
\everyMPshowfont=\toks48
\MPscratchCnt=\count372
\MPscratchDim=\dimen317
\MPnumerator=\count373
\makeMPintoPDFobject=\count374
\everyMPtoPDFconversion=\toks49
) (/nix/store/npj2d69a0dxgpxhz5v0kkh9qzz3ryhqm-texlive-combined-full-2024.20241027-texmfdist/tex/latex/epstopdf-pkg/epstopdf-base.sty
Package: epstopdf-base 2020-01-24 v2.11 Base part for package epstopdf
Package epstopdf-base Info: Redefining graphics rule for `.eps' on input line 485.
 (/nix/store/npj2d69a0dxgpxhz5v0kkh9qzz3ryhqm-texlive-combined-full-2024.20241027-texmfdist/tex/latex/latexconfig/epstopdf-sys.cfg
File: epstopdf-sys.cfg 2010/07/13 v1.3 Configuration of (r)epstopdf for TeX Live
))
\symgns@font=\mathgroup6
LaTeX Font Info:    Overwriting symbol font `gns@font' in version `bold'
(Font)                  TS1/cmr/m/n --> TS1/cmr/b/n on input line 5.
Package gensymb Info: Math companion symbols declared on input line 5.
LaTeX Info: Redefining \degree on input line 5.
LaTeX Info: Redefining \celsius on input line 5.
Package gensymb Info: Using text companion symbols for \degree, \celsius and \perthousand on input line 5.
LaTeX Info: Redefining \ohm on input line 5.
Package gensymb Info: Using \textohm for \ohm on input line 5.
Package gensymb Info: Using \textmu for \micro on input line 5.
Package hyperref Info: Link coloring ON on input line 5.

*geometry* driver: auto-detecting
*geometry* detected driver: pdftex
*geometry* verbose mode - [ preamble ] result:
* driver: pdftex
* paper: a5paper
* layout: <same size as paper>
* layoutoffset:(h,v)=(0.0pt,0.0pt)
* modes: twoside 
* h-part:(L,W,R)=(21.68121pt, 377.73836pt, 21.68121pt)
* v-part:(T,H,B)=(36.135pt, 525.23788pt, 36.135pt)
* \paperwidth=421.10078pt
* \paperheight=597.50787pt
* \textwidth=377.73836pt
* \textheight=525.23788pt
* \oddsidemargin=-50.58878pt
* \evensidemargin=-50.58878pt
* \topmargin=-66.20248pt
* \headheight=12.0pt
* \headsep=18.06749pt
* \topskip=10.0pt
* \footskip=25.29494pt
* \marginparwidth=125.0pt
* \marginparsep=7.0pt
* \columnsep=10.0pt
* \skip\footins=9.0pt plus 4.0pt minus 2.0pt
* \hoffset=0.0pt
* \voffset=0.0pt
* \mag=1000
* \@twocolumnfalse
* \@twosidetrue
* \@mparswitchtrue
* \@reversemarginfalse
* (1in=72.27pt=25.4mm, 1cm=28.453pt)

LaTeX Font Info:    Trying to load font information for U+msa on input line 12.
(/nix/store/npj2d69a0dxgpxhz5v0kkh9qzz3ryhqm-texlive-combined-full-2024.20241027-texmfdist/tex/latex/amsfonts/umsa.fd
File: umsa.fd 2013/01/14 v3.01 AMS symbols A
)
LaTeX Font Info:    Trying to load font information for U+msb on input line 12.
 (/nix/store/npj2d69a0dxgpxhz5v0kkh9qzz3ryhqm-texlive-combined-full-2024.20241027-texmfdist/tex/latex/amsfonts/umsb.fd
File: umsb.fd 2013/01/14 v3.01 AMS symbols B
)

Package hyperref Warning: Token not allowed in a PDF string (Unicode):
(hyperref)                removing `math shift' on input line 41.


Package hyperref Warning: Token not allowed in a PDF string (Unicode):
(hyperref)                removing `superscript' on input line 41.

<./images/fGP3mu6QKSVgVLH6nREnw4P1ITM8nFdlb.png, id=7, 226.8475pt x 202.7575pt>
File: ./images/fGP3mu6QKSVgVLH6nREnw4P1ITM8nFdlb.png Graphic file (type png)
<use ./images/fGP3mu6QKSVgVLH6nREnw4P1ITM8nFdlb.png>
Package pdftex.def Info: ./images/fGP3mu6QKSVgVLH6nREnw4P1ITM8nFdlb.png  used on input line 61.
(pdftex.def)             Requested size: 226.84694pt x 202.757pt.


[1{/nix/store/cnmrpb3g7vdb33h2m1310yql53wxxwd0-texlive-combined-full-2024.20241027/share/texmf-var/fonts/map/pdftex/updmap/pdftex.map}

]
<./images/fHHVgtHUP6EgzQDPfdlPngaLqZgl3fmOL.png, id=34, 314.17375pt x 305.14pt>
File: ./images/fHHVgtHUP6EgzQDPfdlPngaLqZgl3fmOL.png Graphic file (type png)
<use ./images/fHHVgtHUP6EgzQDPfdlPngaLqZgl3fmOL.png>
Package pdftex.def Info: ./images/fHHVgtHUP6EgzQDPfdlPngaLqZgl3fmOL.png  used on input line 98.
(pdftex.def)             Requested size: 169.9811pt x 165.08974pt.
<./images/fbegsE1gcNnr36GGTLSpWPXuyZzrgWkSy.png, id=35, 196.735pt x 295.1025pt>
File: ./images/fbegsE1gcNnr36GGTLSpWPXuyZzrgWkSy.png Graphic file (type png)
<use ./images/fbegsE1gcNnr36GGTLSpWPXuyZzrgWkSy.png>
Package pdftex.def Info: ./images/fbegsE1gcNnr36GGTLSpWPXuyZzrgWkSy.png  used on input line 99.
(pdftex.def)             Requested size: 169.9811pt x 254.96745pt.


[2{/nix/store/npj2d69a0dxgpxhz5v0kkh9qzz3ryhqm-texlive-combined-full-2024.20241027-texmfdist/fonts/enc/dvips/cm-super/cm-super-ts1.enc} <./images/fGP3mu6QKSVgVLH6nREnw4P1ITM8nFdlb.png (PNG copy)>]
<./images/f3TBlML5lhEUiowGpaAqM9xM9EWwX4Fxb.png, id=43, 704.6325pt x 329.23pt>
File: ./images/f3TBlML5lhEUiowGpaAqM9xM9EWwX4Fxb.png Graphic file (type png)
<use ./images/f3TBlML5lhEUiowGpaAqM9xM9EWwX4Fxb.png>
Package pdftex.def Info: ./images/f3TBlML5lhEUiowGpaAqM9xM9EWwX4Fxb.png  used on input line 111.
(pdftex.def)             Requested size: 341.60336pt x 159.60602pt.


[3 <./images/fHHVgtHUP6EgzQDPfdlPngaLqZgl3fmOL.png (PNG copy)> <./images/fbegsE1gcNnr36GGTLSpWPXuyZzrgWkSy.png (PNG copy)> <./images/f3TBlML5lhEUiowGpaAqM9xM9EWwX4Fxb.png (PNG copy)>]
<./images/fnPFV9UAK0p7W3qpF8SPxKg3rBvZEigWo.png, id=50, 619.31375pt x 146.5475pt>
File: ./images/fnPFV9UAK0p7W3qpF8SPxKg3rBvZEigWo.png Graphic file (type png)
<use ./images/fnPFV9UAK0p7W3qpF8SPxKg3rBvZEigWo.png>
Package pdftex.def Info: ./images/fnPFV9UAK0p7W3qpF8SPxKg3rBvZEigWo.png  used on input line 116.
(pdftex.def)             Requested size: 341.60336pt x 80.83615pt.
<image-4.png, id=51, 597.23125pt x 182.6825pt>
File: image-4.png Graphic file (type png)
<use image-4.png>
Package pdftex.def Info: image-4.png  used on input line 135.
(pdftex.def)             Requested size: 341.60336pt x 104.48969pt.
<./images/frPQwcBUQQUktTPuSCMNCZCb3u1fqV7H7.png, id=52, 558.085pt x 136.51pt>
File: ./images/frPQwcBUQQUktTPuSCMNCZCb3u1fqV7H7.png Graphic file (type png)
<use ./images/frPQwcBUQQUktTPuSCMNCZCb3u1fqV7H7.png>
Package pdftex.def Info: ./images/frPQwcBUQQUktTPuSCMNCZCb3u1fqV7H7.png  used on input line 141.
(pdftex.def)             Requested size: 341.60336pt x 83.5605pt.


[4 <./images/fnPFV9UAK0p7W3qpF8SPxKg3rBvZEigWo.png (PNG copy)> <./image-4.png (PNG copy)> <./images/frPQwcBUQQUktTPuSCMNCZCb3u1fqV7H7.png (PNG copy)>]
<./images/fRnL8N0N2G9Qbdic8dam7NGvt9Gc9uDBP.png, id=60, 294.09875pt x 279.0425pt>
File: ./images/fRnL8N0N2G9Qbdic8dam7NGvt9Gc9uDBP.png Graphic file (type png)
<use ./images/fRnL8N0N2G9Qbdic8dam7NGvt9Gc9uDBP.png>
Package pdftex.def Info: ./images/fRnL8N0N2G9Qbdic8dam7NGvt9Gc9uDBP.png  used on input line 149.
(pdftex.def)             Requested size: 341.60336pt x 324.11955pt.
<./images/fS4hiBVwClXaP4WMhWFGbxGfk5OWaZChf.png, id=61, 209.78375pt x 201.75375pt>
File: ./images/fS4hiBVwClXaP4WMhWFGbxGfk5OWaZChf.png Graphic file (type png)
<use ./images/fS4hiBVwClXaP4WMhWFGbxGfk5OWaZChf.png>
Package pdftex.def Info: ./images/fS4hiBVwClXaP4WMhWFGbxGfk5OWaZChf.png  used on input line 155.
(pdftex.def)             Requested size: 169.9811pt x 163.47505pt.
<./images/fKkrD4DS6U4OsdXllNUZu4wMh5OLh2GSE.png, id=62, 189.70876pt x 220.825pt>
File: ./images/fKkrD4DS6U4OsdXllNUZu4wMh5OLh2GSE.png Graphic file (type png)
<use ./images/fKkrD4DS6U4OsdXllNUZu4wMh5OLh2GSE.png>
Package pdftex.def Info: ./images/fKkrD4DS6U4OsdXllNUZu4wMh5OLh2GSE.png  used on input line 156.
(pdftex.def)             Requested size: 169.9811pt x 197.86458pt.

Underfull \vbox (badness 10000) has occurred while \output is active []



[5 <./images/fRnL8N0N2G9Qbdic8dam7NGvt9Gc9uDBP.png (PNG copy)>]

[6 <./images/fS4hiBVwClXaP4WMhWFGbxGfk5OWaZChf.png (PNG copy)> <./images/fKkrD4DS6U4OsdXllNUZu4wMh5OLh2GSE.png (PNG copy)>]
<./images/fKGfRD9wyOU5DFva4X9ouvSdQ63ORGotC.png, id=74, 377.41pt x 356.33125pt>
File: ./images/fKGfRD9wyOU5DFva4X9ouvSdQ63ORGotC.png Graphic file (type png)
<use ./images/fKGfRD9wyOU5DFva4X9ouvSdQ63ORGotC.png>
Package pdftex.def Info: ./images/fKGfRD9wyOU5DFva4X9ouvSdQ63ORGotC.png  used on input line 233.
(pdftex.def)             Requested size: 341.60336pt x 322.52203pt.
<./images/feTNngQiFhtxiQ68PbpNA2LdvgyBgOTiw.png, id=75, 214.8025pt x 270.00874pt>
File: ./images/feTNngQiFhtxiQ68PbpNA2LdvgyBgOTiw.png Graphic file (type png)
<use ./images/feTNngQiFhtxiQ68PbpNA2LdvgyBgOTiw.png>
Package pdftex.def Info: ./images/feTNngQiFhtxiQ68PbpNA2LdvgyBgOTiw.png  used on input line 238.
(pdftex.def)             Requested size: 341.60336pt x 429.43956pt.


[7 <./images/fKGfRD9wyOU5DFva4X9ouvSdQ63ORGotC.png (PNG copy)>]
<./images/f5GnIS2DrKYKoCTqtO5uVCA1GLuHy1E9P.png, id=82, 369.38pt x 355.3275pt>
File: ./images/f5GnIS2DrKYKoCTqtO5uVCA1GLuHy1E9P.png Graphic file (type png)
<use ./images/f5GnIS2DrKYKoCTqtO5uVCA1GLuHy1E9P.png>
Package pdftex.def Info: ./images/f5GnIS2DrKYKoCTqtO5uVCA1GLuHy1E9P.png  used on input line 240.
(pdftex.def)             Requested size: 341.60336pt x 328.60771pt.

Underfull \vbox (badness 10000) has occurred while \output is active []



[8 <./images/feTNngQiFhtxiQ68PbpNA2LdvgyBgOTiw.png (PNG copy)>]

[9 <./images/f5GnIS2DrKYKoCTqtO5uVCA1GLuHy1E9P.png (PNG copy)>]
<./images/fXgts423wq5PkLGqcvKEwtem2dETaI8tW.png, id=98, 157.58875pt x 159.59625pt>
File: ./images/fXgts423wq5PkLGqcvKEwtem2dETaI8tW.png Graphic file (type png)
<use ./images/fXgts423wq5PkLGqcvKEwtem2dETaI8tW.png>
Package pdftex.def Info: ./images/fXgts423wq5PkLGqcvKEwtem2dETaI8tW.png  used on input line 299.
(pdftex.def)             Requested size: 341.60336pt x 346.01096pt.

Underfull \vbox (badness 10000) has occurred while \output is active []



[10]
<./images/f4gCEbKU3r3TwCByHSVdrpM9nkxHEnVIm.png, id=110, 125.46875pt x 163.61125pt>
File: ./images/f4gCEbKU3r3TwCByHSVdrpM9nkxHEnVIm.png Graphic file (type png)
<use ./images/f4gCEbKU3r3TwCByHSVdrpM9nkxHEnVIm.png>
Package pdftex.def Info: ./images/f4gCEbKU3r3TwCByHSVdrpM9nkxHEnVIm.png  used on input line 301.
(pdftex.def)             Requested size: 341.60336pt x 445.55843pt.

Underfull \vbox (badness 10000) has occurred while \output is active []



[11 <./images/fXgts423wq5PkLGqcvKEwtem2dETaI8tW.png (PNG copy)>]
<./images/fSC9EQDxXlqxI1YgfQQ3kFgrOYKy9efOg.png, id=115, 166.6225pt x 95.35625pt>
File: ./images/fSC9EQDxXlqxI1YgfQQ3kFgrOYKy9efOg.png Graphic file (type png)
<use ./images/fSC9EQDxXlqxI1YgfQQ3kFgrOYKy9efOg.png>
Package pdftex.def Info: ./images/fSC9EQDxXlqxI1YgfQQ3kFgrOYKy9efOg.png  used on input line 303.
(pdftex.def)             Requested size: 341.60336pt x 195.5281pt.

Underfull \vbox (badness 10000) has occurred while \output is active []



[12 <./images/f4gCEbKU3r3TwCByHSVdrpM9nkxHEnVIm.png (PNG copy)>]
<./images/feMPYMBc6mPKDYcLgXVyBO5YXGgY0hgiy.png, id=120, 274.02374pt x 64.24pt>
File: ./images/feMPYMBc6mPKDYcLgXVyBO5YXGgY0hgiy.png Graphic file (type png)
<use ./images/feMPYMBc6mPKDYcLgXVyBO5YXGgY0hgiy.png>
Package pdftex.def Info: ./images/feMPYMBc6mPKDYcLgXVyBO5YXGgY0hgiy.png  used on input line 305.
(pdftex.def)             Requested size: 341.60336pt x 80.08904pt.
<./images/fFhmo8CsubHRRGlVAiFzkg78XzEisOIAo.png, id=121, 65.24374pt x 31.11626pt>
File: ./images/fFhmo8CsubHRRGlVAiFzkg78XzEisOIAo.png Graphic file (type png)
<use ./images/fFhmo8CsubHRRGlVAiFzkg78XzEisOIAo.png>
Package pdftex.def Info: ./images/fFhmo8CsubHRRGlVAiFzkg78XzEisOIAo.png  used on input line 307.
(pdftex.def)             Requested size: 341.60336pt x 162.9805pt.
<./images/fDLClMTVMDGzGZoKBFW1qVhaHu4g8kGTz.png, id=122, 84.315pt x 28.105pt>
File: ./images/fDLClMTVMDGzGZoKBFW1qVhaHu4g8kGTz.png Graphic file (type png)
<use ./images/fDLClMTVMDGzGZoKBFW1qVhaHu4g8kGTz.png>
Package pdftex.def Info: ./images/fDLClMTVMDGzGZoKBFW1qVhaHu4g8kGTz.png  used on input line 309.
(pdftex.def)             Requested size: 341.60336pt x 113.87045pt.

Underfull \vbox (badness 10000) has occurred while \output is active []



[13 <./images/fSC9EQDxXlqxI1YgfQQ3kFgrOYKy9efOg.png (PNG copy)> <./images/feMPYMBc6mPKDYcLgXVyBO5YXGgY0hgiy.png (PNG copy)> <./images/fFhmo8CsubHRRGlVAiFzkg78XzEisOIAo.png (PNG copy)>]
<./images/fkZSWk2zI3nYsY0r3qTRhIzFxdZG1w836.png, id=128, 233.87375pt x 31.11626pt>
File: ./images/fkZSWk2zI3nYsY0r3qTRhIzFxdZG1w836.png Graphic file (type png)
<use ./images/fkZSWk2zI3nYsY0r3qTRhIzFxdZG1w836.png>
Package pdftex.def Info: ./images/fkZSWk2zI3nYsY0r3qTRhIzFxdZG1w836.png  used on input line 311.
(pdftex.def)             Requested size: 341.60336pt x 45.45497pt.
<./images/fmBIwgygRumPEa3cc7Iess7C7w9hlSWiF.png, id=129, 635.37375pt x 75.28125pt>
File: ./images/fmBIwgygRumPEa3cc7Iess7C7w9hlSWiF.png Graphic file (type png)
<use ./images/fmBIwgygRumPEa3cc7Iess7C7w9hlSWiF.png>
Package pdftex.def Info: ./images/fmBIwgygRumPEa3cc7Iess7C7w9hlSWiF.png  used on input line 331.
(pdftex.def)             Requested size: 341.60336pt x 40.47551pt.


[14 <./images/fDLClMTVMDGzGZoKBFW1qVhaHu4g8kGTz.png (PNG copy)> <./images/fkZSWk2zI3nYsY0r3qTRhIzFxdZG1w836.png (PNG copy)> <./images/fmBIwgygRumPEa3cc7Iess7C7w9hlSWiF.png (PNG copy)>]
<./images/fB8FM4VXk0Yw4rp36GmUspIzBfGYLaz3x.png, id=139, 733.74126pt x 461.725pt>
File: ./images/fB8FM4VXk0Yw4rp36GmUspIzBfGYLaz3x.png Graphic file (type png)
<use ./images/fB8FM4VXk0Yw4rp36GmUspIzBfGYLaz3x.png>
Package pdftex.def Info: ./images/fB8FM4VXk0Yw4rp36GmUspIzBfGYLaz3x.png  used on input line 412.
(pdftex.def)             Requested size: 341.60336pt x 214.96762pt.

Underfull \vbox (badness 10000) has occurred while \output is active []



[15]
<./images/fOn7tsGeyRi4sA9gMt8nbERyxiwu7zB0g.png, id=156, 245.91875pt x 188.705pt>
File: ./images/fOn7tsGeyRi4sA9gMt8nbERyxiwu7zB0g.png Graphic file (type png)
<use ./images/fOn7tsGeyRi4sA9gMt8nbERyxiwu7zB0g.png>
Package pdftex.def Info: ./images/fOn7tsGeyRi4sA9gMt8nbERyxiwu7zB0g.png  used on input line 452.
(pdftex.def)             Requested size: 341.60336pt x 262.14081pt.


[16 <./images/fB8FM4VXk0Yw4rp36GmUspIzBfGYLaz3x.png (PNG copy)>]
<./images/fMBQffuG0AcfzbqxoaZ4m7dcfqr8YALxK.png, id=172, 184.69pt x 90.3375pt>
File: ./images/fMBQffuG0AcfzbqxoaZ4m7dcfqr8YALxK.png Graphic file (type png)
<use ./images/fMBQffuG0AcfzbqxoaZ4m7dcfqr8YALxK.png>
Package pdftex.def Info: ./images/fMBQffuG0AcfzbqxoaZ4m7dcfqr8YALxK.png  used on input line 454.
(pdftex.def)             Requested size: 341.60336pt x 167.09003pt.
<./images/fe6u2zF77gGpN4YkRKgpLa3PPeygPlzH4.png, id=173, 353.32pt x 199.74625pt>
File: ./images/fe6u2zF77gGpN4YkRKgpLa3PPeygPlzH4.png Graphic file (type png)
<use ./images/fe6u2zF77gGpN4YkRKgpLa3PPeygPlzH4.png>
Package pdftex.def Info: ./images/fe6u2zF77gGpN4YkRKgpLa3PPeygPlzH4.png  used on input line 456.
(pdftex.def)             Requested size: 341.60336pt x 193.12576pt.

Underfull \vbox (badness 10000) has occurred while \output is active []



[17 <./images/fOn7tsGeyRi4sA9gMt8nbERyxiwu7zB0g.png (PNG copy)> <./images/fMBQffuG0AcfzbqxoaZ4m7dcfqr8YALxK.png (PNG copy)>]
<./images/fdiEBH7lnmvt7CmvQXXgBZtdOC4fygfYD.png, id=178, 498.86375pt x 95.35625pt>
File: ./images/fdiEBH7lnmvt7CmvQXXgBZtdOC4fygfYD.png Graphic file (type png)
<use ./images/fdiEBH7lnmvt7CmvQXXgBZtdOC4fygfYD.png>
Package pdftex.def Info: ./images/fdiEBH7lnmvt7CmvQXXgBZtdOC4fygfYD.png  used on input line 477.
(pdftex.def)             Requested size: 341.60336pt x 65.29825pt.


[18 <./images/fe6u2zF77gGpN4YkRKgpLa3PPeygPlzH4.png (PNG copy)> <./images/fdiEBH7lnmvt7CmvQXXgBZtdOC4fygfYD.png (PNG copy)>]
<./images/fSZWDzT2sKqFQrHBd3ZIkC8O1M7fHb7pt.png, id=185, 372.39125pt x 220.825pt>
File: ./images/fSZWDzT2sKqFQrHBd3ZIkC8O1M7fHb7pt.png Graphic file (type png)
<use ./images/fSZWDzT2sKqFQrHBd3ZIkC8O1M7fHb7pt.png>
Package pdftex.def Info: ./images/fSZWDzT2sKqFQrHBd3ZIkC8O1M7fHb7pt.png  used on input line 496.
(pdftex.def)             Requested size: 341.60336pt x 202.57515pt.
<images/log-prop.png, id=186, 1614.03pt x 813.0375pt>
File: images/log-prop.png Graphic file (type png)
<use images/log-prop.png>
Package pdftex.def Info: images/log-prop.png  used on input line 508.
(pdftex.def)             Requested size: 377.73836pt x 190.26985pt.

Underfull \vbox (badness 10000) has occurred while \output is active []



[19 <./images/fSZWDzT2sKqFQrHBd3ZIkC8O1M7fHb7pt.png (PNG copy)>]
<./images/fDGZw0GvPP3I0FWyiQy2XgcBvsdGNKtkS.png, id=195, 537.00626pt x 71.26625pt>
File: ./images/fDGZw0GvPP3I0FWyiQy2XgcBvsdGNKtkS.png Graphic file (type png)
<use ./images/fDGZw0GvPP3I0FWyiQy2XgcBvsdGNKtkS.png>
Package pdftex.def Info: ./images/fDGZw0GvPP3I0FWyiQy2XgcBvsdGNKtkS.png  used on input line 516.
(pdftex.def)             Requested size: 341.60336pt x 45.33401pt.

Underfull \vbox (badness 1997) has occurred while \output is active []



[20 <./images/log-prop.png (PNG copy)> <./images/fDGZw0GvPP3I0FWyiQy2XgcBvsdGNKtkS.png (PNG copy)>]
Underfull \vbox (badness 10000) has occurred while \output is active []




Overfull \hbox (16.3982pt too wide) has occurred while \output is active
\OT1/cmr/m/sl/10 0.6.  STEPS TO SOLVING EXPONENTIAL EQUATIONS BY USING LOGARITHMS. \OT1/cmr/m/n/10 21
 []

[21]

[22]
<image.png, id=251, 529.98pt x 41.15375pt>
File: image.png Graphic file (type png)
<use image.png>
Package pdftex.def Info: image.png  used on input line 679.
(pdftex.def)             Requested size: 341.60336pt x 26.52606pt.
<./images/fCxAZ6g4Z54GeuG5VF2Wwd5Q9mCC9sWQB.png, id=252, 667.49374pt x 358.33875pt>
File: ./images/fCxAZ6g4Z54GeuG5VF2Wwd5Q9mCC9sWQB.png Graphic file (type png)
<use ./images/fCxAZ6g4Z54GeuG5VF2Wwd5Q9mCC9sWQB.png>
Package pdftex.def Info: ./images/fCxAZ6g4Z54GeuG5VF2Wwd5Q9mCC9sWQB.png  used on input line 690.
(pdftex.def)             Requested size: 341.60336pt x 183.39008pt.



Overfull \hbox (16.3982pt too wide) has occurred while \output is active
\OT1/cmr/m/sl/10 0.6.  STEPS TO SOLVING EXPONENTIAL EQUATIONS BY USING LOGARITHMS. \OT1/cmr/m/n/10 23
 []

[23 <./image.png (PNG copy)>]

[24 <./images/fCxAZ6g4Z54GeuG5VF2Wwd5Q9mCC9sWQB.png (PNG copy)>]


Overfull \hbox (16.3982pt too wide) has occurred while \output is active
\OT1/cmr/m/sl/10 0.6.  STEPS TO SOLVING EXPONENTIAL EQUATIONS BY USING LOGARITHMS. \OT1/cmr/m/n/10 25
 []

[25]

[26]
Overfull \hbox (4.04704pt too wide) in paragraph at lines 896--898
[]\OT1/cmr/m/n/10 46.A ra-dioac-tive sub-stance de-cays ac-cord-ing to the ex-po-nen-tial model $\OML/cmm/m/it/10 y \OT1/cmr/m/n/10 = 80\OML/cmm/m/it/10 e[]$
 []




Overfull \hbox (16.3982pt too wide) has occurred while \output is active
\OT1/cmr/m/sl/10 0.6.  STEPS TO SOLVING EXPONENTIAL EQUATIONS BY USING LOGARITHMS. \OT1/cmr/m/n/10 27
 []

[27]

[28] (./u3.aux)
 ***********
LaTeX2e <2024-06-01> patch level 2
L3 programming layer <2024-10-09>
 ***********
 ) 
Here is how much of TeX's memory you used:
 26223 strings out of 473577
 517728 string characters out of 5700522
 998828 words of memory out of 5000000
 48442 multiletter control sequences out of 15000+600000
 568061 words of font info for 71 fonts, out of 8000000 for 9000
 1141 hyphenation exceptions out of 8191
 109i,12n,107p,1417b,533s stack positions out of 10000i,1000n,20000p,200000b,200000s
</nix/store/npj2d69a0dxgpxhz5v0kkh9qzz3ryhqm-texlive-combined-full-2024.20241027-texmfdist/fonts/type1/public/amsfonts/cm/cmbx10.pfb></nix/store/npj2d69a0dxgpxhz5v0kkh9qzz3ryhqm-texlive-combined-full-2024.20241027-texmfdist/fonts/type1/public/amsfonts/cm/cmbx12.pfb></nix/store/npj2d69a0dxgpxhz5v0kkh9qzz3ryhqm-texlive-combined-full-2024.20241027-texmfdist/fonts/type1/public/amsfonts/cm/cmex10.pfb></nix/store/npj2d69a0dxgpxhz5v0kkh9qzz3ryhqm-texlive-combined-full-2024.20241027-texmfdist/fonts/type1/public/amsfonts/cm/cmmi10.pfb></nix/store/npj2d69a0dxgpxhz5v0kkh9qzz3ryhqm-texlive-combined-full-2024.20241027-texmfdist/fonts/type1/public/amsfonts/cm/cmmi12.pfb></nix/store/npj2d69a0dxgpxhz5v0kkh9qzz3ryhqm-texlive-combined-full-2024.20241027-texmfdist/fonts/type1/public/amsfonts/cm/cmmi5.pfb></nix/store/npj2d69a0dxgpxhz5v0kkh9qzz3ryhqm-texlive-combined-full-2024.20241027-texmfdist/fonts/type1/public/amsfonts/cm/cmmi7.pfb></nix/store/npj2d69a0dxgpxhz5v0kkh9qzz3ryhqm-texlive-combined-full-2024.20241027-texmfdist/fonts/type1/public/amsfonts/cm/cmmib10.pfb></nix/store/npj2d69a0dxgpxhz5v0kkh9qzz3ryhqm-texlive-combined-full-2024.20241027-texmfdist/fonts/type1/public/amsfonts/cm/cmr10.pfb></nix/store/npj2d69a0dxgpxhz5v0kkh9qzz3ryhqm-texlive-combined-full-2024.20241027-texmfdist/fonts/type1/public/amsfonts/cm/cmr12.pfb></nix/store/npj2d69a0dxgpxhz5v0kkh9qzz3ryhqm-texlive-combined-full-2024.20241027-texmfdist/fonts/type1/public/amsfonts/cm/cmr5.pfb></nix/store/npj2d69a0dxgpxhz5v0kkh9qzz3ryhqm-texlive-combined-full-2024.20241027-texmfdist/fonts/type1/public/amsfonts/cm/cmr7.pfb></nix/store/npj2d69a0dxgpxhz5v0kkh9qzz3ryhqm-texlive-combined-full-2024.20241027-texmfdist/fonts/type1/public/amsfonts/cm/cmsl10.pfb></nix/store/npj2d69a0dxgpxhz5v0kkh9qzz3ryhqm-texlive-combined-full-2024.20241027-texmfdist/fonts/type1/public/amsfonts/cm/cmsy10.pfb></nix/store/npj2d69a0dxgpxhz5v0kkh9qzz3ryhqm-texlive-combined-full-2024.20241027-texmfdist/fonts/type1/public/amsfonts/cm/cmsy5.pfb></nix/store/npj2d69a0dxgpxhz5v0kkh9qzz3ryhqm-texlive-combined-full-2024.20241027-texmfdist/fonts/type1/public/amsfonts/cm/cmsy7.pfb></nix/store/npj2d69a0dxgpxhz5v0kkh9qzz3ryhqm-texlive-combined-full-2024.20241027-texmfdist/fonts/type1/public/amsfonts/cm/cmti10.pfb></nix/store/npj2d69a0dxgpxhz5v0kkh9qzz3ryhqm-texlive-combined-full-2024.20241027-texmfdist/fonts/type1/public/amsfonts/symbols/msbm10.pfb></nix/store/npj2d69a0dxgpxhz5v0kkh9qzz3ryhqm-texlive-combined-full-2024.20241027-texmfdist/fonts/type1/public/cm-super/sfrm1000.pfb>
Output written on u3.pdf (28 pages, 947865 bytes).
PDF statistics:
 510 PDF objects out of 1000 (max. 8388607)
 406 compressed objects within 5 object streams
 197 named destinations out of 1000 (max. 500000)
 280 words of extra memory for PDF output out of 10000 (max. 10000000)

