\BOOKMARK [0][-]{chapter.1}{\376\377\000T\000o\000\040\000S\000t\000u\000d\000y}{}% 1
\BOOKMARK [-1][-]{part.1}{\376\377\000I\000\040\000N\000u\000m\000b\000e\000r\000\040\000T\000h\000e\000o\000r\000y}{}% 2
\BOOKMARK [0][-]{chapter.2}{\376\377\000n\000u\000l\000l}{part.1}% 3
\BOOKMARK [1][-]{section.2.1}{\376\377\000T\000y\000p\000e\000s}{chapter.2}% 4
\BOOKMARK [0][-]{chapter.3}{\376\377\000P\000r\000i\000m\000e\000\040\000N\000u\000m\000b\000e\000r\000s}{part.1}% 5
\BOOKMARK [1][-]{section.3.1}{\376\377\000T\000o\000\040\000f\000i\000n\000d\000\040\000a\000\040\000p\000r\000i\000m\000e\000\040\000n\000u\000m\000b\000e\000r}{chapter.3}% 6
\BOOKMARK [2][-]{subsection.3.1.1}{\376\377\000S\000o\000m\000e\000\040\000t\000i\000p\000s}{section.3.1}% 7
\BOOKMARK [0][-]{chapter.4}{\376\377\000A\000d\000d\000i\000t\000i\000o\000n}{part.1}% 8
\BOOKMARK [1][-]{section.4.1}{\376\377\000L\000C\000D}{chapter.4}% 9
\BOOKMARK [-1][-]{part.2}{\376\377\000I\000I\000\040\000G\000e\000o\000m\000e\000t\000r\000y}{}% 10
\BOOKMARK [0][-]{chapter.5}{\376\377\000G\000r\000a\000p\000h\000s}{part.2}% 11
\BOOKMARK [0][-]{chapter.6}{\376\377\000A\000n\000g\000l\000e\000s}{part.2}% 12
\BOOKMARK [1][-]{section.6.1}{\376\377\000T\000y\000p\000e\000s}{chapter.6}% 13
\BOOKMARK [0][-]{chapter.7}{\376\377\000A\000r\000e\000a}{part.2}% 14
\BOOKMARK [1][-]{section.7.1}{\376\377\0003\000D}{chapter.7}% 15
\BOOKMARK [0][-]{chapter.8}{\376\377\000S\000t\000r\000a\000i\000g\000h\000t\000\040\000L\000i\000n\000e\000s}{part.2}% 16
\BOOKMARK [0][-]{chapter.9}{\376\377\000C\000o\000n\000i\000c\000\040\000S\000e\000c\000t\000i\000o\000n\000s}{part.2}% 17
\BOOKMARK [1][-]{section.9.1}{\376\377\000C\000i\000r\000c\000l\000e\000s}{chapter.9}% 18
\BOOKMARK [1][-]{section.9.2}{\376\377\000P\000a\000r\000a\000b\000o\000l\000a}{chapter.9}% 19
\BOOKMARK [2][-]{subsection.9.2.1}{\376\377\000F\000o\000r\000\040\000v\000e\000r\000t\000i\000c\000a\000l\000\040\000s\000y\000m\000m\000e\000t\000r\000y}{section.9.2}% 20
\BOOKMARK [2][-]{subsection.9.2.2}{\376\377\000F\000o\000r\000\040\000H\000o\000r\000i\000z\000o\000n\000t\000a\000l\000\040\000S\000y\000m\000m\000e\000t\000r\000y}{section.9.2}% 21
\BOOKMARK [2][-]{subsection.9.2.3}{\376\377\000V\000e\000r\000t\000e\000x\000\040\000F\000o\000r\000m\000u\000l\000a}{section.9.2}% 22
\BOOKMARK [1][-]{section.9.3}{\376\377\000E\000l\000l\000i\000p\000s\000e}{chapter.9}% 23
\BOOKMARK [1][-]{section.9.4}{\376\377\000H\000y\000p\000e\000r\000b\000o\000l\000a}{chapter.9}% 24
\BOOKMARK [1][-]{section.9.5}{\376\377\000G\000e\000n\000e\000r\000a\000l\000\040\000F\000o\000r\000m\000\040\000o\000f\000\040\000C\000o\000n\000i\000c\000\040\000S\000e\000c\000t\000i\000o\000n\000s}{chapter.9}% 25
\BOOKMARK [-1][-]{part.3}{\376\377\000I\000I\000I\000\040\000A\000l\000g\000e\000b\000r\000a}{}% 26
\BOOKMARK [0][-]{chapter.10}{\376\377\000M\000a\000t\000h\000e\000m\000a\000t\000i\000c\000a\000l\000\040\000I\000n\000d\000u\000c\000t\000i\000o\000n}{part.3}% 27
\BOOKMARK [0][-]{chapter.11}{\376\377\000S\000e\000t\000s}{part.3}% 28
\BOOKMARK [1][-]{section.11.1}{\376\377\000S\000o\000m\000e\000\040\000d\000e\000f\000i\000n\000i\000t\000i\000o\000n\000s}{chapter.11}% 29
\BOOKMARK [1][-]{section.11.2}{\376\377\000D\000\040\000\046\000\040\000R}{chapter.11}% 30
\BOOKMARK [0][-]{chapter.12}{\376\377\000R\000e\000l\000a\000t\000i\000o\000n\000s}{part.3}% 31
\BOOKMARK [0][-]{chapter.13}{\376\377\000F\000u\000n\000c\000t\000i\000o\000n\000s}{part.3}% 32
\BOOKMARK [1][-]{section.13.1}{\376\377\000T\000y\000p\000e\000s\000:}{chapter.13}% 33
\BOOKMARK [2][-]{subsection.13.1.1}{\376\377\000P\000r\000o\000v\000i\000n\000g\000\040\000i\000f\000\040\000a\000\040\000f\000u\000n\000c\000t\000i\000o\000n\000\040\000i\000s\000\040\000a\000\040\000s\000p\000e\000c\000i\000f\000i\000c\000\040\000t\000y\000p\000e}{section.13.1}% 34
\BOOKMARK [1][-]{section.13.2}{\376\377\000S\000o\000l\000v\000i\000n\000g}{chapter.13}% 35
\BOOKMARK [1][-]{section.13.3}{\376\377\000D\000i\000f\000f\000e\000r\000e\000n\000t\000\040\000f\000u\000n\000c\000t\000i\000o\000n\000s}{chapter.13}% 36
\BOOKMARK [2][-]{subsection.13.3.1}{\376\377\000D\000\040\000\046\000\040\000R}{section.13.3}% 37
\BOOKMARK [2][-]{subsection.13.3.2}{\376\377\000F\000i\000n\000d\000i\000n\000g\000\040\000D\000o\000m\000a\000i\000n}{section.13.3}% 38
\BOOKMARK [2][-]{subsection.13.3.3}{\376\377\000F\000i\000n\000d\000i\000n\000g\000\040\000R\000a\000n\000g\000e}{section.13.3}% 39
\BOOKMARK [1][-]{section.13.4}{\376\377\000O\000t\000h\000e\000r\000\040\000T\000y\000p\000e\000s\000\040\000o\000f\000\040\000F\000u\000n\000c\000t\000i\000o\000n\000s}{chapter.13}% 40
\BOOKMARK [2][-]{subsection.13.4.1}{\376\377\000E\000x\000p\000o\000n\000e\000n\000t\000i\000a\000l\000\040\000F\000u\000n\000c\000t\000i\000o\000n\000s}{section.13.4}% 41
\BOOKMARK [2][-]{subsection.13.4.2}{\376\377\000L\000o\000g\000a\000r\000i\000t\000h\000m\000i\000c\000\040\000F\000u\000n\000c\000t\000i\000o\000n\000s}{section.13.4}% 42
\BOOKMARK [1][-]{section.13.5}{\376\377\000S\000p\000e\000c\000i\000f\000i\000c\000\040\000f\000u\000n\000c\000t\000i\000o\000n\000s}{chapter.13}% 43
\BOOKMARK [1][-]{section.13.6}{\376\377\000S\000y\000m\000m\000e\000t\000r\000y\000\040\000o\000f\000\040\000F\000u\000n\000c\000t\000i\000o\000n\000s}{chapter.13}% 44
\BOOKMARK [1][-]{section.13.7}{\376\377\000I\000n\000v\000e\000r\000s\000e\000\040\000F\000u\000n\000c\000t\000i\000o\000n\000s}{chapter.13}% 45
\BOOKMARK [1][-]{section.13.8}{\376\377\000E\000n\000d\000\040\000b\000e\000h\000a\000v\000i\000o\000u\000r}{chapter.13}% 46
\BOOKMARK [1][-]{section.13.9}{\376\377\000Z\000e\000r\000o\000e\000s\000\040\000\046\000\040\000M\000u\000l\000t\000i\000p\000l\000i\000c\000i\000t\000y}{chapter.13}% 47
\BOOKMARK [1][-]{section.13.10}{\376\377\000G\000r\000a\000p\000h\000i\000n\000g}{chapter.13}% 48
\BOOKMARK [2][-]{subsection.13.10.1}{\376\377\000T\000r\000a\000n\000s\000f\000o\000r\000m\000a\000t\000i\000o\000n\000s}{section.13.10}% 49
\BOOKMARK [1][-]{section.13.11}{\376\377\000S\000y\000s\000t\000e\000m\000\040\000o\000f\000\040\000e\000q\000u\000a\000t\000i\000o\000n\000s}{chapter.13}% 50
\BOOKMARK [2][-]{subsection.13.11.1}{\376\377\000S\000o\000l\000v\000i\000n\000g\000\040\000b\000y\000\040\000t\000h\000e\000\040\000G\000r\000a\000p\000h\000i\000c\000a\000l\000\040\000M\000e\000t\000h\000o\000d}{section.13.11}% 51
\BOOKMARK [2][-]{subsection.13.11.2}{\376\377\000S\000o\000l\000v\000i\000n\000g\000\040\000b\000y\000\040\000t\000h\000e\000\040\000T\000h\000e\000\040\000S\000u\000b\000s\000t\000i\000t\000u\000t\000i\000o\000n\000\040\000M\000e\000t\000h\000o\000d}{section.13.11}% 52
\BOOKMARK [2][-]{subsection.13.11.3}{\376\377\000S\000o\000l\000v\000i\000n\000g\000\040\000b\000y\000\040\000t\000h\000e\000\040\000A\000d\000d\000i\000t\000i\000o\000n\000\040\000M\000e\000t\000h\000o\000d}{section.13.11}% 53
\BOOKMARK [0][-]{chapter.14}{\376\377\000E\000q\000u\000a\000t\000i\000o\000n\000s}{part.3}% 54
\BOOKMARK [0][-]{chapter.15}{\376\377\000T\000r\000i\000g\000o\000n\000o\000m\000e\000t\000r\000y}{part.3}% 55
\BOOKMARK [1][-]{section.15.1}{\376\377\000S\000u\000m\000\040\000a\000n\000d\000\040\000D\000i\000f\000f\000e\000r\000e\000n\000c\000e\000\040\000F\000o\000r\000m\000u\000l\000a\000s}{chapter.15}% 56
\BOOKMARK [1][-]{section.15.2}{\376\377\000A\000n\000g\000l\000e\000s\000,\000\040\000T\000r\000i\000g\000.\000\040\000\046\000\040\000Q\000u\000a\000d\000r\000a\000n\000t\000s}{chapter.15}% 57
\BOOKMARK [1][-]{section.15.3}{\376\377\000D\000o\000m\000a\000i\000n\000\040\000\046\000\040\000R\000a\000n\000g\000e}{chapter.15}% 58
\BOOKMARK [1][-]{section.15.4}{\376\377\000G\000r\000a\000p\000h\000i\000n\000g}{chapter.15}% 59
\BOOKMARK [1][-]{section.15.5}{\376\377\000S\000p\000e\000c\000i\000f\000i\000c\000\040\000P\000r\000o\000b\000l\000e\000m\000s}{chapter.15}% 60
\BOOKMARK [2][-]{subsection.15.5.1}{\376\377\000S\000i\000m\000p\000l\000i\000f\000y\000\040\000T\000r\000i\000g\000o\000n\000o\000m\000e\000t\000r\000i\000c\000\040\000E\000x\000p\000r\000e\000s\000s\000i\000o\000n\000s}{section.15.5}% 61
\BOOKMARK [2][-]{subsection.15.5.2}{\376\377\000V\000e\000r\000i\000f\000y\000\040\000T\000r\000i\000g\000o\000n\000o\000m\000e\000t\000r\000i\000c\000\040\000i\000d\000e\000n\000t\000i\000t\000i\000e\000s}{section.15.5}% 62
\BOOKMARK [2][-]{subsection.15.5.3}{\376\377\000W\000r\000i\000t\000e\000\040\000a\000n\000\040\000a\000l\000g\000e\000b\000r\000i\000c\000\040\000e\000x\000p\000r\000e\000s\000s\000i\000o\000n\000\040\000a\000s\000\040\000a\000\040\000t\000r\000i\000g\000o\000n\000o\000m\000e\000t\000r\000i\000c\000\040\000e\000x\000p\000r\000e\000s\000s\000i\000o\000n}{section.15.5}% 63
\BOOKMARK [1][-]{section.15.6}{\376\377\000G\000e\000n\000e\000r\000e\000a\000l\000\040\000s\000t\000r\000u\000c\000t\000u\000r\000e}{chapter.15}% 64
\BOOKMARK [0][-]{chapter.16}{\376\377\000I\000n\000e\000q\000u\000a\000l\000i\000t\000i\000e\000s}{part.3}% 65
\BOOKMARK [1][-]{section.16.1}{\376\377\000S\000o\000l\000v\000i\000n\000g\000\040\000L\000i\000n\000e\000a\000r\000\040\000I\000n\000e\000q\000u\000a\000l\000i\000t\000i\000e\000s}{chapter.16}% 66
\BOOKMARK [0][-]{chapter.17}{\376\377\000S\000t\000r\000a\000i\000g\000h\000t\000\040\000L\000i\000n\000e\000s}{part.3}% 67
\BOOKMARK [0][-]{chapter.18}{\376\377\000L\000i\000m\000i\000t\000s}{part.3}% 68
\BOOKMARK [0][-]{chapter.19}{\376\377\000D\000e\000r\000i\000v\000a\000t\000i\000v\000e\000s}{part.3}% 69
\BOOKMARK [0][-]{chapter.20}{\376\377\000S\000t\000a\000t\000i\000s\000t\000i\000c\000s}{part.3}% 70
\BOOKMARK [0][-]{chapter.21}{\376\377\000M\000a\000t\000r\000i\000c\000e\000s}{part.3}% 71
\BOOKMARK [1][-]{section.21.1}{\376\377\000T\000y\000p\000e\000s\000\040\000o\000f\000\040\000M\000a\000t\000r\000i\000c\000e\000s}{chapter.21}% 72
\BOOKMARK [1][-]{section.21.2}{\376\377\000P\000r\000o\000p\000e\000r\000t\000i\000e\000s\000\040\000o\000f\000\040\000M\000a\000t\000r\000i\000c\000e\000s}{chapter.21}% 73
\BOOKMARK [1][-]{section.21.3}{\376\377\000O\000p\000e\000r\000a\000t\000i\000o\000n\000s\000\040\000w\000i\000t\000h\000\040\000M\000a\000t\000r\000i\000c\000e\000s}{chapter.21}% 74
\BOOKMARK [2][-]{subsection.21.3.1}{\376\377\000G\000a\000u\000s\000s\000i\000a\000n\000\040\000E\000l\000i\000m\000i\000n\000a\000t\000i\000o\000n\000\040\000\046\000\040\000R\000o\000w\000\040\000e\000c\000h\000o\000l\000o\000n\000\040\000f\000o\000r\000m}{section.21.3}% 75
\BOOKMARK [2][-]{subsection.21.3.2}{\376\377\000G\000a\000u\000s\000s\000i\000a\000n\000\040\000E\000l\000i\000m\000i\000n\000a\000t\000i\000o\000n\000\040\000\046\000\040\000R\000o\000w\000\040\000E\000c\000h\000e\000l\000o\000n\000\040\000F\000o\000r\000m}{section.21.3}% 76
\BOOKMARK [-1][-]{part.4}{\376\377\000I\000V\000\040\000C\000a\000l\000c\000u\000l\000u\000s}{}% 77
\BOOKMARK [0][-]{chapter.22}{\376\377\000C\000o\000n\000t\000i\000n\000u\000i\000t\000y}{part.4}% 78
\BOOKMARK [-1][-]{part.5}{\376\377\000V\000\040\000C\000o\000m\000b\000i\000n\000a\000t\000o\000r\000i\000c\000s}{}% 79
\BOOKMARK [0][-]{chapter.23}{\376\377\000P\000e\000r\000m\000u\000t\000a\000t\000i\000o\000n\000s}{part.5}% 80
\BOOKMARK [0][-]{chapter.24}{\376\377\000C\000o\000m\000b\000i\000n\000a\000t\000i\000o\000n\000s}{part.5}% 81
\BOOKMARK [-1][-]{part.6}{\376\377\000V\000I\000\040\000P\000r\000o\000b\000a\000b\000i\000l\000i\000t\000y}{}% 82
\BOOKMARK [0][-]{chapter.25}{\376\377\000D\000e\000f\000i\000n\000i\000t\000i\000o\000n\000s}{part.6}% 83
\BOOKMARK [0][-]{chapter.26}{\376\377\000S\000o\000m\000e\000\040\000o\000p\000e\000r\000a\000t\000i\000o\000n\000s}{part.6}% 84
